
AVRASM ver. 2.1.30  D:\Lecture\Micro-lab\Hw7_matin_fazel_9825583\CodeVison\part_3\Debug\List\part_3.asm Sun May 15 20:08:49 2022

D:\Lecture\Micro-lab\Hw7_matin_fazel_9825583\CodeVison\part_3\Debug\List\part_3.asm(1088): warning: Register r5 already defined by the .DEF directive
D:\Lecture\Micro-lab\Hw7_matin_fazel_9825583\CodeVison\part_3\Debug\List\part_3.asm(1089): warning: Register r6 already defined by the .DEF directive
D:\Lecture\Micro-lab\Hw7_matin_fazel_9825583\CodeVison\part_3\Debug\List\part_3.asm(1090): warning: Register r7 already defined by the .DEF directive
D:\Lecture\Micro-lab\Hw7_matin_fazel_9825583\CodeVison\part_3\Debug\List\part_3.asm(1091): warning: Register r8 already defined by the .DEF directive
D:\Lecture\Micro-lab\Hw7_matin_fazel_9825583\CodeVison\part_3\Debug\List\part_3.asm(1092): warning: Register r9 already defined by the .DEF directive
D:\Lecture\Micro-lab\Hw7_matin_fazel_9825583\CodeVison\part_3\Debug\List\part_3.asm(1093): warning: Register r10 already defined by the .DEF directive
D:\Lecture\Micro-lab\Hw7_matin_fazel_9825583\CodeVison\part_3\Debug\List\part_3.asm(1094): warning: Register r11 already defined by the .DEF directive
D:\Lecture\Micro-lab\Hw7_matin_fazel_9825583\CodeVison\part_3\Debug\List\part_3.asm(1095): warning: Register r4 already defined by the .DEF directive
D:\Lecture\Micro-lab\Hw7_matin_fazel_9825583\CodeVison\part_3\Debug\List\part_3.asm(1096): warning: Register r13 already defined by the .DEF directive
D:\Lecture\Micro-lab\Hw7_matin_fazel_9825583\CodeVison\part_3\Debug\List\part_3.asm(1097): warning: Register r12 already defined by the .DEF directive
                 
                 
                 ;CodeVisionAVR C Compiler V3.12 Advanced
                 ;(C) Copyright 1998-2014 Pavel Haiduc, HP InfoTech s.r.l.
                 ;http://www.hpinfotech.com
                 
                 ;Build configuration    : Debug
                 ;Chip type              : ATmega16
                 ;Program type           : Application
                 ;Clock frequency        : 8/000000 MHz
                 ;Memory model           : Small
                 ;Optimize for           : Size
                 ;(s)printf features     : int, width
                 ;(s)scanf features      : int, width
                 ;External RAM size      : 0
                 ;Data Stack size        : 256 byte(s)
                 ;Heap size              : 0 byte(s)
                 ;Promote 'char' to 'int': Yes
                 ;'char' is unsigned     : Yes
                 ;8 bit enums            : Yes
                 ;Global 'const' stored in FLASH: Yes
                 ;Enhanced function parameter passing: Yes
                 ;Enhanced core instructions: On
                 ;Automatic register allocation for global variables: On
                 ;Smart register allocation: On
                 
                 	#define _MODEL_SMALL_
                 
                 	#pragma AVRPART ADMIN PART_NAME ATmega16
                 	#pragma AVRPART MEMORY PROG_FLASH 16384
                 	#pragma AVRPART MEMORY EEPROM 512
                 	#pragma AVRPART MEMORY INT_SRAM SIZE 1024
                 	#pragma AVRPART MEMORY INT_SRAM START_ADDR 0x60
                 
                 	#define CALL_SUPPORTED 1
                 
                 	.LISTMAC
                 	.EQU UDRE=0x5
                 	.EQU RXC=0x7
                 	.EQU USR=0xB
                 	.EQU UDR=0xC
                 	.EQU SPSR=0xE
                 	.EQU SPDR=0xF
                 	.EQU EERE=0x0
                 	.EQU EEWE=0x1
                 	.EQU EEMWE=0x2
                 	.EQU EECR=0x1C
                 	.EQU EEDR=0x1D
                 	.EQU EEARL=0x1E
                 	.EQU EEARH=0x1F
                 	.EQU WDTCR=0x21
                 	.EQU MCUCR=0x35
                 	.EQU GICR=0x3B
                 	.EQU SPL=0x3D
                 	.EQU SPH=0x3E
                 	.EQU SREG=0x3F
                 
                 	.DEF R0X0=R0
                 	.DEF R0X1=R1
                 	.DEF R0X2=R2
                 	.DEF R0X3=R3
                 	.DEF R0X4=R4
                 	.DEF R0X5=R5
                 	.DEF R0X6=R6
                 	.DEF R0X7=R7
                 	.DEF R0X8=R8
                 	.DEF R0X9=R9
                 	.DEF R0XA=R10
                 	.DEF R0XB=R11
                 	.DEF R0XC=R12
                 	.DEF R0XD=R13
                 	.DEF R0XE=R14
                 	.DEF R0XF=R15
                 	.DEF R0X10=R16
                 	.DEF R0X11=R17
                 	.DEF R0X12=R18
                 	.DEF R0X13=R19
                 	.DEF R0X14=R20
                 	.DEF R0X15=R21
                 	.DEF R0X16=R22
                 	.DEF R0X17=R23
                 	.DEF R0X18=R24
                 	.DEF R0X19=R25
                 	.DEF R0X1A=R26
                 	.DEF R0X1B=R27
                 	.DEF R0X1C=R28
                 	.DEF R0X1D=R29
                 	.DEF R0X1E=R30
                 	.DEF R0X1F=R31
                 
                 	.EQU __SRAM_START=0x0060
                 	.EQU __SRAM_END=0x045F
                 	.EQU __DSTACK_SIZE=0x0100
                 	.EQU __HEAP_SIZE=0x0000
                 	.EQU __CLEAR_SRAM_SIZE=__SRAM_END-__SRAM_START+1
                 
                 	.MACRO __CPD1N
                 	CPI  R30,LOW(@0)
                 	LDI  R26,HIGH(@0)
                 	CPC  R31,R26
                 	LDI  R26,BYTE3(@0)
                 	CPC  R22,R26
                 	LDI  R26,BYTE4(@0)
                 	CPC  R23,R26
                 	.ENDM
                 
                 	.MACRO __CPD2N
                 	CPI  R26,LOW(@0)
                 	LDI  R30,HIGH(@0)
                 	CPC  R27,R30
                 	LDI  R30,BYTE3(@0)
                 	CPC  R24,R30
                 	LDI  R30,BYTE4(@0)
                 	CPC  R25,R30
                 	.ENDM
                 
                 	.MACRO __CPWRR
                 	CP   R@0,R@2
                 	CPC  R@1,R@3
                 	.ENDM
                 
                 	.MACRO __CPWRN
                 	CPI  R@0,LOW(@2)
                 	LDI  R30,HIGH(@2)
                 	CPC  R@1,R30
                 	.ENDM
                 
                 	.MACRO __ADDB1MN
                 	SUBI R30,LOW(-@0-(@1))
                 	.ENDM
                 
                 	.MACRO __ADDB2MN
                 	SUBI R26,LOW(-@0-(@1))
                 	.ENDM
                 
                 	.MACRO __ADDW1MN
                 	SUBI R30,LOW(-@0-(@1))
                 	SBCI R31,HIGH(-@0-(@1))
                 	.ENDM
                 
                 	.MACRO __ADDW2MN
                 	SUBI R26,LOW(-@0-(@1))
                 	SBCI R27,HIGH(-@0-(@1))
                 	.ENDM
                 
                 	.MACRO __ADDW1FN
                 	SUBI R30,LOW(-2*@0-(@1))
                 	SBCI R31,HIGH(-2*@0-(@1))
                 	.ENDM
                 
                 	.MACRO __ADDD1FN
                 	SUBI R30,LOW(-2*@0-(@1))
                 	SBCI R31,HIGH(-2*@0-(@1))
                 	SBCI R22,BYTE3(-2*@0-(@1))
                 	.ENDM
                 
                 	.MACRO __ADDD1N
                 	SUBI R30,LOW(-@0)
                 	SBCI R31,HIGH(-@0)
                 	SBCI R22,BYTE3(-@0)
                 	SBCI R23,BYTE4(-@0)
                 	.ENDM
                 
                 	.MACRO __ADDD2N
                 	SUBI R26,LOW(-@0)
                 	SBCI R27,HIGH(-@0)
                 	SBCI R24,BYTE3(-@0)
                 	SBCI R25,BYTE4(-@0)
                 	.ENDM
                 
                 	.MACRO __SUBD1N
                 	SUBI R30,LOW(@0)
                 	SBCI R31,HIGH(@0)
                 	SBCI R22,BYTE3(@0)
                 	SBCI R23,BYTE4(@0)
                 	.ENDM
                 
                 	.MACRO __SUBD2N
                 	SUBI R26,LOW(@0)
                 	SBCI R27,HIGH(@0)
                 	SBCI R24,BYTE3(@0)
                 	SBCI R25,BYTE4(@0)
                 	.ENDM
                 
                 	.MACRO __ANDBMNN
                 	LDS  R30,@0+(@1)
                 	ANDI R30,LOW(@2)
                 	STS  @0+(@1),R30
                 	.ENDM
                 
                 	.MACRO __ANDWMNN
                 	LDS  R30,@0+(@1)
                 	ANDI R30,LOW(@2)
                 	STS  @0+(@1),R30
                 	LDS  R30,@0+(@1)+1
                 	ANDI R30,HIGH(@2)
                 	STS  @0+(@1)+1,R30
                 	.ENDM
                 
                 	.MACRO __ANDD1N
                 	ANDI R30,LOW(@0)
                 	ANDI R31,HIGH(@0)
                 	ANDI R22,BYTE3(@0)
                 	ANDI R23,BYTE4(@0)
                 	.ENDM
                 
                 	.MACRO __ANDD2N
                 	ANDI R26,LOW(@0)
                 	ANDI R27,HIGH(@0)
                 	ANDI R24,BYTE3(@0)
                 	ANDI R25,BYTE4(@0)
                 	.ENDM
                 
                 	.MACRO __ORBMNN
                 	LDS  R30,@0+(@1)
                 	ORI  R30,LOW(@2)
                 	STS  @0+(@1),R30
                 	.ENDM
                 
                 	.MACRO __ORWMNN
                 	LDS  R30,@0+(@1)
                 	ORI  R30,LOW(@2)
                 	STS  @0+(@1),R30
                 	LDS  R30,@0+(@1)+1
                 	ORI  R30,HIGH(@2)
                 	STS  @0+(@1)+1,R30
                 	.ENDM
                 
                 	.MACRO __ORD1N
                 	ORI  R30,LOW(@0)
                 	ORI  R31,HIGH(@0)
                 	ORI  R22,BYTE3(@0)
                 	ORI  R23,BYTE4(@0)
                 	.ENDM
                 
                 	.MACRO __ORD2N
                 	ORI  R26,LOW(@0)
                 	ORI  R27,HIGH(@0)
                 	ORI  R24,BYTE3(@0)
                 	ORI  R25,BYTE4(@0)
                 	.ENDM
                 
                 	.MACRO __DELAY_USB
                 	LDI  R24,LOW(@0)
                 __DELAY_USB_LOOP:
                 	DEC  R24
                 	BRNE __DELAY_USB_LOOP
                 	.ENDM
                 
                 	.MACRO __DELAY_USW
                 	LDI  R24,LOW(@0)
                 	LDI  R25,HIGH(@0)
                 __DELAY_USW_LOOP:
                 	SBIW R24,1
                 	BRNE __DELAY_USW_LOOP
                 	.ENDM
                 
                 	.MACRO __GETD1S
                 	LDD  R30,Y+@0
                 	LDD  R31,Y+@0+1
                 	LDD  R22,Y+@0+2
                 	LDD  R23,Y+@0+3
                 	.ENDM
                 
                 	.MACRO __GETD2S
                 	LDD  R26,Y+@0
                 	LDD  R27,Y+@0+1
                 	LDD  R24,Y+@0+2
                 	LDD  R25,Y+@0+3
                 	.ENDM
                 
                 	.MACRO __PUTD1S
                 	STD  Y+@0,R30
                 	STD  Y+@0+1,R31
                 	STD  Y+@0+2,R22
                 	STD  Y+@0+3,R23
                 	.ENDM
                 
                 	.MACRO __PUTD2S
                 	STD  Y+@0,R26
                 	STD  Y+@0+1,R27
                 	STD  Y+@0+2,R24
                 	STD  Y+@0+3,R25
                 	.ENDM
                 
                 	.MACRO __PUTDZ2
                 	STD  Z+@0,R26
                 	STD  Z+@0+1,R27
                 	STD  Z+@0+2,R24
                 	STD  Z+@0+3,R25
                 	.ENDM
                 
                 	.MACRO __CLRD1S
                 	STD  Y+@0,R30
                 	STD  Y+@0+1,R30
                 	STD  Y+@0+2,R30
                 	STD  Y+@0+3,R30
                 	.ENDM
                 
                 	.MACRO __POINTB1MN
                 	LDI  R30,LOW(@0+(@1))
                 	.ENDM
                 
                 	.MACRO __POINTW1MN
                 	LDI  R30,LOW(@0+(@1))
                 	LDI  R31,HIGH(@0+(@1))
                 	.ENDM
                 
                 	.MACRO __POINTD1M
                 	LDI  R30,LOW(@0)
                 	LDI  R31,HIGH(@0)
                 	LDI  R22,BYTE3(@0)
                 	LDI  R23,BYTE4(@0)
                 	.ENDM
                 
                 	.MACRO __POINTW1FN
                 	LDI  R30,LOW(2*@0+(@1))
                 	LDI  R31,HIGH(2*@0+(@1))
                 	.ENDM
                 
                 	.MACRO __POINTD1FN
                 	LDI  R30,LOW(2*@0+(@1))
                 	LDI  R31,HIGH(2*@0+(@1))
                 	LDI  R22,BYTE3(2*@0+(@1))
                 	LDI  R23,BYTE4(2*@0+(@1))
                 	.ENDM
                 
                 	.MACRO __POINTB2MN
                 	LDI  R26,LOW(@0+(@1))
                 	.ENDM
                 
                 	.MACRO __POINTW2MN
                 	LDI  R26,LOW(@0+(@1))
                 	LDI  R27,HIGH(@0+(@1))
                 	.ENDM
                 
                 	.MACRO __POINTW2FN
                 	LDI  R26,LOW(2*@0+(@1))
                 	LDI  R27,HIGH(2*@0+(@1))
                 	.ENDM
                 
                 	.MACRO __POINTD2FN
                 	LDI  R26,LOW(2*@0+(@1))
                 	LDI  R27,HIGH(2*@0+(@1))
                 	LDI  R24,BYTE3(2*@0+(@1))
                 	LDI  R25,BYTE4(2*@0+(@1))
                 	.ENDM
                 
                 	.MACRO __POINTBRM
                 	LDI  R@0,LOW(@1)
                 	.ENDM
                 
                 	.MACRO __POINTWRM
                 	LDI  R@0,LOW(@2)
                 	LDI  R@1,HIGH(@2)
                 	.ENDM
                 
                 	.MACRO __POINTBRMN
                 	LDI  R@0,LOW(@1+(@2))
                 	.ENDM
                 
                 	.MACRO __POINTWRMN
                 	LDI  R@0,LOW(@2+(@3))
                 	LDI  R@1,HIGH(@2+(@3))
                 	.ENDM
                 
                 	.MACRO __POINTWRFN
                 	LDI  R@0,LOW(@2*2+(@3))
                 	LDI  R@1,HIGH(@2*2+(@3))
                 	.ENDM
                 
                 	.MACRO __GETD1N
                 	LDI  R30,LOW(@0)
                 	LDI  R31,HIGH(@0)
                 	LDI  R22,BYTE3(@0)
                 	LDI  R23,BYTE4(@0)
                 	.ENDM
                 
                 	.MACRO __GETD2N
                 	LDI  R26,LOW(@0)
                 	LDI  R27,HIGH(@0)
                 	LDI  R24,BYTE3(@0)
                 	LDI  R25,BYTE4(@0)
                 	.ENDM
                 
                 	.MACRO __GETB1MN
                 	LDS  R30,@0+(@1)
                 	.ENDM
                 
                 	.MACRO __GETB1HMN
                 	LDS  R31,@0+(@1)
                 	.ENDM
                 
                 	.MACRO __GETW1MN
                 	LDS  R30,@0+(@1)
                 	LDS  R31,@0+(@1)+1
                 	.ENDM
                 
                 	.MACRO __GETD1MN
                 	LDS  R30,@0+(@1)
                 	LDS  R31,@0+(@1)+1
                 	LDS  R22,@0+(@1)+2
                 	LDS  R23,@0+(@1)+3
                 	.ENDM
                 
                 	.MACRO __GETBRMN
                 	LDS  R@0,@1+(@2)
                 	.ENDM
                 
                 	.MACRO __GETWRMN
                 	LDS  R@0,@2+(@3)
                 	LDS  R@1,@2+(@3)+1
                 	.ENDM
                 
                 	.MACRO __GETWRZ
                 	LDD  R@0,Z+@2
                 	LDD  R@1,Z+@2+1
                 	.ENDM
                 
                 	.MACRO __GETD2Z
                 	LDD  R26,Z+@0
                 	LDD  R27,Z+@0+1
                 	LDD  R24,Z+@0+2
                 	LDD  R25,Z+@0+3
                 	.ENDM
                 
                 	.MACRO __GETB2MN
                 	LDS  R26,@0+(@1)
                 	.ENDM
                 
                 	.MACRO __GETW2MN
                 	LDS  R26,@0+(@1)
                 	LDS  R27,@0+(@1)+1
                 	.ENDM
                 
                 	.MACRO __GETD2MN
                 	LDS  R26,@0+(@1)
                 	LDS  R27,@0+(@1)+1
                 	LDS  R24,@0+(@1)+2
                 	LDS  R25,@0+(@1)+3
                 	.ENDM
                 
                 	.MACRO __PUTB1MN
                 	STS  @0+(@1),R30
                 	.ENDM
                 
                 	.MACRO __PUTW1MN
                 	STS  @0+(@1),R30
                 	STS  @0+(@1)+1,R31
                 	.ENDM
                 
                 	.MACRO __PUTD1MN
                 	STS  @0+(@1),R30
                 	STS  @0+(@1)+1,R31
                 	STS  @0+(@1)+2,R22
                 	STS  @0+(@1)+3,R23
                 	.ENDM
                 
                 	.MACRO __PUTB1EN
                 	LDI  R26,LOW(@0+(@1))
                 	LDI  R27,HIGH(@0+(@1))
                 	CALL __EEPROMWRB
                 	.ENDM
                 
                 	.MACRO __PUTW1EN
                 	LDI  R26,LOW(@0+(@1))
                 	LDI  R27,HIGH(@0+(@1))
                 	CALL __EEPROMWRW
                 	.ENDM
                 
                 	.MACRO __PUTD1EN
                 	LDI  R26,LOW(@0+(@1))
                 	LDI  R27,HIGH(@0+(@1))
                 	CALL __EEPROMWRD
                 	.ENDM
                 
                 	.MACRO __PUTBR0MN
                 	STS  @0+(@1),R0
                 	.ENDM
                 
                 	.MACRO __PUTBMRN
                 	STS  @0+(@1),R@2
                 	.ENDM
                 
                 	.MACRO __PUTWMRN
                 	STS  @0+(@1),R@2
                 	STS  @0+(@1)+1,R@3
                 	.ENDM
                 
                 	.MACRO __PUTBZR
                 	STD  Z+@1,R@0
                 	.ENDM
                 
                 	.MACRO __PUTWZR
                 	STD  Z+@2,R@0
                 	STD  Z+@2+1,R@1
                 	.ENDM
                 
                 	.MACRO __GETW1R
                 	MOV  R30,R@0
                 	MOV  R31,R@1
                 	.ENDM
                 
                 	.MACRO __GETW2R
                 	MOV  R26,R@0
                 	MOV  R27,R@1
                 	.ENDM
                 
                 	.MACRO __GETWRN
                 	LDI  R@0,LOW(@2)
                 	LDI  R@1,HIGH(@2)
                 	.ENDM
                 
                 	.MACRO __PUTW1R
                 	MOV  R@0,R30
                 	MOV  R@1,R31
                 	.ENDM
                 
                 	.MACRO __PUTW2R
                 	MOV  R@0,R26
                 	MOV  R@1,R27
                 	.ENDM
                 
                 	.MACRO __ADDWRN
                 	SUBI R@0,LOW(-@2)
                 	SBCI R@1,HIGH(-@2)
                 	.ENDM
                 
                 	.MACRO __ADDWRR
                 	ADD  R@0,R@2
                 	ADC  R@1,R@3
                 	.ENDM
                 
                 	.MACRO __SUBWRN
                 	SUBI R@0,LOW(@2)
                 	SBCI R@1,HIGH(@2)
                 	.ENDM
                 
                 	.MACRO __SUBWRR
                 	SUB  R@0,R@2
                 	SBC  R@1,R@3
                 	.ENDM
                 
                 	.MACRO __ANDWRN
                 	ANDI R@0,LOW(@2)
                 	ANDI R@1,HIGH(@2)
                 	.ENDM
                 
                 	.MACRO __ANDWRR
                 	AND  R@0,R@2
                 	AND  R@1,R@3
                 	.ENDM
                 
                 	.MACRO __ORWRN
                 	ORI  R@0,LOW(@2)
                 	ORI  R@1,HIGH(@2)
                 	.ENDM
                 
                 	.MACRO __ORWRR
                 	OR   R@0,R@2
                 	OR   R@1,R@3
                 	.ENDM
                 
                 	.MACRO __EORWRR
                 	EOR  R@0,R@2
                 	EOR  R@1,R@3
                 	.ENDM
                 
                 	.MACRO __GETWRS
                 	LDD  R@0,Y+@2
                 	LDD  R@1,Y+@2+1
                 	.ENDM
                 
                 	.MACRO __PUTBSR
                 	STD  Y+@1,R@0
                 	.ENDM
                 
                 	.MACRO __PUTWSR
                 	STD  Y+@2,R@0
                 	STD  Y+@2+1,R@1
                 	.ENDM
                 
                 	.MACRO __MOVEWRR
                 	MOV  R@0,R@2
                 	MOV  R@1,R@3
                 	.ENDM
                 
                 	.MACRO __INWR
                 	IN   R@0,@2
                 	IN   R@1,@2+1
                 	.ENDM
                 
                 	.MACRO __OUTWR
                 	OUT  @2+1,R@1
                 	OUT  @2,R@0
                 	.ENDM
                 
                 	.MACRO __CALL1MN
                 	LDS  R30,@0+(@1)
                 	LDS  R31,@0+(@1)+1
                 	ICALL
                 	.ENDM
                 
                 	.MACRO __CALL1FN
                 	LDI  R30,LOW(2*@0+(@1))
                 	LDI  R31,HIGH(2*@0+(@1))
                 	CALL __GETW1PF
                 	ICALL
                 	.ENDM
                 
                 	.MACRO __CALL2EN
                 	PUSH R26
                 	PUSH R27
                 	LDI  R26,LOW(@0+(@1))
                 	LDI  R27,HIGH(@0+(@1))
                 	CALL __EEPROMRDW
                 	POP  R27
                 	POP  R26
                 	ICALL
                 	.ENDM
                 
                 	.MACRO __CALL2EX
                 	SUBI R26,LOW(-@0)
                 	SBCI R27,HIGH(-@0)
                 	CALL __EEPROMRDD
                 	ICALL
                 	.ENDM
                 
                 	.MACRO __GETW1STACK
                 	IN   R30,SPL
                 	IN   R31,SPH
                 	ADIW R30,@0+1
                 	LD   R0,Z+
                 	LD   R31,Z
                 	MOV  R30,R0
                 	.ENDM
                 
                 	.MACRO __GETD1STACK
                 	IN   R30,SPL
                 	IN   R31,SPH
                 	ADIW R30,@0+1
                 	LD   R0,Z+
                 	LD   R1,Z+
                 	LD   R22,Z
                 	MOVW R30,R0
                 	.ENDM
                 
                 	.MACRO __NBST
                 	BST  R@0,@1
                 	IN   R30,SREG
                 	LDI  R31,0x40
                 	EOR  R30,R31
                 	OUT  SREG,R30
                 	.ENDM
                 
                 
                 	.MACRO __PUTB1SN
                 	LDD  R26,Y+@0
                 	LDD  R27,Y+@0+1
                 	SUBI R26,LOW(-@1)
                 	SBCI R27,HIGH(-@1)
                 	ST   X,R30
                 	.ENDM
                 
                 	.MACRO __PUTW1SN
                 	LDD  R26,Y+@0
                 	LDD  R27,Y+@0+1
                 	SUBI R26,LOW(-@1)
                 	SBCI R27,HIGH(-@1)
                 	ST   X+,R30
                 	ST   X,R31
                 	.ENDM
                 
                 	.MACRO __PUTD1SN
                 	LDD  R26,Y+@0
                 	LDD  R27,Y+@0+1
                 	SUBI R26,LOW(-@1)
                 	SBCI R27,HIGH(-@1)
                 	CALL __PUTDP1
                 	.ENDM
                 
                 	.MACRO __PUTB1SNS
                 	LDD  R26,Y+@0
                 	LDD  R27,Y+@0+1
                 	ADIW R26,@1
                 	ST   X,R30
                 	.ENDM
                 
                 	.MACRO __PUTW1SNS
                 	LDD  R26,Y+@0
                 	LDD  R27,Y+@0+1
                 	ADIW R26,@1
                 	ST   X+,R30
                 	ST   X,R31
                 	.ENDM
                 
                 	.MACRO __PUTD1SNS
                 	LDD  R26,Y+@0
                 	LDD  R27,Y+@0+1
                 	ADIW R26,@1
                 	CALL __PUTDP1
                 	.ENDM
                 
                 	.MACRO __PUTB1PMN
                 	LDS  R26,@0
                 	LDS  R27,@0+1
                 	SUBI R26,LOW(-@1)
                 	SBCI R27,HIGH(-@1)
                 	ST   X,R30
                 	.ENDM
                 
                 	.MACRO __PUTW1PMN
                 	LDS  R26,@0
                 	LDS  R27,@0+1
                 	SUBI R26,LOW(-@1)
                 	SBCI R27,HIGH(-@1)
                 	ST   X+,R30
                 	ST   X,R31
                 	.ENDM
                 
                 	.MACRO __PUTD1PMN
                 	LDS  R26,@0
                 	LDS  R27,@0+1
                 	SUBI R26,LOW(-@1)
                 	SBCI R27,HIGH(-@1)
                 	CALL __PUTDP1
                 	.ENDM
                 
                 	.MACRO __PUTB1PMNS
                 	LDS  R26,@0
                 	LDS  R27,@0+1
                 	ADIW R26,@1
                 	ST   X,R30
                 	.ENDM
                 
                 	.MACRO __PUTW1PMNS
                 	LDS  R26,@0
                 	LDS  R27,@0+1
                 	ADIW R26,@1
                 	ST   X+,R30
                 	ST   X,R31
                 	.ENDM
                 
                 	.MACRO __PUTD1PMNS
                 	LDS  R26,@0
                 	LDS  R27,@0+1
                 	ADIW R26,@1
                 	CALL __PUTDP1
                 	.ENDM
                 
                 	.MACRO __PUTB1RN
                 	MOVW R26,R@0
                 	SUBI R26,LOW(-@1)
                 	SBCI R27,HIGH(-@1)
                 	ST   X,R30
                 	.ENDM
                 
                 	.MACRO __PUTW1RN
                 	MOVW R26,R@0
                 	SUBI R26,LOW(-@1)
                 	SBCI R27,HIGH(-@1)
                 	ST   X+,R30
                 	ST   X,R31
                 	.ENDM
                 
                 	.MACRO __PUTD1RN
                 	MOVW R26,R@0
                 	SUBI R26,LOW(-@1)
                 	SBCI R27,HIGH(-@1)
                 	CALL __PUTDP1
                 	.ENDM
                 
                 	.MACRO __PUTB1RNS
                 	MOVW R26,R@0
                 	ADIW R26,@1
                 	ST   X,R30
                 	.ENDM
                 
                 	.MACRO __PUTW1RNS
                 	MOVW R26,R@0
                 	ADIW R26,@1
                 	ST   X+,R30
                 	ST   X,R31
                 	.ENDM
                 
                 	.MACRO __PUTD1RNS
                 	MOVW R26,R@0
                 	ADIW R26,@1
                 	CALL __PUTDP1
                 	.ENDM
                 
                 	.MACRO __PUTB1RON
                 	MOV  R26,R@0
                 	MOV  R27,R@1
                 	SUBI R26,LOW(-@2)
                 	SBCI R27,HIGH(-@2)
                 	ST   X,R30
                 	.ENDM
                 
                 	.MACRO __PUTW1RON
                 	MOV  R26,R@0
                 	MOV  R27,R@1
                 	SUBI R26,LOW(-@2)
                 	SBCI R27,HIGH(-@2)
                 	ST   X+,R30
                 	ST   X,R31
                 	.ENDM
                 
                 	.MACRO __PUTD1RON
                 	MOV  R26,R@0
                 	MOV  R27,R@1
                 	SUBI R26,LOW(-@2)
                 	SBCI R27,HIGH(-@2)
                 	CALL __PUTDP1
                 	.ENDM
                 
                 	.MACRO __PUTB1RONS
                 	MOV  R26,R@0
                 	MOV  R27,R@1
                 	ADIW R26,@2
                 	ST   X,R30
                 	.ENDM
                 
                 	.MACRO __PUTW1RONS
                 	MOV  R26,R@0
                 	MOV  R27,R@1
                 	ADIW R26,@2
                 	ST   X+,R30
                 	ST   X,R31
                 	.ENDM
                 
                 	.MACRO __PUTD1RONS
                 	MOV  R26,R@0
                 	MOV  R27,R@1
                 	ADIW R26,@2
                 	CALL __PUTDP1
                 	.ENDM
                 
                 
                 	.MACRO __GETB1SX
                 	MOVW R30,R28
                 	SUBI R30,LOW(-@0)
                 	SBCI R31,HIGH(-@0)
                 	LD   R30,Z
                 	.ENDM
                 
                 	.MACRO __GETB1HSX
                 	MOVW R30,R28
                 	SUBI R30,LOW(-@0)
                 	SBCI R31,HIGH(-@0)
                 	LD   R31,Z
                 	.ENDM
                 
                 	.MACRO __GETW1SX
                 	MOVW R30,R28
                 	SUBI R30,LOW(-@0)
                 	SBCI R31,HIGH(-@0)
                 	LD   R0,Z+
                 	LD   R31,Z
                 	MOV  R30,R0
                 	.ENDM
                 
                 	.MACRO __GETD1SX
                 	MOVW R30,R28
                 	SUBI R30,LOW(-@0)
                 	SBCI R31,HIGH(-@0)
                 	LD   R0,Z+
                 	LD   R1,Z+
                 	LD   R22,Z+
                 	LD   R23,Z
                 	MOVW R30,R0
                 	.ENDM
                 
                 	.MACRO __GETB2SX
                 	MOVW R26,R28
                 	SUBI R26,LOW(-@0)
                 	SBCI R27,HIGH(-@0)
                 	LD   R26,X
                 	.ENDM
                 
                 	.MACRO __GETW2SX
                 	MOVW R26,R28
                 	SUBI R26,LOW(-@0)
                 	SBCI R27,HIGH(-@0)
                 	LD   R0,X+
                 	LD   R27,X
                 	MOV  R26,R0
                 	.ENDM
                 
                 	.MACRO __GETD2SX
                 	MOVW R26,R28
                 	SUBI R26,LOW(-@0)
                 	SBCI R27,HIGH(-@0)
                 	LD   R0,X+
                 	LD   R1,X+
                 	LD   R24,X+
                 	LD   R25,X
                 	MOVW R26,R0
                 	.ENDM
                 
                 	.MACRO __GETBRSX
                 	MOVW R30,R28
                 	SUBI R30,LOW(-@1)
                 	SBCI R31,HIGH(-@1)
                 	LD   R@0,Z
                 	.ENDM
                 
                 	.MACRO __GETWRSX
                 	MOVW R30,R28
                 	SUBI R30,LOW(-@2)
                 	SBCI R31,HIGH(-@2)
                 	LD   R@0,Z+
                 	LD   R@1,Z
                 	.ENDM
                 
                 	.MACRO __GETBRSX2
                 	MOVW R26,R28
                 	SUBI R26,LOW(-@1)
                 	SBCI R27,HIGH(-@1)
                 	LD   R@0,X
                 	.ENDM
                 
                 	.MACRO __GETWRSX2
                 	MOVW R26,R28
                 	SUBI R26,LOW(-@2)
                 	SBCI R27,HIGH(-@2)
                 	LD   R@0,X+
                 	LD   R@1,X
                 	.ENDM
                 
                 	.MACRO __LSLW8SX
                 	MOVW R30,R28
                 	SUBI R30,LOW(-@0)
                 	SBCI R31,HIGH(-@0)
                 	LD   R31,Z
                 	CLR  R30
                 	.ENDM
                 
                 	.MACRO __PUTB1SX
                 	MOVW R26,R28
                 	SUBI R26,LOW(-@0)
                 	SBCI R27,HIGH(-@0)
                 	ST   X,R30
                 	.ENDM
                 
                 	.MACRO __PUTW1SX
                 	MOVW R26,R28
                 	SUBI R26,LOW(-@0)
                 	SBCI R27,HIGH(-@0)
                 	ST   X+,R30
                 	ST   X,R31
                 	.ENDM
                 
                 	.MACRO __PUTD1SX
                 	MOVW R26,R28
                 	SUBI R26,LOW(-@0)
                 	SBCI R27,HIGH(-@0)
                 	ST   X+,R30
                 	ST   X+,R31
                 	ST   X+,R22
                 	ST   X,R23
                 	.ENDM
                 
                 	.MACRO __CLRW1SX
                 	MOVW R26,R28
                 	SUBI R26,LOW(-@0)
                 	SBCI R27,HIGH(-@0)
                 	ST   X+,R30
                 	ST   X,R30
                 	.ENDM
                 
                 	.MACRO __CLRD1SX
                 	MOVW R26,R28
                 	SUBI R26,LOW(-@0)
                 	SBCI R27,HIGH(-@0)
                 	ST   X+,R30
                 	ST   X+,R30
                 	ST   X+,R30
                 	ST   X,R30
                 	.ENDM
                 
                 	.MACRO __PUTB2SX
                 	MOVW R30,R28
                 	SUBI R30,LOW(-@0)
                 	SBCI R31,HIGH(-@0)
                 	ST   Z,R26
                 	.ENDM
                 
                 	.MACRO __PUTW2SX
                 	MOVW R30,R28
                 	SUBI R30,LOW(-@0)
                 	SBCI R31,HIGH(-@0)
                 	ST   Z+,R26
                 	ST   Z,R27
                 	.ENDM
                 
                 	.MACRO __PUTD2SX
                 	MOVW R30,R28
                 	SUBI R30,LOW(-@0)
                 	SBCI R31,HIGH(-@0)
                 	ST   Z+,R26
                 	ST   Z+,R27
                 	ST   Z+,R24
                 	ST   Z,R25
                 	.ENDM
                 
                 	.MACRO __PUTBSRX
                 	MOVW R30,R28
                 	SUBI R30,LOW(-@1)
                 	SBCI R31,HIGH(-@1)
                 	ST   Z,R@0
                 	.ENDM
                 
                 	.MACRO __PUTWSRX
                 	MOVW R30,R28
                 	SUBI R30,LOW(-@2)
                 	SBCI R31,HIGH(-@2)
                 	ST   Z+,R@0
                 	ST   Z,R@1
                 	.ENDM
                 
                 	.MACRO __PUTB1SNX
                 	MOVW R26,R28
                 	SUBI R26,LOW(-@0)
                 	SBCI R27,HIGH(-@0)
                 	LD   R0,X+
                 	LD   R27,X
                 	MOV  R26,R0
                 	SUBI R26,LOW(-@1)
                 	SBCI R27,HIGH(-@1)
                 	ST   X,R30
                 	.ENDM
                 
                 	.MACRO __PUTW1SNX
                 	MOVW R26,R28
                 	SUBI R26,LOW(-@0)
                 	SBCI R27,HIGH(-@0)
                 	LD   R0,X+
                 	LD   R27,X
                 	MOV  R26,R0
                 	SUBI R26,LOW(-@1)
                 	SBCI R27,HIGH(-@1)
                 	ST   X+,R30
                 	ST   X,R31
                 	.ENDM
                 
                 	.MACRO __PUTD1SNX
                 	MOVW R26,R28
                 	SUBI R26,LOW(-@0)
                 	SBCI R27,HIGH(-@0)
                 	LD   R0,X+
                 	LD   R27,X
                 	MOV  R26,R0
                 	SUBI R26,LOW(-@1)
                 	SBCI R27,HIGH(-@1)
                 	ST   X+,R30
                 	ST   X+,R31
                 	ST   X+,R22
                 	ST   X,R23
                 	.ENDM
                 
                 	.MACRO __MULBRR
                 	MULS R@0,R@1
                 	MOVW R30,R0
                 	.ENDM
                 
                 	.MACRO __MULBRRU
                 	MUL  R@0,R@1
                 	MOVW R30,R0
                 	.ENDM
                 
                 	.MACRO __MULBRR0
                 	MULS R@0,R@1
                 	.ENDM
                 
                 	.MACRO __MULBRRU0
                 	MUL  R@0,R@1
                 	.ENDM
                 
                 	.MACRO __MULBNWRU
                 	LDI  R26,@2
                 	MUL  R26,R@0
                 	MOVW R30,R0
                 	MUL  R26,R@1
                 	ADD  R31,R0
                 	.ENDM
                 
                 ;NAME DEFINITIONS FOR GLOBAL VARIABLES ALLOCATED TO REGISTERS
                 	.DEF _a=R5
                 	.DEF _tmp=R6
                 	.DEF _tmp_msb=R7
                 	.DEF _count=R8
                 	.DEF _count_msb=R9
                 	.DEF _include_w=R10
                 	.DEF _include_w_msb=R11
                 	.DEF _rx_wr_index=R4
                 	.DEF _rx_rd_index=R13
                 	.DEF _rx_counter=R12
                 
                 	.CSEG
                 	.ORG 0x00
                 
                 ;START OF CODE MARKER
                 __START_OF_CODE:
                 
                 ;INTERRUPT VECTORS
000000 940c 0073 	JMP  __RESET
000002 940c 0000 	JMP  0x00
000004 940c 0000 	JMP  0x00
000006 940c 0000 	JMP  0x00
000008 940c 0000 	JMP  0x00
00000a 940c 0000 	JMP  0x00
00000c 940c 0000 	JMP  0x00
00000e 940c 0000 	JMP  0x00
000010 940c 0000 	JMP  0x00
000012 940c 0000 	JMP  0x00
000014 940c 0000 	JMP  0x00
000016 940c 00a0 	JMP  _usart_rx_isr
000018 940c 0000 	JMP  0x00
00001a 940c 00d6 	JMP  _usart_tx_isr
00001c 940c 0000 	JMP  0x00
00001e 940c 0000 	JMP  0x00
000020 940c 0000 	JMP  0x00
000022 940c 0000 	JMP  0x00
000024 940c 0000 	JMP  0x00
000026 940c 0000 	JMP  0x00
000028 940c 0000 	JMP  0x00
                 
                 _tbl10_G101:
00002a 2710
00002b 03e8
00002c 0064
00002d 000a      	.DB  0x10,0x27,0xE8,0x3,0x64,0x0,0xA,0x0
00002e 0001      	.DB  0x1,0x0
                 _tbl16_G101:
00002f 1000
000030 0100
000031 0010
000032 0001      	.DB  0x0,0x10,0x0,0x1,0x10,0x0,0x1,0x0
                 
                 ;REGISTER BIT VARIABLES INITIALIZATION
                 __REG_BIT_VARS:
000033 0000      	.DW  0x0000
                 
                 ;GLOBAL REGISTER VARIABLES INITIALIZATION
                 __REG_VARS:
000034 0000
000035 0001      	.DB  0x0,0x0,0x1,0x0
000036 0000
000037 0000      	.DB  0x0,0x0,0x0,0x0
000038 0000      	.DB  0x0,0x0
                 
                 _0x0:
000039 6854
00003a 2065
00003b 7266
00003c 6d61      	.DB  0x54,0x68,0x65,0x20,0x66,0x72,0x61,0x6D
00003d 2065
00003e 7369
00003f 6320
000040 726f      	.DB  0x65,0x20,0x69,0x73,0x20,0x63,0x6F,0x72
000041 6572
000042 7463
000043 0a0d
000044 5400      	.DB  0x72,0x65,0x63,0x74,0xD,0xA,0x0,0x54
000045 6568
000046 6620
000047 6172
000048 656d      	.DB  0x68,0x65,0x20,0x66,0x72,0x61,0x6D,0x65
000049 6d20
00004a 7375
00004b 2074
00004c 6562      	.DB  0x20,0x6D,0x75,0x73,0x74,0x20,0x62,0x65
00004d 3520
00004e 6920
00004f 746e
000050 6765      	.DB  0x20,0x35,0x20,0x69,0x6E,0x74,0x65,0x67
000051 7265
000052 0a0d
000053 6900
000054 636e      	.DB  0x65,0x72,0xD,0xA,0x0,0x69,0x6E,0x63
000055 726f
000056 6572
000057 7463
000058 6620      	.DB  0x6F,0x72,0x72,0x65,0x63,0x74,0x20,0x66
000059 6172
00005a 656d
00005b 7320
00005c 7a69      	.DB  0x72,0x61,0x6D,0x65,0x20,0x73,0x69,0x7A
00005d 0d65
00005e 000a      	.DB  0x65,0xD,0xA,0x0
                 _0x2000003:
00005f c080      	.DB  0x80,0xC0
                 
                 __GLOBAL_INI_TBL:
000060 0001      	.DW  0x01
000061 0002      	.DW  0x02
000062 0066      	.DW  __REG_BIT_VARS*2
                 
000063 000a      	.DW  0x0A
000064 0004      	.DW  0x04
000065 0068      	.DW  __REG_VARS*2
                 
000066 0017      	.DW  0x17
000067 0160      	.DW  _0x2C
000068 0072      	.DW  _0x0*2
                 
000069 001e      	.DW  0x1E
00006a 0177      	.DW  _0x2C+23
00006b 0089      	.DW  _0x0*2+23
                 
00006c 0017      	.DW  0x17
00006d 0195      	.DW  _0x2C+53
00006e 00a7      	.DW  _0x0*2+53
                 
00006f 0002      	.DW  0x02
000070 01bf      	.DW  __base_y_G100
000071 00be      	.DW  _0x2000003*2
                 
                 _0xFFFFFFFF:
000072 0000      	.DW  0
                 
                 #define __GLOBAL_INI_TBL_PRESENT 1
                 
                 __RESET:
000073 94f8      	CLI
000074 27ee      	CLR  R30
000075 bbec      	OUT  EECR,R30
                 
                 ;INTERRUPT VECTORS ARE PLACED
                 ;AT THE START OF FLASH
000076 e0f1      	LDI  R31,1
000077 bffb      	OUT  GICR,R31
000078 bfeb      	OUT  GICR,R30
000079 bfe5      	OUT  MCUCR,R30
                 
                 ;CLEAR R2-R14
00007a e08d      	LDI  R24,(14-2)+1
00007b e0a2      	LDI  R26,2
00007c 27bb      	CLR  R27
                 __CLEAR_REG:
00007d 93ed      	ST   X+,R30
00007e 958a      	DEC  R24
00007f f7e9      	BRNE __CLEAR_REG
                 
                 ;CLEAR SRAM
000080 e080      	LDI  R24,LOW(__CLEAR_SRAM_SIZE)
000081 e094      	LDI  R25,HIGH(__CLEAR_SRAM_SIZE)
000082 e6a0      	LDI  R26,__SRAM_START
                 __CLEAR_SRAM:
000083 93ed      	ST   X+,R30
000084 9701      	SBIW R24,1
000085 f7e9      	BRNE __CLEAR_SRAM
                 
                 ;GLOBAL VARIABLES INITIALIZATION
000086 ece0      	LDI  R30,LOW(__GLOBAL_INI_TBL*2)
000087 e0f0      	LDI  R31,HIGH(__GLOBAL_INI_TBL*2)
                 __GLOBAL_INI_NEXT:
000088 9185      	LPM  R24,Z+
000089 9195      	LPM  R25,Z+
00008a 9700      	SBIW R24,0
00008b f061      	BREQ __GLOBAL_INI_END
00008c 91a5      	LPM  R26,Z+
00008d 91b5      	LPM  R27,Z+
00008e 9005      	LPM  R0,Z+
00008f 9015      	LPM  R1,Z+
000090 01bf      	MOVW R22,R30
000091 01f0      	MOVW R30,R0
                 __GLOBAL_INI_LOOP:
000092 9005      	LPM  R0,Z+
000093 920d      	ST   X+,R0
000094 9701      	SBIW R24,1
000095 f7e1      	BRNE __GLOBAL_INI_LOOP
000096 01fb      	MOVW R30,R22
000097 cff0      	RJMP __GLOBAL_INI_NEXT
                 __GLOBAL_INI_END:
                 
                 ;HARDWARE STACK POINTER INITIALIZATION
000098 e5ef      	LDI  R30,LOW(__SRAM_END-__HEAP_SIZE)
000099 bfed      	OUT  SPL,R30
00009a e0e4      	LDI  R30,HIGH(__SRAM_END-__HEAP_SIZE)
00009b bfee      	OUT  SPH,R30
                 
                 ;DATA STACK POINTER INITIALIZATION
00009c e6c0      	LDI  R28,LOW(__SRAM_START+__DSTACK_SIZE)
00009d e0d1      	LDI  R29,HIGH(__SRAM_START+__DSTACK_SIZE)
                 
00009e 940c 0122 	JMP  _main
                 
                 	.ESEG
                 	.ORG 0
                 
                 	.DSEG
                 	.ORG 0x160
                 
                 	.CSEG
                 ;/*******************************************************
                 ;This program was created by the
                 ;CodeWizardAVR V3.12 Advanced
                 ;Automatic Program Generator
                 ;© Copyright 1998-2014 Pavel Haiduc, HP InfoTech s.r.l.
                 ;http://www.hpinfotech.com
                 ;
                 ;Project :
                 ;Version :
                 ;Date    : 15/05/2022
                 ;Author  :
                 ;Company :
                 ;Comments:
                 ;
                 ;
                 ;Chip type               : ATmega16
                 ;Program type            : Application
                 ;AVR Core Clock frequency: 8/000000 MHz
                 ;Memory model            : Small
                 ;External RAM size       : 0
                 ;Data Stack size         : 256
                 ;*******************************************************/
                 ;
                 ;#include <mega16.h>
                 	#ifndef __SLEEP_DEFINED__
                 	#define __SLEEP_DEFINED__
                 	.EQU __se_bit=0x40
                 	.EQU __sm_mask=0xB0
                 	.EQU __sm_powerdown=0x20
                 	.EQU __sm_powersave=0x30
                 	.EQU __sm_standby=0xA0
                 	.EQU __sm_ext_standby=0xB0
                 	.EQU __sm_adc_noise_red=0x10
                 	.SET power_ctrl_reg=mcucr
                 	#endif
                 ;
                 ;// Alphanumeric LCD functions
                 ;#include <alcd.h>
                 ;
                 ;// Declare your global variables here
                 ;
                 ;
                 ;#define DATA_REGISTER_EMPTY (1<<UDRE)
                 ;#define RX_COMPLETE (1<<RXC)
                 ;#define FRAMING_ERROR (1<<FE)
                 ;#define PARITY_ERROR (1<<UPE)
                 ;#define DATA_OVERRUN (1<<DOR)
                 ;       char a;
                 ;       int tmp = 1;
                 ;       int count = 0;
                 ;       int include_w = 0;
                 ;void func3();
                 ;// USART Receiver buffer
                 ;#define RX_BUFFER_SIZE 8
                 ;char rx_buffer[RX_BUFFER_SIZE];
                 ;
                 ;#if RX_BUFFER_SIZE <= 256
                 ;unsigned char rx_wr_index=0,rx_rd_index=0;
                 ;#else
                 ;unsigned int rx_wr_index=0,rx_rd_index=0;
                 ;#endif
                 ;
                 ;#if RX_BUFFER_SIZE < 256
                 ;unsigned char rx_counter=0;
                 ;#else
                 ;unsigned int rx_counter=0;
                 ;#endif
                 ;
                 ;// This flag is set on USART Receiver buffer overflow
                 ;bit rx_buffer_overflow;
                 ;
                 ;// USART Receiver interrupt service routine
                 ;interrupt [USART_RXC] void usart_rx_isr(void)
                 ; 0000 003F {
                 
                 	.CSEG
                 _usart_rx_isr:
                 ; .FSTART _usart_rx_isr
0000a0 93ea      	ST   -Y,R30
0000a1 93fa      	ST   -Y,R31
0000a2 b7ef      	IN   R30,SREG
0000a3 93ea      	ST   -Y,R30
                 ; 0000 0040 char status,data;
                 ; 0000 0041 status=UCSRA;
0000a4 931a      	ST   -Y,R17
0000a5 930a      	ST   -Y,R16
                 ;	status -> R17
                 ;	data -> R16
0000a6 b11b      	IN   R17,11
                 ; 0000 0042 data=UDR;
0000a7 b10c      	IN   R16,12
                 ; 0000 0043 if ((status & (FRAMING_ERROR | PARITY_ERROR | DATA_OVERRUN))==0)
0000a8 2fe1      	MOV  R30,R17
0000a9 71ec      	ANDI R30,LOW(0x1C)
0000aa f489      	BRNE _0x3
                 ; 0000 0044    {
                 ; 0000 0045    rx_buffer[rx_wr_index++]=data;
0000ab 2de4      	MOV  R30,R4
0000ac 9443      	INC  R4
0000ad e0f0      	LDI  R31,0
0000ae 55e4      	SUBI R30,LOW(-_rx_buffer)
0000af 4ffe      	SBCI R31,HIGH(-_rx_buffer)
0000b0 8300      	ST   Z,R16
                 ; 0000 0046 #if RX_BUFFER_SIZE == 256
                 ; 0000 0047    // special case for receiver buffer size=256
                 ; 0000 0048    if (++rx_counter == 0) rx_buffer_overflow=1;
                 ; 0000 0049 #else
                 ; 0000 004A    if (rx_wr_index == RX_BUFFER_SIZE) rx_wr_index=0;
0000b1 e0e8      	LDI  R30,LOW(8)
0000b2 15e4      	CP   R30,R4
0000b3 f409      	BRNE _0x4
0000b4 2444      	CLR  R4
                 ; 0000 004B    if (++rx_counter == RX_BUFFER_SIZE)
                 _0x4:
0000b5 94c3      	INC  R12
0000b6 e0e8      	LDI  R30,LOW(8)
0000b7 15ec      	CP   R30,R12
0000b8 f419      	BRNE _0x5
                 ; 0000 004C       {
                 ; 0000 004D       rx_counter=0;
0000b9 24cc      	CLR  R12
                 ; 0000 004E       rx_buffer_overflow=1;
0000ba 9468      	SET
0000bb f820      	BLD  R2,0
                 ; 0000 004F       }
                 ; 0000 0050 #endif
                 ; 0000 0051    }
                 _0x5:
                 ; 0000 0052 }
                 _0x3:
0000bc 9109      	LD   R16,Y+
0000bd 9119      	LD   R17,Y+
0000be 91e9      	LD   R30,Y+
0000bf bfef      	OUT  SREG,R30
0000c0 91f9      	LD   R31,Y+
0000c1 91e9      	LD   R30,Y+
0000c2 9518      	RETI
                 ; .FEND
                 ;
                 ;#ifndef _DEBUG_TERMINAL_IO_
                 ;// Get a character from the USART Receiver buffer
                 ;#define _ALTERNATE_GETCHAR_
                 ;#pragma used+
                 ;char getchar(void)
                 ; 0000 0059 {
                 _getchar:
                 ; .FSTART _getchar
                 ; 0000 005A char data;
                 ; 0000 005B while (rx_counter==0);
0000c3 931a      	ST   -Y,R17
                 ;	data -> R17
                 _0x6:
0000c4 20cc      	TST  R12
0000c5 f3f1      	BREQ _0x6
                 ; 0000 005C data=rx_buffer[rx_rd_index++];
0000c6 2ded      	MOV  R30,R13
0000c7 94d3      	INC  R13
0000c8 e0f0      	LDI  R31,0
0000c9 55e4      	SUBI R30,LOW(-_rx_buffer)
0000ca 4ffe      	SBCI R31,HIGH(-_rx_buffer)
0000cb 8110      	LD   R17,Z
                 ; 0000 005D #if RX_BUFFER_SIZE != 256
                 ; 0000 005E if (rx_rd_index == RX_BUFFER_SIZE) rx_rd_index=0;
0000cc e0e8      	LDI  R30,LOW(8)
0000cd 15ed      	CP   R30,R13
0000ce f409      	BRNE _0x9
0000cf 24dd      	CLR  R13
                 ; 0000 005F #endif
                 ; 0000 0060 #asm("cli")
                 _0x9:
0000d0 94f8      	cli
                 ; 0000 0061 --rx_counter;
0000d1 94ca      	DEC  R12
                 ; 0000 0062 #asm("sei")
0000d2 9478      	sei
                 ; 0000 0063 return data;
0000d3 2fe1      	MOV  R30,R17
0000d4 9119      	LD   R17,Y+
0000d5 9508      	RET
                 ; 0000 0064 }
                 ; .FEND
                 ;#pragma used-
                 ;#endif
                 ;
                 ;// USART Transmitter buffer
                 ;#define TX_BUFFER_SIZE 8
                 ;char tx_buffer[TX_BUFFER_SIZE];
                 ;
                 ;#if TX_BUFFER_SIZE <= 256
                 ;unsigned char tx_wr_index=0,tx_rd_index=0;
                 ;#else
                 ;unsigned int tx_wr_index=0,tx_rd_index=0;
                 ;#endif
                 ;
                 ;#if TX_BUFFER_SIZE < 256
                 ;unsigned char tx_counter=0;
                 ;#else
                 ;unsigned int tx_counter=0;
                 ;#endif
                 ;
                 ;// USART Transmitter interrupt service routine
                 ;interrupt [USART_TXC] void usart_tx_isr(void)
                 ; 0000 007A {
                 _usart_tx_isr:
                 ; .FSTART _usart_tx_isr
0000d6 93aa      	ST   -Y,R26
0000d7 93ea      	ST   -Y,R30
0000d8 93fa      	ST   -Y,R31
0000d9 b7ef      	IN   R30,SREG
0000da 93ea      	ST   -Y,R30
                 ; 0000 007B if (tx_counter)
0000db 91e0 01be 	LDS  R30,_tx_counter
0000dd 30e0      	CPI  R30,0
0000de f0a9      	BREQ _0xA
                 ; 0000 007C    {
                 ; 0000 007D    --tx_counter;
0000df 50e1      	SUBI R30,LOW(1)
0000e0 93e0 01be 	STS  _tx_counter,R30
                 ; 0000 007E    UDR=tx_buffer[tx_rd_index++];
0000e2 91e0 01bd 	LDS  R30,_tx_rd_index
0000e4 5fef      	SUBI R30,-LOW(1)
0000e5 93e0 01bd 	STS  _tx_rd_index,R30
0000e7 50e1      	SUBI R30,LOW(1)
0000e8 e0f0      	LDI  R31,0
0000e9 54ec      	SUBI R30,LOW(-_tx_buffer)
0000ea 4ffe      	SBCI R31,HIGH(-_tx_buffer)
0000eb 81e0      	LD   R30,Z
0000ec b9ec      	OUT  0xC,R30
                 ; 0000 007F #if TX_BUFFER_SIZE != 256
                 ; 0000 0080    if (tx_rd_index == TX_BUFFER_SIZE) tx_rd_index=0;
0000ed 91a0 01bd 	LDS  R26,_tx_rd_index
0000ef 30a8      	CPI  R26,LOW(0x8)
0000f0 f419      	BRNE _0xB
0000f1 e0e0      	LDI  R30,LOW(0)
0000f2 93e0 01bd 	STS  _tx_rd_index,R30
                 ; 0000 0081 #endif
                 ; 0000 0082    }
                 _0xB:
                 ; 0000 0083 }
                 _0xA:
0000f4 91e9      	LD   R30,Y+
0000f5 bfef      	OUT  SREG,R30
0000f6 91f9      	LD   R31,Y+
0000f7 91e9      	LD   R30,Y+
0000f8 91a9      	LD   R26,Y+
0000f9 9518      	RETI
                 ; .FEND
                 ;
                 ;#ifndef _DEBUG_TERMINAL_IO_
                 ;// Write a character to the USART Transmitter buffer
                 ;#define _ALTERNATE_PUTCHAR_
                 ;#pragma used+
                 ;void putchar(char c)
                 ; 0000 008A {
                 _putchar:
                 ; .FSTART _putchar
                 ; 0000 008B while (tx_counter == TX_BUFFER_SIZE);
0000fa 93aa      	ST   -Y,R26
                 ;	c -> Y+0
                 _0xC:
0000fb 91a0 01be 	LDS  R26,_tx_counter
0000fd 30a8      	CPI  R26,LOW(0x8)
0000fe f3e1      	BREQ _0xC
                 ; 0000 008C #asm("cli")
0000ff 94f8      	cli
                 ; 0000 008D if (tx_counter || ((UCSRA & DATA_REGISTER_EMPTY)==0))
000100 91e0 01be 	LDS  R30,_tx_counter
000102 30e0      	CPI  R30,0
000103 f411      	BRNE _0x10
000104 995d      	SBIC 0xB,5
000105 c018      	RJMP _0xF
                 _0x10:
                 ; 0000 008E    {
                 ; 0000 008F    tx_buffer[tx_wr_index++]=c;
000106 91e0 01bc 	LDS  R30,_tx_wr_index
000108 5fef      	SUBI R30,-LOW(1)
000109 93e0 01bc 	STS  _tx_wr_index,R30
00010b 50e1      	SUBI R30,LOW(1)
00010c e0f0      	LDI  R31,0
00010d 54ec      	SUBI R30,LOW(-_tx_buffer)
00010e 4ffe      	SBCI R31,HIGH(-_tx_buffer)
00010f 81a8      	LD   R26,Y
000110 83a0      	STD  Z+0,R26
                 ; 0000 0090 #if TX_BUFFER_SIZE != 256
                 ; 0000 0091    if (tx_wr_index == TX_BUFFER_SIZE) tx_wr_index=0;
000111 91a0 01bc 	LDS  R26,_tx_wr_index
000113 30a8      	CPI  R26,LOW(0x8)
000114 f419      	BRNE _0x12
000115 e0e0      	LDI  R30,LOW(0)
000116 93e0 01bc 	STS  _tx_wr_index,R30
                 ; 0000 0092 #endif
                 ; 0000 0093    ++tx_counter;
                 _0x12:
000118 91e0 01be 	LDS  R30,_tx_counter
00011a 5fef      	SUBI R30,-LOW(1)
00011b 93e0 01be 	STS  _tx_counter,R30
                 ; 0000 0094    }
                 ; 0000 0095 else
00011d c002      	RJMP _0x13
                 _0xF:
                 ; 0000 0096    UDR=c;
00011e 81e8      	LD   R30,Y
00011f b9ec      	OUT  0xC,R30
                 ; 0000 0097 #asm("sei")
                 _0x13:
000120 9478      	sei
                 ; 0000 0098 }
000121 c10b      	RJMP _0x2080001
                 ; .FEND
                 ;#pragma used-
                 ;#endif
                 ;
                 ;// Standard Input/Output functions
                 ;#include <stdio.h>
                 ;
                 ;void main(void)
                 ; 0000 00A0 {
                 _main:
                 ; .FSTART _main
                 ; 0000 00A1 //char a;
                 ; 0000 00A2        char a;
                 ; 0000 00A3        int tmp = 1;
                 ; 0000 00A4        int count = 0;
                 ; 0000 00A5        int include_w = 0;
                 ; 0000 00A6 // Declare your local variables here
                 ; 0000 00A7 
                 ; 0000 00A8 // Input/Output Ports initialization
                 ; 0000 00A9 // Port A initialization
                 ; 0000 00AA // Function: Bit7=In Bit6=In Bit5=In Bit4=In Bit3=In Bit2=In Bit1=In Bit0=In
                 ; 0000 00AB DDRA=(0<<DDA7) | (0<<DDA6) | (0<<DDA5) | (0<<DDA4) | (0<<DDA3) | (0<<DDA2) | (0<<DDA1) | (0<<DDA0);
000122 9722      	SBIW R28,2
000123 e0e0      	LDI  R30,LOW(0)
000124 83e8      	ST   Y,R30
000125 83e9      	STD  Y+1,R30
                 ;	a -> R17
                 ;	tmp -> R18,R19
                 ;	count -> R20,R21
                 ;	include_w -> Y+0
                +
000126 e021     +LDI R18 , LOW ( 1 )
000127 e030     +LDI R19 , HIGH ( 1 )
                 	__GETWRN 18,19,1
                +
000128 e040     +LDI R20 , LOW ( 0 )
000129 e050     +LDI R21 , HIGH ( 0 )
                 	__GETWRN 20,21,0
00012a bbea      	OUT  0x1A,R30
                 ; 0000 00AC // State: Bit7=T Bit6=T Bit5=T Bit4=T Bit3=T Bit2=T Bit1=T Bit0=T
                 ; 0000 00AD PORTA=(0<<PORTA7) | (0<<PORTA6) | (0<<PORTA5) | (0<<PORTA4) | (0<<PORTA3) | (0<<PORTA2) | (0<<PORTA1) | (0<<PORTA0);
00012b bbeb      	OUT  0x1B,R30
                 ; 0000 00AE 
                 ; 0000 00AF // Port B initialization
                 ; 0000 00B0 // Function: Bit7=In Bit6=In Bit5=In Bit4=In Bit3=In Bit2=In Bit1=In Bit0=In
                 ; 0000 00B1 DDRB=(0<<DDB7) | (0<<DDB6) | (0<<DDB5) | (0<<DDB4) | (0<<DDB3) | (0<<DDB2) | (0<<DDB1) | (0<<DDB0);
00012c bbe7      	OUT  0x17,R30
                 ; 0000 00B2 // State: Bit7=T Bit6=T Bit5=T Bit4=T Bit3=T Bit2=T Bit1=T Bit0=T
                 ; 0000 00B3 PORTB=(0<<PORTB7) | (0<<PORTB6) | (0<<PORTB5) | (0<<PORTB4) | (0<<PORTB3) | (0<<PORTB2) | (0<<PORTB1) | (0<<PORTB0);
00012d bbe8      	OUT  0x18,R30
                 ; 0000 00B4 
                 ; 0000 00B5 // Port C initialization
                 ; 0000 00B6 // Function: Bit7=In Bit6=In Bit5=In Bit4=In Bit3=In Bit2=In Bit1=In Bit0=In
                 ; 0000 00B7 DDRC=(0<<DDC7) | (0<<DDC6) | (0<<DDC5) | (0<<DDC4) | (0<<DDC3) | (0<<DDC2) | (0<<DDC1) | (0<<DDC0);
00012e bbe4      	OUT  0x14,R30
                 ; 0000 00B8 // State: Bit7=T Bit6=T Bit5=T Bit4=T Bit3=T Bit2=T Bit1=T Bit0=T
                 ; 0000 00B9 PORTC=(0<<PORTC7) | (0<<PORTC6) | (0<<PORTC5) | (0<<PORTC4) | (0<<PORTC3) | (0<<PORTC2) | (0<<PORTC1) | (0<<PORTC0);
00012f bbe5      	OUT  0x15,R30
                 ; 0000 00BA 
                 ; 0000 00BB // Port D initialization
                 ; 0000 00BC // Function: Bit7=In Bit6=In Bit5=In Bit4=In Bit3=In Bit2=In Bit1=In Bit0=In
                 ; 0000 00BD DDRD=(0<<DDD7) | (0<<DDD6) | (0<<DDD5) | (0<<DDD4) | (0<<DDD3) | (0<<DDD2) | (0<<DDD1) | (0<<DDD0);
000130 bbe1      	OUT  0x11,R30
                 ; 0000 00BE // State: Bit7=T Bit6=T Bit5=T Bit4=T Bit3=T Bit2=T Bit1=T Bit0=T
                 ; 0000 00BF PORTD=(0<<PORTD7) | (0<<PORTD6) | (0<<PORTD5) | (0<<PORTD4) | (0<<PORTD3) | (0<<PORTD2) | (0<<PORTD1) | (0<<PORTD0);
000131 bbe2      	OUT  0x12,R30
                 ; 0000 00C0 
                 ; 0000 00C1 // USART initialization
                 ; 0000 00C2 // Communication Parameters: 8 Data, 1 Stop, No Parity
                 ; 0000 00C3 // USART Receiver: On
                 ; 0000 00C4 // USART Transmitter: On
                 ; 0000 00C5 // USART Mode: Asynchronous
                 ; 0000 00C6 // USART Baud Rate: 9600
                 ; 0000 00C7 UCSRA=(0<<RXC) | (0<<TXC) | (0<<UDRE) | (0<<FE) | (0<<DOR) | (0<<UPE) | (0<<U2X) | (0<<MPCM);
000132 b9eb      	OUT  0xB,R30
                 ; 0000 00C8 UCSRB=(1<<RXCIE) | (1<<TXCIE) | (0<<UDRIE) | (1<<RXEN) | (1<<TXEN) | (0<<UCSZ2) | (0<<RXB8) | (0<<TXB8);
000133 ede8      	LDI  R30,LOW(216)
000134 b9ea      	OUT  0xA,R30
                 ; 0000 00C9 UCSRC=(1<<URSEL) | (0<<UMSEL) | (0<<UPM1) | (0<<UPM0) | (0<<USBS) | (1<<UCSZ1) | (1<<UCSZ0) | (0<<UCPOL);
000135 e8e6      	LDI  R30,LOW(134)
000136 bde0      	OUT  0x20,R30
                 ; 0000 00CA UBRRH=0x00;
000137 e0e0      	LDI  R30,LOW(0)
000138 bde0      	OUT  0x20,R30
                 ; 0000 00CB UBRRL=0x33;
000139 e3e3      	LDI  R30,LOW(51)
00013a b9e9      	OUT  0x9,R30
                 ; 0000 00CC 
                 ; 0000 00CD // Alphanumeric LCD initialization
                 ; 0000 00CE // Connections are specified in the
                 ; 0000 00CF // Project|Configure|C Compiler|Libraries|Alphanumeric LCD menu:
                 ; 0000 00D0 // RS - PORTC Bit 0
                 ; 0000 00D1 // RD - PORTC Bit 1
                 ; 0000 00D2 // EN - PORTC Bit 2
                 ; 0000 00D3 // D4 - PORTC Bit 4
                 ; 0000 00D4 // D5 - PORTC Bit 5
                 ; 0000 00D5 // D6 - PORTC Bit 6
                 ; 0000 00D6 // D7 - PORTC Bit 7
                 ; 0000 00D7 // Characters/line: 16
                 ; 0000 00D8 lcd_init(16);
00013b e1a0      	LDI  R26,LOW(16)
00013c d0c3      	RCALL _lcd_init
                 ; 0000 00D9 
                 ; 0000 00DA // Global enable interrupts
                 ; 0000 00DB #asm("sei")
00013d 9478      	sei
                 ; 0000 00DC while (1)
                 _0x14:
                 ; 0000 00DD       {
                 ; 0000 00DE       // Place your code here
                 ; 0000 00DF     func3();
00013e d002      	RCALL _func3
                 ; 0000 00E0       }
00013f cffe      	RJMP _0x14
                 ; 0000 00E1 
                 ; 0000 00E2 }
                 _0x17:
000140 cfff      	RJMP _0x17
                 ; .FEND
                 ;
                 ;void func3(){
                 ; 0000 00E4 void func3(){
                 _func3:
                 ; .FSTART _func3
                 ; 0000 00E5 
                 ; 0000 00E6 
                 ; 0000 00E7       while (1){
                 _0x18:
                 ; 0000 00E8        a = getchar();
000141 df81      	RCALL _getchar
000142 2e5e      	MOV  R5,R30
                 ; 0000 00E9        putchar(a);
000143 2da5      	MOV  R26,R5
000144 dfb5      	RCALL _putchar
                 ; 0000 00EA 
                 ; 0000 00EB        if (tmp == 1 && a == '(')
000145 e0e1      	LDI  R30,LOW(1)
000146 e0f0      	LDI  R31,HIGH(1)
000147 15e6      	CP   R30,R6
000148 05f7      	CPC  R31,R7
000149 f419      	BRNE _0x1C
00014a e2e8      	LDI  R30,LOW(40)
00014b 15e5      	CP   R30,R5
00014c f009      	BREQ _0x1D
                 _0x1C:
00014d c003      	RJMP _0x1B
                 _0x1D:
                 ; 0000 00EC             tmp = 0;
00014e 2466      	CLR  R6
00014f 2477      	CLR  R7
                 ; 0000 00ED       else if (tmp == 0 && a >= '0' && a<= '9')
000150 c01a      	RJMP _0x1E
                 _0x1B:
000151 2400      	CLR  R0
000152 1406      	CP   R0,R6
000153 0407      	CPC  R0,R7
000154 f431      	BRNE _0x20
000155 e3e0      	LDI  R30,LOW(48)
000156 165e      	CP   R5,R30
000157 f018      	BRLO _0x20
000158 e3e9      	LDI  R30,LOW(57)
000159 15e5      	CP   R30,R5
00015a f408      	BRSH _0x21
                 _0x20:
00015b c005      	RJMP _0x1F
                 _0x21:
                 ; 0000 00EE             count++;
00015c 01f4      	MOVW R30,R8
00015d 9631      	ADIW R30,1
00015e 014f      	MOVW R8,R30
00015f 9731      	SBIW R30,1
                 ; 0000 00EF       else if (a >= 'A' && a<= 'z'){
000160 c00a      	RJMP _0x22
                 _0x1F:
000161 e4e1      	LDI  R30,LOW(65)
000162 165e      	CP   R5,R30
000163 f018      	BRLO _0x24
000164 e7ea      	LDI  R30,LOW(122)
000165 15e5      	CP   R30,R5
000166 f408      	BRSH _0x25
                 _0x24:
000167 c003      	RJMP _0x23
                 _0x25:
                 ; 0000 00F0               include_w = 1;
000168 e0e1      	LDI  R30,LOW(1)
000169 e0f0      	LDI  R31,HIGH(1)
00016a 015f      	MOVW R10,R30
                 ; 0000 00F1 
                 ; 0000 00F2       }
                 ; 0000 00F3 
                 ; 0000 00F4       if (tmp == 0 && a == ')'){
                 _0x23:
                 _0x22:
                 _0x1E:
00016b 2400      	CLR  R0
00016c 1406      	CP   R0,R6
00016d 0407      	CPC  R0,R7
00016e f419      	BRNE _0x27
00016f e2e9      	LDI  R30,LOW(41)
000170 15e5      	CP   R30,R5
000171 f009      	BREQ _0x28
                 _0x27:
000172 c01c      	RJMP _0x26
                 _0x28:
                 ; 0000 00F5             if (count == 5 && !include_w){
000173 e0e5      	LDI  R30,LOW(5)
000174 e0f0      	LDI  R31,HIGH(5)
000175 15e8      	CP   R30,R8
000176 05f9      	CPC  R31,R9
000177 f419      	BRNE _0x2A
000178 2c0a      	MOV  R0,R10
000179 280b      	OR   R0,R11
00017a f009      	BREQ _0x2B
                 _0x2A:
00017b c003      	RJMP _0x29
                 _0x2B:
                 ; 0000 00F6                 lcd_puts("The frame is correct\r\n");
                +
00017c e6a0     +LDI R26 , LOW ( _0x2C + ( 0 ) )
00017d e0b1     +LDI R27 , HIGH ( _0x2C + ( 0 ) )
                 	__POINTW2MN _0x2C,0
00017e c008      	RJMP _0x30
                 ; 0000 00F7                 }
                 ; 0000 00F8             else if (include_w)
                 _0x29:
00017f 2c0a      	MOV  R0,R10
000180 280b      	OR   R0,R11
000181 f019      	BREQ _0x2E
                 ; 0000 00F9                  lcd_puts("The frame must be 5 integer\r\n");
                +
000182 e7a7     +LDI R26 , LOW ( _0x2C + ( 23 ) )
000183 e0b1     +LDI R27 , HIGH ( _0x2C + ( 23 ) )
                 	__POINTW2MN _0x2C,23
000184 c002      	RJMP _0x30
                 ; 0000 00FA             else
                 _0x2E:
                 ; 0000 00FB                  lcd_puts("incorrect frame size\r\n");
                +
000185 e9a5     +LDI R26 , LOW ( _0x2C + ( 53 ) )
000186 e0b1     +LDI R27 , HIGH ( _0x2C + ( 53 ) )
                 	__POINTW2MN _0x2C,53
                 _0x30:
000187 d067      	RCALL _lcd_puts
                 ; 0000 00FC 
                 ; 0000 00FD             tmp = 1;
000188 e0e1      	LDI  R30,LOW(1)
000189 e0f0      	LDI  R31,HIGH(1)
00018a 013f      	MOVW R6,R30
                 ; 0000 00FE             count = 0;
00018b 2488      	CLR  R8
00018c 2499      	CLR  R9
                 ; 0000 00FF             include_w = 0;
00018d 24aa      	CLR  R10
00018e 24bb      	CLR  R11
                 ; 0000 0100       }
                 ; 0000 0101 
                 ; 0000 0102       }
                 _0x26:
00018f cfb1      	RJMP _0x18
                 ; 0000 0103 
                 ; 0000 0104 }
                 ; .FEND
                 
                 	.DSEG
                 _0x2C:
000160           	.BYTE 0x4C
                 	#ifndef __SLEEP_DEFINED__
                 	#endif
                 
                 	.DSEG
                 
                 	.CSEG
                 __lcd_write_nibble_G100:
                 ; .FSTART __lcd_write_nibble_G100
000190 93aa      	ST   -Y,R26
000191 b3e5      	IN   R30,0x15
000192 70ef      	ANDI R30,LOW(0xF)
000193 2fae      	MOV  R26,R30
000194 81e8      	LD   R30,Y
000195 7fe0      	ANDI R30,LOW(0xF0)
000196 2bea      	OR   R30,R26
000197 bbe5      	OUT  0x15,R30
                +
000198 e08d     +LDI R24 , LOW ( 13 )
                +__DELAY_USB_LOOP :
000199 958a     +DEC R24
00019a f7f1     +BRNE __DELAY_USB_LOOP
                 	__DELAY_USB 13
00019b 9aaa      	SBI  0x15,2
                +
00019c e08d     +LDI R24 , LOW ( 13 )
                +__DELAY_USB_LOOP :
00019d 958a     +DEC R24
00019e f7f1     +BRNE __DELAY_USB_LOOP
                 	__DELAY_USB 13
00019f 98aa      	CBI  0x15,2
                +
0001a0 e08d     +LDI R24 , LOW ( 13 )
                +__DELAY_USB_LOOP :
0001a1 958a     +DEC R24
0001a2 f7f1     +BRNE __DELAY_USB_LOOP
                 	__DELAY_USB 13
0001a3 c089      	RJMP _0x2080001
                 ; .FEND
                 __lcd_write_data:
                 ; .FSTART __lcd_write_data
0001a4 93aa      	ST   -Y,R26
0001a5 81a8      	LD   R26,Y
0001a6 dfe9      	RCALL __lcd_write_nibble_G100
0001a7 81e8          ld    r30,y
0001a8 95e2          swap  r30
0001a9 83e8          st    y,r30
0001aa 81a8      	LD   R26,Y
0001ab dfe4      	RCALL __lcd_write_nibble_G100
                +
0001ac e885     +LDI R24 , LOW ( 133 )
                +__DELAY_USB_LOOP :
0001ad 958a     +DEC R24
0001ae f7f1     +BRNE __DELAY_USB_LOOP
                 	__DELAY_USB 133
0001af c07d      	RJMP _0x2080001
                 ; .FEND
                 _lcd_gotoxy:
                 ; .FSTART _lcd_gotoxy
0001b0 93aa      	ST   -Y,R26
0001b1 81e8      	LD   R30,Y
0001b2 e0f0      	LDI  R31,0
0001b3 54e1      	SUBI R30,LOW(-__base_y_G100)
0001b4 4ffe      	SBCI R31,HIGH(-__base_y_G100)
0001b5 81e0      	LD   R30,Z
0001b6 81a9      	LDD  R26,Y+1
0001b7 0fae      	ADD  R26,R30
0001b8 dfeb      	RCALL __lcd_write_data
0001b9 81e9      	LDD  R30,Y+1
0001ba 93e0 01c3 	STS  __lcd_x,R30
0001bc 81e8      	LD   R30,Y
0001bd 93e0 01c4 	STS  __lcd_y,R30
0001bf 9622      	ADIW R28,2
0001c0 9508      	RET
                 ; .FEND
                 _lcd_clear:
                 ; .FSTART _lcd_clear
0001c1 e0a2      	LDI  R26,LOW(2)
0001c2 940e 022f 	CALL SUBOPT_0x0
0001c4 e0ac      	LDI  R26,LOW(12)
0001c5 dfde      	RCALL __lcd_write_data
0001c6 e0a1      	LDI  R26,LOW(1)
0001c7 940e 022f 	CALL SUBOPT_0x0
0001c9 e0e0      	LDI  R30,LOW(0)
0001ca 93e0 01c4 	STS  __lcd_y,R30
0001cc 93e0 01c3 	STS  __lcd_x,R30
0001ce 9508      	RET
                 ; .FEND
                 _lcd_putchar:
                 ; .FSTART _lcd_putchar
0001cf 93aa      	ST   -Y,R26
0001d0 81a8      	LD   R26,Y
0001d1 30aa      	CPI  R26,LOW(0xA)
0001d2 f031      	BREQ _0x2000005
0001d3 91e0 01c5 	LDS  R30,__lcd_maxx
0001d5 91a0 01c3 	LDS  R26,__lcd_x
0001d7 17ae      	CP   R26,R30
0001d8 f060      	BRLO _0x2000004
                 _0x2000005:
0001d9 e0e0      	LDI  R30,LOW(0)
0001da 93ea      	ST   -Y,R30
0001db 91a0 01c4 	LDS  R26,__lcd_y
0001dd 5faf      	SUBI R26,-LOW(1)
0001de 93a0 01c4 	STS  __lcd_y,R26
0001e0 dfcf      	RCALL _lcd_gotoxy
0001e1 81a8      	LD   R26,Y
0001e2 30aa      	CPI  R26,LOW(0xA)
0001e3 f409      	BRNE _0x2000007
0001e4 c048      	RJMP _0x2080001
                 _0x2000007:
                 _0x2000004:
0001e5 91e0 01c3 	LDS  R30,__lcd_x
0001e7 5fef      	SUBI R30,-LOW(1)
0001e8 93e0 01c3 	STS  __lcd_x,R30
0001ea 9aa8      	SBI  0x15,0
0001eb 81a8      	LD   R26,Y
0001ec dfb7      	RCALL __lcd_write_data
0001ed 98a8      	CBI  0x15,0
0001ee c03e      	RJMP _0x2080001
                 ; .FEND
                 _lcd_puts:
                 ; .FSTART _lcd_puts
0001ef 93ba      	ST   -Y,R27
0001f0 93aa      	ST   -Y,R26
0001f1 931a      	ST   -Y,R17
                 _0x2000008:
0001f2 81a9      	LDD  R26,Y+1
0001f3 81ba      	LDD  R27,Y+1+1
0001f4 91ed      	LD   R30,X+
0001f5 83a9      	STD  Y+1,R26
0001f6 83ba      	STD  Y+1+1,R27
0001f7 2f1e      	MOV  R17,R30
0001f8 30e0      	CPI  R30,0
0001f9 f019      	BREQ _0x200000A
0001fa 2fa1      	MOV  R26,R17
0001fb dfd3      	RCALL _lcd_putchar
0001fc cff5      	RJMP _0x2000008
                 _0x200000A:
0001fd 8118      	LDD  R17,Y+0
0001fe 9623      	ADIW R28,3
0001ff 9508      	RET
                 ; .FEND
                 _lcd_init:
                 ; .FSTART _lcd_init
000200 93aa      	ST   -Y,R26
000201 b3e4      	IN   R30,0x14
000202 6fe0      	ORI  R30,LOW(0xF0)
000203 bbe4      	OUT  0x14,R30
000204 9aa2      	SBI  0x14,2
000205 9aa0      	SBI  0x14,0
000206 9aa1      	SBI  0x14,1
000207 98aa      	CBI  0x15,2
000208 98a8      	CBI  0x15,0
000209 98a9      	CBI  0x15,1
00020a 81e8      	LD   R30,Y
00020b 93e0 01c5 	STS  __lcd_maxx,R30
00020d 58e0      	SUBI R30,-LOW(128)
                +
00020e 93e0 01c1+STS __base_y_G100 + ( 2 ) , R30
                 	__PUTB1MN __base_y_G100,2
000210 81e8      	LD   R30,Y
000211 54e0      	SUBI R30,-LOW(192)
                +
000212 93e0 01c2+STS __base_y_G100 + ( 3 ) , R30
                 	__PUTB1MN __base_y_G100,3
000214 e1a4      	LDI  R26,LOW(20)
000215 e0b0      	LDI  R27,0
000216 940e 023d 	CALL _delay_ms
000218 940e 0235 	CALL SUBOPT_0x1
00021a 940e 0235 	CALL SUBOPT_0x1
00021c 940e 0235 	CALL SUBOPT_0x1
00021e e2a0      	LDI  R26,LOW(32)
00021f df70      	RCALL __lcd_write_nibble_G100
                +
000220 ec88     +LDI R24 , LOW ( 200 )
000221 e090     +LDI R25 , HIGH ( 200 )
                +__DELAY_USW_LOOP :
000222 9701     +SBIW R24 , 1
000223 f7f1     +BRNE __DELAY_USW_LOOP
                 	__DELAY_USW 200
000224 e2a8      	LDI  R26,LOW(40)
000225 df7e      	RCALL __lcd_write_data
000226 e0a4      	LDI  R26,LOW(4)
000227 df7c      	RCALL __lcd_write_data
000228 e8a5      	LDI  R26,LOW(133)
000229 df7a      	RCALL __lcd_write_data
00022a e0a6      	LDI  R26,LOW(6)
00022b df78      	RCALL __lcd_write_data
00022c df94      	RCALL _lcd_clear
                 _0x2080001:
00022d 9621      	ADIW R28,1
00022e 9508      	RET
                 ; .FEND
                 	#ifndef __SLEEP_DEFINED__
                 	#endif
                 
                 	.CSEG
                 
                 	.CSEG
                 
                 	.CSEG
                 
                 	.DSEG
                 _rx_buffer:
0001ac           	.BYTE 0x8
                 _tx_buffer:
0001b4           	.BYTE 0x8
                 _tx_wr_index:
0001bc           	.BYTE 0x1
                 _tx_rd_index:
0001bd           	.BYTE 0x1
                 _tx_counter:
0001be           	.BYTE 0x1
                 __base_y_G100:
0001bf           	.BYTE 0x4
                 __lcd_x:
0001c3           	.BYTE 0x1
                 __lcd_y:
0001c4           	.BYTE 0x1
                 __lcd_maxx:
0001c5           	.BYTE 0x1
                 
                 	.CSEG
                 ;OPTIMIZER ADDED SUBROUTINE, CALLED 2 TIMES, CODE SIZE REDUCTION:1 WORDS
                 SUBOPT_0x0:
00022f 940e 01a4 	CALL __lcd_write_data
000231 e0a3      	LDI  R26,LOW(3)
000232 e0b0      	LDI  R27,0
000233 940c 023d 	JMP  _delay_ms
                 
                 ;OPTIMIZER ADDED SUBROUTINE, CALLED 3 TIMES, CODE SIZE REDUCTION:7 WORDS
                 SUBOPT_0x1:
000235 e3a0      	LDI  R26,LOW(48)
000236 940e 0190 	CALL __lcd_write_nibble_G100
                +
000238 ec88     +LDI R24 , LOW ( 200 )
000239 e090     +LDI R25 , HIGH ( 200 )
                +__DELAY_USW_LOOP :
00023a 9701     +SBIW R24 , 1
00023b f7f1     +BRNE __DELAY_USW_LOOP
                 	__DELAY_USW 200
00023c 9508      	RET
                 
                 
                 	.CSEG
                 _delay_ms:
00023d 9610      	adiw r26,0
00023e f039      	breq __delay_ms1
                 __delay_ms0:
                +
00023f ed80     +LDI R24 , LOW ( 0x7D0 )
000240 e097     +LDI R25 , HIGH ( 0x7D0 )
                +__DELAY_USW_LOOP :
000241 9701     +SBIW R24 , 1
000242 f7f1     +BRNE __DELAY_USW_LOOP
                 	__DELAY_USW 0x7D0
000243 95a8      	wdr
000244 9711      	sbiw r26,1
000245 f7c9      	brne __delay_ms0
                 __delay_ms1:
000246 9508      	ret
                 
                 ;END OF CODE MARKER
                 __END_OF_CODE:


RESOURCE USE INFORMATION
------------------------

Notice:
The register and instruction counts are symbol table hit counts,
and hence implicitly used resources are not counted, eg, the
'lpm' instruction without operands implicitly uses r0 and z,
none of which are counted.

x,y,z are separate entities in the symbol table and are
counted separately from r26..r31 here.

.dseg memory usage only counts static data declared with .byte

ATmega16 register use summary:
r0 :  14 r1 :   1 r2 :   1 r3 :   0 r4 :   4 r5 :   8 r6 :   5 r7 :   4 
r8 :   4 r9 :   2 r10:   4 r11:   3 r12:   5 r13:   4 r14:   0 r15:   0 
r16:   4 r17:  12 r18:   1 r19:   1 r20:   1 r21:   1 r22:   2 r23:   0 
r24:  21 r25:   5 r26:  57 r27:  10 r28:   5 r29:   1 r30: 152 r31:  23 
x  :   4 y  :  53 z  :  12 
Registers used: 31 out of 35 (88.6%)

ATmega16 instruction use summary:
.lds  :   0 .lds.l:   0 .sts  :   0 .sts.l:   0 adc   :   0 add   :   1 
adiw  :   5 and   :   0 andi  :   3 asr   :   0 bclr  :   0 bld   :   1 
brbc  :   0 brbs  :   0 brcc  :   0 brcs  :   0 break :   0 breq  :  11 
brge  :   0 brhc  :   0 brhs  :   0 brid  :   0 brie  :   0 brlo  :   3 
brlt  :   0 brmi  :   0 brne  :  23 brpl  :   0 brsh  :   2 brtc  :   0 
brts  :   0 brvc  :   0 brvs  :   0 bset  :   0 bst   :   0 call  :   8 
cbi   :   5 cbr   :   0 clc   :   0 clh   :   0 cli   :   3 cln   :   0 
clr   :  13 cls   :   0 clt   :   0 clv   :   0 clz   :   0 com   :   0 
cp    :  14 cpc   :   4 cpi   :   8 cpse  :   0 dec   :   6 des   :   0 
eor   :   0 fmul  :   0 fmuls :   0 fmulsu:   0 icall :   0 ijmp  :   0 
in    :   6 inc   :   3 jmp   :  23 ld    :  27 ldd   :   5 ldi   :  77 
lds   :  12 lpm   :   7 lsl   :   0 lsr   :   0 mov   :  11 movw  :   7 
mul   :   0 muls  :   0 mulsu :   0 neg   :   0 nop   :   0 or    :   3 
ori   :   1 out   :  25 pop   :   0 push  :   0 rcall :  18 ret   :   7 
reti  :   2 rjmp  :  21 rol   :   0 ror   :   0 sbc   :   0 sbci  :   5 
sbi   :   5 sbic  :   1 sbis  :   0 sbiw  :   9 sbr   :   0 sbrc  :   0 
sbrs  :   0 sec   :   0 seh   :   0 sei   :   3 sen   :   0 ser   :   0 
ses   :   0 set   :   1 sev   :   0 sez   :   0 sleep :   0 spm   :   0 
st    :  26 std   :   4 sts   :  15 sub   :   0 subi  :  15 swap  :   1 
tst   :   1 wdr   :   1 
Instructions used: 46 out of 116 (39.7%)

ATmega16 memory use summary [bytes]:
Segment   Begin    End      Code   Data   Used    Size   Use%
---------------------------------------------------------------
[.cseg] 0x000000 0x00048e   1020    146   1166   16384   7.1%
[.dseg] 0x000060 0x0001c6      0    102    102    1024  10.0%
[.eseg] 0x000000 0x000000      0      0      0     512   0.0%

Assembly complete, 0 errors, 10 warnings
