
AVRASM ver. 2.1.30  D:\Lecture\Micro-lab\Hw6_matin_fazel_9825583\CodeVision\part_2\Debug\List\part_2.asm Sun Jun 05 11:11:53 2022

D:\Lecture\Micro-lab\Hw6_matin_fazel_9825583\CodeVision\part_2\Debug\List\part_2.asm(1088): warning: Register r5 already defined by the .DEF directive
D:\Lecture\Micro-lab\Hw6_matin_fazel_9825583\CodeVision\part_2\Debug\List\part_2.asm(1089): warning: Register r4 already defined by the .DEF directive
D:\Lecture\Micro-lab\Hw6_matin_fazel_9825583\CodeVision\part_2\Debug\List\part_2.asm(1090): warning: Register r7 already defined by the .DEF directive
                 
                 
                 ;CodeVisionAVR C Compiler V3.12 Advanced
                 ;(C) Copyright 1998-2014 Pavel Haiduc, HP InfoTech s.r.l.
                 ;http://www.hpinfotech.com
                 
                 ;Build configuration    : Debug
                 ;Chip type              : ATmega16
                 ;Program type           : Application
                 ;Clock frequency        : 8/000000 MHz
                 ;Memory model           : Small
                 ;Optimize for           : Size
                 ;(s)printf features     : int, width
                 ;(s)scanf features      : int, width
                 ;External RAM size      : 0
                 ;Data Stack size        : 256 byte(s)
                 ;Heap size              : 0 byte(s)
                 ;Promote 'char' to 'int': Yes
                 ;'char' is unsigned     : Yes
                 ;8 bit enums            : Yes
                 ;Global 'const' stored in FLASH: Yes
                 ;Enhanced function parameter passing: Yes
                 ;Enhanced core instructions: On
                 ;Automatic register allocation for global variables: On
                 ;Smart register allocation: On
                 
                 	#define _MODEL_SMALL_
                 
                 	#pragma AVRPART ADMIN PART_NAME ATmega16
                 	#pragma AVRPART MEMORY PROG_FLASH 16384
                 	#pragma AVRPART MEMORY EEPROM 512
                 	#pragma AVRPART MEMORY INT_SRAM SIZE 1024
                 	#pragma AVRPART MEMORY INT_SRAM START_ADDR 0x60
                 
                 	#define CALL_SUPPORTED 1
                 
                 	.LISTMAC
                 	.EQU UDRE=0x5
                 	.EQU RXC=0x7
                 	.EQU USR=0xB
                 	.EQU UDR=0xC
                 	.EQU SPSR=0xE
                 	.EQU SPDR=0xF
                 	.EQU EERE=0x0
                 	.EQU EEWE=0x1
                 	.EQU EEMWE=0x2
                 	.EQU EECR=0x1C
                 	.EQU EEDR=0x1D
                 	.EQU EEARL=0x1E
                 	.EQU EEARH=0x1F
                 	.EQU WDTCR=0x21
                 	.EQU MCUCR=0x35
                 	.EQU GICR=0x3B
                 	.EQU SPL=0x3D
                 	.EQU SPH=0x3E
                 	.EQU SREG=0x3F
                 
                 	.DEF R0X0=R0
                 	.DEF R0X1=R1
                 	.DEF R0X2=R2
                 	.DEF R0X3=R3
                 	.DEF R0X4=R4
                 	.DEF R0X5=R5
                 	.DEF R0X6=R6
                 	.DEF R0X7=R7
                 	.DEF R0X8=R8
                 	.DEF R0X9=R9
                 	.DEF R0XA=R10
                 	.DEF R0XB=R11
                 	.DEF R0XC=R12
                 	.DEF R0XD=R13
                 	.DEF R0XE=R14
                 	.DEF R0XF=R15
                 	.DEF R0X10=R16
                 	.DEF R0X11=R17
                 	.DEF R0X12=R18
                 	.DEF R0X13=R19
                 	.DEF R0X14=R20
                 	.DEF R0X15=R21
                 	.DEF R0X16=R22
                 	.DEF R0X17=R23
                 	.DEF R0X18=R24
                 	.DEF R0X19=R25
                 	.DEF R0X1A=R26
                 	.DEF R0X1B=R27
                 	.DEF R0X1C=R28
                 	.DEF R0X1D=R29
                 	.DEF R0X1E=R30
                 	.DEF R0X1F=R31
                 
                 	.EQU __SRAM_START=0x0060
                 	.EQU __SRAM_END=0x045F
                 	.EQU __DSTACK_SIZE=0x0100
                 	.EQU __HEAP_SIZE=0x0000
                 	.EQU __CLEAR_SRAM_SIZE=__SRAM_END-__SRAM_START+1
                 
                 	.MACRO __CPD1N
                 	CPI  R30,LOW(@0)
                 	LDI  R26,HIGH(@0)
                 	CPC  R31,R26
                 	LDI  R26,BYTE3(@0)
                 	CPC  R22,R26
                 	LDI  R26,BYTE4(@0)
                 	CPC  R23,R26
                 	.ENDM
                 
                 	.MACRO __CPD2N
                 	CPI  R26,LOW(@0)
                 	LDI  R30,HIGH(@0)
                 	CPC  R27,R30
                 	LDI  R30,BYTE3(@0)
                 	CPC  R24,R30
                 	LDI  R30,BYTE4(@0)
                 	CPC  R25,R30
                 	.ENDM
                 
                 	.MACRO __CPWRR
                 	CP   R@0,R@2
                 	CPC  R@1,R@3
                 	.ENDM
                 
                 	.MACRO __CPWRN
                 	CPI  R@0,LOW(@2)
                 	LDI  R30,HIGH(@2)
                 	CPC  R@1,R30
                 	.ENDM
                 
                 	.MACRO __ADDB1MN
                 	SUBI R30,LOW(-@0-(@1))
                 	.ENDM
                 
                 	.MACRO __ADDB2MN
                 	SUBI R26,LOW(-@0-(@1))
                 	.ENDM
                 
                 	.MACRO __ADDW1MN
                 	SUBI R30,LOW(-@0-(@1))
                 	SBCI R31,HIGH(-@0-(@1))
                 	.ENDM
                 
                 	.MACRO __ADDW2MN
                 	SUBI R26,LOW(-@0-(@1))
                 	SBCI R27,HIGH(-@0-(@1))
                 	.ENDM
                 
                 	.MACRO __ADDW1FN
                 	SUBI R30,LOW(-2*@0-(@1))
                 	SBCI R31,HIGH(-2*@0-(@1))
                 	.ENDM
                 
                 	.MACRO __ADDD1FN
                 	SUBI R30,LOW(-2*@0-(@1))
                 	SBCI R31,HIGH(-2*@0-(@1))
                 	SBCI R22,BYTE3(-2*@0-(@1))
                 	.ENDM
                 
                 	.MACRO __ADDD1N
                 	SUBI R30,LOW(-@0)
                 	SBCI R31,HIGH(-@0)
                 	SBCI R22,BYTE3(-@0)
                 	SBCI R23,BYTE4(-@0)
                 	.ENDM
                 
                 	.MACRO __ADDD2N
                 	SUBI R26,LOW(-@0)
                 	SBCI R27,HIGH(-@0)
                 	SBCI R24,BYTE3(-@0)
                 	SBCI R25,BYTE4(-@0)
                 	.ENDM
                 
                 	.MACRO __SUBD1N
                 	SUBI R30,LOW(@0)
                 	SBCI R31,HIGH(@0)
                 	SBCI R22,BYTE3(@0)
                 	SBCI R23,BYTE4(@0)
                 	.ENDM
                 
                 	.MACRO __SUBD2N
                 	SUBI R26,LOW(@0)
                 	SBCI R27,HIGH(@0)
                 	SBCI R24,BYTE3(@0)
                 	SBCI R25,BYTE4(@0)
                 	.ENDM
                 
                 	.MACRO __ANDBMNN
                 	LDS  R30,@0+(@1)
                 	ANDI R30,LOW(@2)
                 	STS  @0+(@1),R30
                 	.ENDM
                 
                 	.MACRO __ANDWMNN
                 	LDS  R30,@0+(@1)
                 	ANDI R30,LOW(@2)
                 	STS  @0+(@1),R30
                 	LDS  R30,@0+(@1)+1
                 	ANDI R30,HIGH(@2)
                 	STS  @0+(@1)+1,R30
                 	.ENDM
                 
                 	.MACRO __ANDD1N
                 	ANDI R30,LOW(@0)
                 	ANDI R31,HIGH(@0)
                 	ANDI R22,BYTE3(@0)
                 	ANDI R23,BYTE4(@0)
                 	.ENDM
                 
                 	.MACRO __ANDD2N
                 	ANDI R26,LOW(@0)
                 	ANDI R27,HIGH(@0)
                 	ANDI R24,BYTE3(@0)
                 	ANDI R25,BYTE4(@0)
                 	.ENDM
                 
                 	.MACRO __ORBMNN
                 	LDS  R30,@0+(@1)
                 	ORI  R30,LOW(@2)
                 	STS  @0+(@1),R30
                 	.ENDM
                 
                 	.MACRO __ORWMNN
                 	LDS  R30,@0+(@1)
                 	ORI  R30,LOW(@2)
                 	STS  @0+(@1),R30
                 	LDS  R30,@0+(@1)+1
                 	ORI  R30,HIGH(@2)
                 	STS  @0+(@1)+1,R30
                 	.ENDM
                 
                 	.MACRO __ORD1N
                 	ORI  R30,LOW(@0)
                 	ORI  R31,HIGH(@0)
                 	ORI  R22,BYTE3(@0)
                 	ORI  R23,BYTE4(@0)
                 	.ENDM
                 
                 	.MACRO __ORD2N
                 	ORI  R26,LOW(@0)
                 	ORI  R27,HIGH(@0)
                 	ORI  R24,BYTE3(@0)
                 	ORI  R25,BYTE4(@0)
                 	.ENDM
                 
                 	.MACRO __DELAY_USB
                 	LDI  R24,LOW(@0)
                 __DELAY_USB_LOOP:
                 	DEC  R24
                 	BRNE __DELAY_USB_LOOP
                 	.ENDM
                 
                 	.MACRO __DELAY_USW
                 	LDI  R24,LOW(@0)
                 	LDI  R25,HIGH(@0)
                 __DELAY_USW_LOOP:
                 	SBIW R24,1
                 	BRNE __DELAY_USW_LOOP
                 	.ENDM
                 
                 	.MACRO __GETD1S
                 	LDD  R30,Y+@0
                 	LDD  R31,Y+@0+1
                 	LDD  R22,Y+@0+2
                 	LDD  R23,Y+@0+3
                 	.ENDM
                 
                 	.MACRO __GETD2S
                 	LDD  R26,Y+@0
                 	LDD  R27,Y+@0+1
                 	LDD  R24,Y+@0+2
                 	LDD  R25,Y+@0+3
                 	.ENDM
                 
                 	.MACRO __PUTD1S
                 	STD  Y+@0,R30
                 	STD  Y+@0+1,R31
                 	STD  Y+@0+2,R22
                 	STD  Y+@0+3,R23
                 	.ENDM
                 
                 	.MACRO __PUTD2S
                 	STD  Y+@0,R26
                 	STD  Y+@0+1,R27
                 	STD  Y+@0+2,R24
                 	STD  Y+@0+3,R25
                 	.ENDM
                 
                 	.MACRO __PUTDZ2
                 	STD  Z+@0,R26
                 	STD  Z+@0+1,R27
                 	STD  Z+@0+2,R24
                 	STD  Z+@0+3,R25
                 	.ENDM
                 
                 	.MACRO __CLRD1S
                 	STD  Y+@0,R30
                 	STD  Y+@0+1,R30
                 	STD  Y+@0+2,R30
                 	STD  Y+@0+3,R30
                 	.ENDM
                 
                 	.MACRO __POINTB1MN
                 	LDI  R30,LOW(@0+(@1))
                 	.ENDM
                 
                 	.MACRO __POINTW1MN
                 	LDI  R30,LOW(@0+(@1))
                 	LDI  R31,HIGH(@0+(@1))
                 	.ENDM
                 
                 	.MACRO __POINTD1M
                 	LDI  R30,LOW(@0)
                 	LDI  R31,HIGH(@0)
                 	LDI  R22,BYTE3(@0)
                 	LDI  R23,BYTE4(@0)
                 	.ENDM
                 
                 	.MACRO __POINTW1FN
                 	LDI  R30,LOW(2*@0+(@1))
                 	LDI  R31,HIGH(2*@0+(@1))
                 	.ENDM
                 
                 	.MACRO __POINTD1FN
                 	LDI  R30,LOW(2*@0+(@1))
                 	LDI  R31,HIGH(2*@0+(@1))
                 	LDI  R22,BYTE3(2*@0+(@1))
                 	LDI  R23,BYTE4(2*@0+(@1))
                 	.ENDM
                 
                 	.MACRO __POINTB2MN
                 	LDI  R26,LOW(@0+(@1))
                 	.ENDM
                 
                 	.MACRO __POINTW2MN
                 	LDI  R26,LOW(@0+(@1))
                 	LDI  R27,HIGH(@0+(@1))
                 	.ENDM
                 
                 	.MACRO __POINTW2FN
                 	LDI  R26,LOW(2*@0+(@1))
                 	LDI  R27,HIGH(2*@0+(@1))
                 	.ENDM
                 
                 	.MACRO __POINTD2FN
                 	LDI  R26,LOW(2*@0+(@1))
                 	LDI  R27,HIGH(2*@0+(@1))
                 	LDI  R24,BYTE3(2*@0+(@1))
                 	LDI  R25,BYTE4(2*@0+(@1))
                 	.ENDM
                 
                 	.MACRO __POINTBRM
                 	LDI  R@0,LOW(@1)
                 	.ENDM
                 
                 	.MACRO __POINTWRM
                 	LDI  R@0,LOW(@2)
                 	LDI  R@1,HIGH(@2)
                 	.ENDM
                 
                 	.MACRO __POINTBRMN
                 	LDI  R@0,LOW(@1+(@2))
                 	.ENDM
                 
                 	.MACRO __POINTWRMN
                 	LDI  R@0,LOW(@2+(@3))
                 	LDI  R@1,HIGH(@2+(@3))
                 	.ENDM
                 
                 	.MACRO __POINTWRFN
                 	LDI  R@0,LOW(@2*2+(@3))
                 	LDI  R@1,HIGH(@2*2+(@3))
                 	.ENDM
                 
                 	.MACRO __GETD1N
                 	LDI  R30,LOW(@0)
                 	LDI  R31,HIGH(@0)
                 	LDI  R22,BYTE3(@0)
                 	LDI  R23,BYTE4(@0)
                 	.ENDM
                 
                 	.MACRO __GETD2N
                 	LDI  R26,LOW(@0)
                 	LDI  R27,HIGH(@0)
                 	LDI  R24,BYTE3(@0)
                 	LDI  R25,BYTE4(@0)
                 	.ENDM
                 
                 	.MACRO __GETB1MN
                 	LDS  R30,@0+(@1)
                 	.ENDM
                 
                 	.MACRO __GETB1HMN
                 	LDS  R31,@0+(@1)
                 	.ENDM
                 
                 	.MACRO __GETW1MN
                 	LDS  R30,@0+(@1)
                 	LDS  R31,@0+(@1)+1
                 	.ENDM
                 
                 	.MACRO __GETD1MN
                 	LDS  R30,@0+(@1)
                 	LDS  R31,@0+(@1)+1
                 	LDS  R22,@0+(@1)+2
                 	LDS  R23,@0+(@1)+3
                 	.ENDM
                 
                 	.MACRO __GETBRMN
                 	LDS  R@0,@1+(@2)
                 	.ENDM
                 
                 	.MACRO __GETWRMN
                 	LDS  R@0,@2+(@3)
                 	LDS  R@1,@2+(@3)+1
                 	.ENDM
                 
                 	.MACRO __GETWRZ
                 	LDD  R@0,Z+@2
                 	LDD  R@1,Z+@2+1
                 	.ENDM
                 
                 	.MACRO __GETD2Z
                 	LDD  R26,Z+@0
                 	LDD  R27,Z+@0+1
                 	LDD  R24,Z+@0+2
                 	LDD  R25,Z+@0+3
                 	.ENDM
                 
                 	.MACRO __GETB2MN
                 	LDS  R26,@0+(@1)
                 	.ENDM
                 
                 	.MACRO __GETW2MN
                 	LDS  R26,@0+(@1)
                 	LDS  R27,@0+(@1)+1
                 	.ENDM
                 
                 	.MACRO __GETD2MN
                 	LDS  R26,@0+(@1)
                 	LDS  R27,@0+(@1)+1
                 	LDS  R24,@0+(@1)+2
                 	LDS  R25,@0+(@1)+3
                 	.ENDM
                 
                 	.MACRO __PUTB1MN
                 	STS  @0+(@1),R30
                 	.ENDM
                 
                 	.MACRO __PUTW1MN
                 	STS  @0+(@1),R30
                 	STS  @0+(@1)+1,R31
                 	.ENDM
                 
                 	.MACRO __PUTD1MN
                 	STS  @0+(@1),R30
                 	STS  @0+(@1)+1,R31
                 	STS  @0+(@1)+2,R22
                 	STS  @0+(@1)+3,R23
                 	.ENDM
                 
                 	.MACRO __PUTB1EN
                 	LDI  R26,LOW(@0+(@1))
                 	LDI  R27,HIGH(@0+(@1))
                 	CALL __EEPROMWRB
                 	.ENDM
                 
                 	.MACRO __PUTW1EN
                 	LDI  R26,LOW(@0+(@1))
                 	LDI  R27,HIGH(@0+(@1))
                 	CALL __EEPROMWRW
                 	.ENDM
                 
                 	.MACRO __PUTD1EN
                 	LDI  R26,LOW(@0+(@1))
                 	LDI  R27,HIGH(@0+(@1))
                 	CALL __EEPROMWRD
                 	.ENDM
                 
                 	.MACRO __PUTBR0MN
                 	STS  @0+(@1),R0
                 	.ENDM
                 
                 	.MACRO __PUTBMRN
                 	STS  @0+(@1),R@2
                 	.ENDM
                 
                 	.MACRO __PUTWMRN
                 	STS  @0+(@1),R@2
                 	STS  @0+(@1)+1,R@3
                 	.ENDM
                 
                 	.MACRO __PUTBZR
                 	STD  Z+@1,R@0
                 	.ENDM
                 
                 	.MACRO __PUTWZR
                 	STD  Z+@2,R@0
                 	STD  Z+@2+1,R@1
                 	.ENDM
                 
                 	.MACRO __GETW1R
                 	MOV  R30,R@0
                 	MOV  R31,R@1
                 	.ENDM
                 
                 	.MACRO __GETW2R
                 	MOV  R26,R@0
                 	MOV  R27,R@1
                 	.ENDM
                 
                 	.MACRO __GETWRN
                 	LDI  R@0,LOW(@2)
                 	LDI  R@1,HIGH(@2)
                 	.ENDM
                 
                 	.MACRO __PUTW1R
                 	MOV  R@0,R30
                 	MOV  R@1,R31
                 	.ENDM
                 
                 	.MACRO __PUTW2R
                 	MOV  R@0,R26
                 	MOV  R@1,R27
                 	.ENDM
                 
                 	.MACRO __ADDWRN
                 	SUBI R@0,LOW(-@2)
                 	SBCI R@1,HIGH(-@2)
                 	.ENDM
                 
                 	.MACRO __ADDWRR
                 	ADD  R@0,R@2
                 	ADC  R@1,R@3
                 	.ENDM
                 
                 	.MACRO __SUBWRN
                 	SUBI R@0,LOW(@2)
                 	SBCI R@1,HIGH(@2)
                 	.ENDM
                 
                 	.MACRO __SUBWRR
                 	SUB  R@0,R@2
                 	SBC  R@1,R@3
                 	.ENDM
                 
                 	.MACRO __ANDWRN
                 	ANDI R@0,LOW(@2)
                 	ANDI R@1,HIGH(@2)
                 	.ENDM
                 
                 	.MACRO __ANDWRR
                 	AND  R@0,R@2
                 	AND  R@1,R@3
                 	.ENDM
                 
                 	.MACRO __ORWRN
                 	ORI  R@0,LOW(@2)
                 	ORI  R@1,HIGH(@2)
                 	.ENDM
                 
                 	.MACRO __ORWRR
                 	OR   R@0,R@2
                 	OR   R@1,R@3
                 	.ENDM
                 
                 	.MACRO __EORWRR
                 	EOR  R@0,R@2
                 	EOR  R@1,R@3
                 	.ENDM
                 
                 	.MACRO __GETWRS
                 	LDD  R@0,Y+@2
                 	LDD  R@1,Y+@2+1
                 	.ENDM
                 
                 	.MACRO __PUTBSR
                 	STD  Y+@1,R@0
                 	.ENDM
                 
                 	.MACRO __PUTWSR
                 	STD  Y+@2,R@0
                 	STD  Y+@2+1,R@1
                 	.ENDM
                 
                 	.MACRO __MOVEWRR
                 	MOV  R@0,R@2
                 	MOV  R@1,R@3
                 	.ENDM
                 
                 	.MACRO __INWR
                 	IN   R@0,@2
                 	IN   R@1,@2+1
                 	.ENDM
                 
                 	.MACRO __OUTWR
                 	OUT  @2+1,R@1
                 	OUT  @2,R@0
                 	.ENDM
                 
                 	.MACRO __CALL1MN
                 	LDS  R30,@0+(@1)
                 	LDS  R31,@0+(@1)+1
                 	ICALL
                 	.ENDM
                 
                 	.MACRO __CALL1FN
                 	LDI  R30,LOW(2*@0+(@1))
                 	LDI  R31,HIGH(2*@0+(@1))
                 	CALL __GETW1PF
                 	ICALL
                 	.ENDM
                 
                 	.MACRO __CALL2EN
                 	PUSH R26
                 	PUSH R27
                 	LDI  R26,LOW(@0+(@1))
                 	LDI  R27,HIGH(@0+(@1))
                 	CALL __EEPROMRDW
                 	POP  R27
                 	POP  R26
                 	ICALL
                 	.ENDM
                 
                 	.MACRO __CALL2EX
                 	SUBI R26,LOW(-@0)
                 	SBCI R27,HIGH(-@0)
                 	CALL __EEPROMRDD
                 	ICALL
                 	.ENDM
                 
                 	.MACRO __GETW1STACK
                 	IN   R30,SPL
                 	IN   R31,SPH
                 	ADIW R30,@0+1
                 	LD   R0,Z+
                 	LD   R31,Z
                 	MOV  R30,R0
                 	.ENDM
                 
                 	.MACRO __GETD1STACK
                 	IN   R30,SPL
                 	IN   R31,SPH
                 	ADIW R30,@0+1
                 	LD   R0,Z+
                 	LD   R1,Z+
                 	LD   R22,Z
                 	MOVW R30,R0
                 	.ENDM
                 
                 	.MACRO __NBST
                 	BST  R@0,@1
                 	IN   R30,SREG
                 	LDI  R31,0x40
                 	EOR  R30,R31
                 	OUT  SREG,R30
                 	.ENDM
                 
                 
                 	.MACRO __PUTB1SN
                 	LDD  R26,Y+@0
                 	LDD  R27,Y+@0+1
                 	SUBI R26,LOW(-@1)
                 	SBCI R27,HIGH(-@1)
                 	ST   X,R30
                 	.ENDM
                 
                 	.MACRO __PUTW1SN
                 	LDD  R26,Y+@0
                 	LDD  R27,Y+@0+1
                 	SUBI R26,LOW(-@1)
                 	SBCI R27,HIGH(-@1)
                 	ST   X+,R30
                 	ST   X,R31
                 	.ENDM
                 
                 	.MACRO __PUTD1SN
                 	LDD  R26,Y+@0
                 	LDD  R27,Y+@0+1
                 	SUBI R26,LOW(-@1)
                 	SBCI R27,HIGH(-@1)
                 	CALL __PUTDP1
                 	.ENDM
                 
                 	.MACRO __PUTB1SNS
                 	LDD  R26,Y+@0
                 	LDD  R27,Y+@0+1
                 	ADIW R26,@1
                 	ST   X,R30
                 	.ENDM
                 
                 	.MACRO __PUTW1SNS
                 	LDD  R26,Y+@0
                 	LDD  R27,Y+@0+1
                 	ADIW R26,@1
                 	ST   X+,R30
                 	ST   X,R31
                 	.ENDM
                 
                 	.MACRO __PUTD1SNS
                 	LDD  R26,Y+@0
                 	LDD  R27,Y+@0+1
                 	ADIW R26,@1
                 	CALL __PUTDP1
                 	.ENDM
                 
                 	.MACRO __PUTB1PMN
                 	LDS  R26,@0
                 	LDS  R27,@0+1
                 	SUBI R26,LOW(-@1)
                 	SBCI R27,HIGH(-@1)
                 	ST   X,R30
                 	.ENDM
                 
                 	.MACRO __PUTW1PMN
                 	LDS  R26,@0
                 	LDS  R27,@0+1
                 	SUBI R26,LOW(-@1)
                 	SBCI R27,HIGH(-@1)
                 	ST   X+,R30
                 	ST   X,R31
                 	.ENDM
                 
                 	.MACRO __PUTD1PMN
                 	LDS  R26,@0
                 	LDS  R27,@0+1
                 	SUBI R26,LOW(-@1)
                 	SBCI R27,HIGH(-@1)
                 	CALL __PUTDP1
                 	.ENDM
                 
                 	.MACRO __PUTB1PMNS
                 	LDS  R26,@0
                 	LDS  R27,@0+1
                 	ADIW R26,@1
                 	ST   X,R30
                 	.ENDM
                 
                 	.MACRO __PUTW1PMNS
                 	LDS  R26,@0
                 	LDS  R27,@0+1
                 	ADIW R26,@1
                 	ST   X+,R30
                 	ST   X,R31
                 	.ENDM
                 
                 	.MACRO __PUTD1PMNS
                 	LDS  R26,@0
                 	LDS  R27,@0+1
                 	ADIW R26,@1
                 	CALL __PUTDP1
                 	.ENDM
                 
                 	.MACRO __PUTB1RN
                 	MOVW R26,R@0
                 	SUBI R26,LOW(-@1)
                 	SBCI R27,HIGH(-@1)
                 	ST   X,R30
                 	.ENDM
                 
                 	.MACRO __PUTW1RN
                 	MOVW R26,R@0
                 	SUBI R26,LOW(-@1)
                 	SBCI R27,HIGH(-@1)
                 	ST   X+,R30
                 	ST   X,R31
                 	.ENDM
                 
                 	.MACRO __PUTD1RN
                 	MOVW R26,R@0
                 	SUBI R26,LOW(-@1)
                 	SBCI R27,HIGH(-@1)
                 	CALL __PUTDP1
                 	.ENDM
                 
                 	.MACRO __PUTB1RNS
                 	MOVW R26,R@0
                 	ADIW R26,@1
                 	ST   X,R30
                 	.ENDM
                 
                 	.MACRO __PUTW1RNS
                 	MOVW R26,R@0
                 	ADIW R26,@1
                 	ST   X+,R30
                 	ST   X,R31
                 	.ENDM
                 
                 	.MACRO __PUTD1RNS
                 	MOVW R26,R@0
                 	ADIW R26,@1
                 	CALL __PUTDP1
                 	.ENDM
                 
                 	.MACRO __PUTB1RON
                 	MOV  R26,R@0
                 	MOV  R27,R@1
                 	SUBI R26,LOW(-@2)
                 	SBCI R27,HIGH(-@2)
                 	ST   X,R30
                 	.ENDM
                 
                 	.MACRO __PUTW1RON
                 	MOV  R26,R@0
                 	MOV  R27,R@1
                 	SUBI R26,LOW(-@2)
                 	SBCI R27,HIGH(-@2)
                 	ST   X+,R30
                 	ST   X,R31
                 	.ENDM
                 
                 	.MACRO __PUTD1RON
                 	MOV  R26,R@0
                 	MOV  R27,R@1
                 	SUBI R26,LOW(-@2)
                 	SBCI R27,HIGH(-@2)
                 	CALL __PUTDP1
                 	.ENDM
                 
                 	.MACRO __PUTB1RONS
                 	MOV  R26,R@0
                 	MOV  R27,R@1
                 	ADIW R26,@2
                 	ST   X,R30
                 	.ENDM
                 
                 	.MACRO __PUTW1RONS
                 	MOV  R26,R@0
                 	MOV  R27,R@1
                 	ADIW R26,@2
                 	ST   X+,R30
                 	ST   X,R31
                 	.ENDM
                 
                 	.MACRO __PUTD1RONS
                 	MOV  R26,R@0
                 	MOV  R27,R@1
                 	ADIW R26,@2
                 	CALL __PUTDP1
                 	.ENDM
                 
                 
                 	.MACRO __GETB1SX
                 	MOVW R30,R28
                 	SUBI R30,LOW(-@0)
                 	SBCI R31,HIGH(-@0)
                 	LD   R30,Z
                 	.ENDM
                 
                 	.MACRO __GETB1HSX
                 	MOVW R30,R28
                 	SUBI R30,LOW(-@0)
                 	SBCI R31,HIGH(-@0)
                 	LD   R31,Z
                 	.ENDM
                 
                 	.MACRO __GETW1SX
                 	MOVW R30,R28
                 	SUBI R30,LOW(-@0)
                 	SBCI R31,HIGH(-@0)
                 	LD   R0,Z+
                 	LD   R31,Z
                 	MOV  R30,R0
                 	.ENDM
                 
                 	.MACRO __GETD1SX
                 	MOVW R30,R28
                 	SUBI R30,LOW(-@0)
                 	SBCI R31,HIGH(-@0)
                 	LD   R0,Z+
                 	LD   R1,Z+
                 	LD   R22,Z+
                 	LD   R23,Z
                 	MOVW R30,R0
                 	.ENDM
                 
                 	.MACRO __GETB2SX
                 	MOVW R26,R28
                 	SUBI R26,LOW(-@0)
                 	SBCI R27,HIGH(-@0)
                 	LD   R26,X
                 	.ENDM
                 
                 	.MACRO __GETW2SX
                 	MOVW R26,R28
                 	SUBI R26,LOW(-@0)
                 	SBCI R27,HIGH(-@0)
                 	LD   R0,X+
                 	LD   R27,X
                 	MOV  R26,R0
                 	.ENDM
                 
                 	.MACRO __GETD2SX
                 	MOVW R26,R28
                 	SUBI R26,LOW(-@0)
                 	SBCI R27,HIGH(-@0)
                 	LD   R0,X+
                 	LD   R1,X+
                 	LD   R24,X+
                 	LD   R25,X
                 	MOVW R26,R0
                 	.ENDM
                 
                 	.MACRO __GETBRSX
                 	MOVW R30,R28
                 	SUBI R30,LOW(-@1)
                 	SBCI R31,HIGH(-@1)
                 	LD   R@0,Z
                 	.ENDM
                 
                 	.MACRO __GETWRSX
                 	MOVW R30,R28
                 	SUBI R30,LOW(-@2)
                 	SBCI R31,HIGH(-@2)
                 	LD   R@0,Z+
                 	LD   R@1,Z
                 	.ENDM
                 
                 	.MACRO __GETBRSX2
                 	MOVW R26,R28
                 	SUBI R26,LOW(-@1)
                 	SBCI R27,HIGH(-@1)
                 	LD   R@0,X
                 	.ENDM
                 
                 	.MACRO __GETWRSX2
                 	MOVW R26,R28
                 	SUBI R26,LOW(-@2)
                 	SBCI R27,HIGH(-@2)
                 	LD   R@0,X+
                 	LD   R@1,X
                 	.ENDM
                 
                 	.MACRO __LSLW8SX
                 	MOVW R30,R28
                 	SUBI R30,LOW(-@0)
                 	SBCI R31,HIGH(-@0)
                 	LD   R31,Z
                 	CLR  R30
                 	.ENDM
                 
                 	.MACRO __PUTB1SX
                 	MOVW R26,R28
                 	SUBI R26,LOW(-@0)
                 	SBCI R27,HIGH(-@0)
                 	ST   X,R30
                 	.ENDM
                 
                 	.MACRO __PUTW1SX
                 	MOVW R26,R28
                 	SUBI R26,LOW(-@0)
                 	SBCI R27,HIGH(-@0)
                 	ST   X+,R30
                 	ST   X,R31
                 	.ENDM
                 
                 	.MACRO __PUTD1SX
                 	MOVW R26,R28
                 	SUBI R26,LOW(-@0)
                 	SBCI R27,HIGH(-@0)
                 	ST   X+,R30
                 	ST   X+,R31
                 	ST   X+,R22
                 	ST   X,R23
                 	.ENDM
                 
                 	.MACRO __CLRW1SX
                 	MOVW R26,R28
                 	SUBI R26,LOW(-@0)
                 	SBCI R27,HIGH(-@0)
                 	ST   X+,R30
                 	ST   X,R30
                 	.ENDM
                 
                 	.MACRO __CLRD1SX
                 	MOVW R26,R28
                 	SUBI R26,LOW(-@0)
                 	SBCI R27,HIGH(-@0)
                 	ST   X+,R30
                 	ST   X+,R30
                 	ST   X+,R30
                 	ST   X,R30
                 	.ENDM
                 
                 	.MACRO __PUTB2SX
                 	MOVW R30,R28
                 	SUBI R30,LOW(-@0)
                 	SBCI R31,HIGH(-@0)
                 	ST   Z,R26
                 	.ENDM
                 
                 	.MACRO __PUTW2SX
                 	MOVW R30,R28
                 	SUBI R30,LOW(-@0)
                 	SBCI R31,HIGH(-@0)
                 	ST   Z+,R26
                 	ST   Z,R27
                 	.ENDM
                 
                 	.MACRO __PUTD2SX
                 	MOVW R30,R28
                 	SUBI R30,LOW(-@0)
                 	SBCI R31,HIGH(-@0)
                 	ST   Z+,R26
                 	ST   Z+,R27
                 	ST   Z+,R24
                 	ST   Z,R25
                 	.ENDM
                 
                 	.MACRO __PUTBSRX
                 	MOVW R30,R28
                 	SUBI R30,LOW(-@1)
                 	SBCI R31,HIGH(-@1)
                 	ST   Z,R@0
                 	.ENDM
                 
                 	.MACRO __PUTWSRX
                 	MOVW R30,R28
                 	SUBI R30,LOW(-@2)
                 	SBCI R31,HIGH(-@2)
                 	ST   Z+,R@0
                 	ST   Z,R@1
                 	.ENDM
                 
                 	.MACRO __PUTB1SNX
                 	MOVW R26,R28
                 	SUBI R26,LOW(-@0)
                 	SBCI R27,HIGH(-@0)
                 	LD   R0,X+
                 	LD   R27,X
                 	MOV  R26,R0
                 	SUBI R26,LOW(-@1)
                 	SBCI R27,HIGH(-@1)
                 	ST   X,R30
                 	.ENDM
                 
                 	.MACRO __PUTW1SNX
                 	MOVW R26,R28
                 	SUBI R26,LOW(-@0)
                 	SBCI R27,HIGH(-@0)
                 	LD   R0,X+
                 	LD   R27,X
                 	MOV  R26,R0
                 	SUBI R26,LOW(-@1)
                 	SBCI R27,HIGH(-@1)
                 	ST   X+,R30
                 	ST   X,R31
                 	.ENDM
                 
                 	.MACRO __PUTD1SNX
                 	MOVW R26,R28
                 	SUBI R26,LOW(-@0)
                 	SBCI R27,HIGH(-@0)
                 	LD   R0,X+
                 	LD   R27,X
                 	MOV  R26,R0
                 	SUBI R26,LOW(-@1)
                 	SBCI R27,HIGH(-@1)
                 	ST   X+,R30
                 	ST   X+,R31
                 	ST   X+,R22
                 	ST   X,R23
                 	.ENDM
                 
                 	.MACRO __MULBRR
                 	MULS R@0,R@1
                 	MOVW R30,R0
                 	.ENDM
                 
                 	.MACRO __MULBRRU
                 	MUL  R@0,R@1
                 	MOVW R30,R0
                 	.ENDM
                 
                 	.MACRO __MULBRR0
                 	MULS R@0,R@1
                 	.ENDM
                 
                 	.MACRO __MULBRRU0
                 	MUL  R@0,R@1
                 	.ENDM
                 
                 	.MACRO __MULBNWRU
                 	LDI  R26,@2
                 	MUL  R26,R@0
                 	MOVW R30,R0
                 	MUL  R26,R@1
                 	ADD  R31,R0
                 	.ENDM
                 
                 ;NAME DEFINITIONS FOR GLOBAL VARIABLES ALLOCATED TO REGISTERS
                 	.DEF __lcd_x=R5
                 	.DEF __lcd_y=R4
                 	.DEF __lcd_maxx=R7
                 
                 	.CSEG
                 	.ORG 0x00
                 
                 ;START OF CODE MARKER
                 __START_OF_CODE:
                 
                 ;INTERRUPT VECTORS
000000 940c 0040 	JMP  __RESET
000002 940c 0000 	JMP  0x00
000004 940c 0000 	JMP  0x00
000006 940c 0000 	JMP  0x00
000008 940c 0000 	JMP  0x00
00000a 940c 0000 	JMP  0x00
00000c 940c 0000 	JMP  0x00
00000e 940c 0000 	JMP  0x00
000010 940c 0000 	JMP  0x00
000012 940c 0000 	JMP  0x00
000014 940c 0000 	JMP  0x00
000016 940c 0000 	JMP  0x00
000018 940c 0000 	JMP  0x00
00001a 940c 0000 	JMP  0x00
00001c 940c 0071 	JMP  _adc_isr
00001e 940c 0000 	JMP  0x00
000020 940c 0000 	JMP  0x00
000022 940c 0000 	JMP  0x00
000024 940c 0000 	JMP  0x00
000026 940c 0000 	JMP  0x00
000028 940c 0000 	JMP  0x00
                 
                 _tbl10_G101:
00002a 2710
00002b 03e8
00002c 0064
00002d 000a      	.DB  0x10,0x27,0xE8,0x3,0x64,0x0,0xA,0x0
00002e 0001      	.DB  0x1,0x0
                 _tbl16_G101:
00002f 1000
000030 0100
000031 0010
000032 0001      	.DB  0x0,0x10,0x0,0x1,0x10,0x0,0x1,0x0
                 
                 _0x20000:
000033 6843
000034 6e61
000035 656e
000036 206c      	.DB  0x43,0x68,0x61,0x6E,0x6E,0x65,0x6C,0x20
000037 6425
000038 253a
000039 4d64
00003a 0076      	.DB  0x25,0x64,0x3A,0x25,0x64,0x4D,0x76,0x0
                 _0x2000003:
00003b c080      	.DB  0x80,0xC0
                 
                 __GLOBAL_INI_TBL:
00003c 0002      	.DW  0x02
00003d 0183      	.DW  __base_y_G100
00003e 0076      	.DW  _0x2000003*2
                 
                 _0xFFFFFFFF:
00003f 0000      	.DW  0
                 
                 #define __GLOBAL_INI_TBL_PRESENT 1
                 
                 __RESET:
000040 94f8      	CLI
000041 27ee      	CLR  R30
000042 bbec      	OUT  EECR,R30
                 
                 ;INTERRUPT VECTORS ARE PLACED
                 ;AT THE START OF FLASH
000043 e0f1      	LDI  R31,1
000044 bffb      	OUT  GICR,R31
000045 bfeb      	OUT  GICR,R30
000046 bfe5      	OUT  MCUCR,R30
                 
                 ;CLEAR R2-R14
000047 e08d      	LDI  R24,(14-2)+1
000048 e0a2      	LDI  R26,2
000049 27bb      	CLR  R27
                 __CLEAR_REG:
00004a 93ed      	ST   X+,R30
00004b 958a      	DEC  R24
00004c f7e9      	BRNE __CLEAR_REG
                 
                 ;CLEAR SRAM
00004d e080      	LDI  R24,LOW(__CLEAR_SRAM_SIZE)
00004e e094      	LDI  R25,HIGH(__CLEAR_SRAM_SIZE)
00004f e6a0      	LDI  R26,__SRAM_START
                 __CLEAR_SRAM:
000050 93ed      	ST   X+,R30
000051 9701      	SBIW R24,1
000052 f7e9      	BRNE __CLEAR_SRAM
                 
                 ;GLOBAL VARIABLES INITIALIZATION
000053 e7e8      	LDI  R30,LOW(__GLOBAL_INI_TBL*2)
000054 e0f0      	LDI  R31,HIGH(__GLOBAL_INI_TBL*2)
                 __GLOBAL_INI_NEXT:
000055 9185      	LPM  R24,Z+
000056 9195      	LPM  R25,Z+
000057 9700      	SBIW R24,0
000058 f061      	BREQ __GLOBAL_INI_END
000059 91a5      	LPM  R26,Z+
00005a 91b5      	LPM  R27,Z+
00005b 9005      	LPM  R0,Z+
00005c 9015      	LPM  R1,Z+
00005d 01bf      	MOVW R22,R30
00005e 01f0      	MOVW R30,R0
                 __GLOBAL_INI_LOOP:
00005f 9005      	LPM  R0,Z+
000060 920d      	ST   X+,R0
000061 9701      	SBIW R24,1
000062 f7e1      	BRNE __GLOBAL_INI_LOOP
000063 01fb      	MOVW R30,R22
000064 cff0      	RJMP __GLOBAL_INI_NEXT
                 __GLOBAL_INI_END:
                 
                 ;HARDWARE STACK POINTER INITIALIZATION
000065 e5ef      	LDI  R30,LOW(__SRAM_END-__HEAP_SIZE)
000066 bfed      	OUT  SPL,R30
000067 e0e4      	LDI  R30,HIGH(__SRAM_END-__HEAP_SIZE)
000068 bfee      	OUT  SPH,R30
                 
                 ;DATA STACK POINTER INITIALIZATION
000069 e6c0      	LDI  R28,LOW(__SRAM_START+__DSTACK_SIZE)
00006a e0d1      	LDI  R29,HIGH(__SRAM_START+__DSTACK_SIZE)
                 
00006b 940c 006d 	JMP  _main
                 
                 	.ESEG
                 	.ORG 0
                 
                 	.DSEG
                 	.ORG 0x160
                 
                 	.CSEG
                 ;/*******************************************************
                 ;This program was created by the
                 ;CodeWizardAVR V3.12 Advanced
                 ;Automatic Program Generator
                 ;© Copyright 1998-2014 Pavel Haiduc, HP InfoTech s.r.l.
                 ;http://www.hpinfotech.com
                 ;
                 ;Project :
                 ;Version :
                 ;Date    : 25/04/2022
                 ;Author  :
                 ;Company :
                 ;Comments:
                 ;
                 ;
                 ;Chip type               : ATmega16
                 ;Program type            : Application
                 ;AVR Core Clock frequency: 8/000000 MHz
                 ;Memory model            : Small
                 ;External RAM size       : 0
                 ;Data Stack size         : 256
                 ;*******************************************************/
                 ;#include <header.h>
                 	#ifndef __SLEEP_DEFINED__
                 	#define __SLEEP_DEFINED__
                 	.EQU __se_bit=0x40
                 	.EQU __sm_mask=0xB0
                 	.EQU __sm_powerdown=0x20
                 	.EQU __sm_powersave=0x30
                 	.EQU __sm_standby=0xA0
                 	.EQU __sm_ext_standby=0xB0
                 	.EQU __sm_adc_noise_red=0x10
                 	.SET power_ctrl_reg=mcucr
                 	#endif
                 ;// Declare your global variables here
                 ;unsigned int adc_data[LAST_ADC_INPUT-FIRST_ADC_INPUT+1];
                 ;unsigned int tmp_adc[LAST_ADC_INPUT-FIRST_ADC_INPUT+1];
                 ;
                 ;void main(void)
                 ; 0000 001D {
                 
                 	.CSEG
                 _main:
                 ; .FSTART _main
                 ; 0000 001E init_acd_interupt();
00006d d031      	RCALL _init_acd_interupt
                 ; 0000 001F while (1)
                 _0x3:
                 ; 0000 0020       {
                 ; 0000 0021       // Place your code here
                 ; 0000 0022             func2_interupt();
00006e d046      	RCALL _func2_interupt
                 ; 0000 0023 
                 ; 0000 0024       }
00006f cffe      	RJMP _0x3
                 ; 0000 0025 }
                 _0x6:
000070 cfff      	RJMP _0x6
                 ; .FEND
                 ;#include <header.h>
                 	#ifndef __SLEEP_DEFINED__
                 	#endif
                 ;
                 ;
                 ;interrupt [ADC_INT] void adc_isr(void)
                 ; 0001 0005 {
                 
                 	.CSEG
                 _adc_isr:
                 ; .FSTART _adc_isr
000071 938a      	ST   -Y,R24
000072 93aa      	ST   -Y,R26
000073 93ba      	ST   -Y,R27
000074 93ea      	ST   -Y,R30
000075 93fa      	ST   -Y,R31
000076 b7ef      	IN   R30,SREG
000077 93ea      	ST   -Y,R30
                 ; 0001 0006 static unsigned char input_index=0;
                 ; 0001 0007 // Read the AD conversion result
                 ; 0001 0008 adc_data[input_index]=ADCW;
000078 91e0 0180 	LDS  R30,_input_index_S0010000000
00007a e6a0      	LDI  R26,LOW(_adc_data)
00007b e0b1      	LDI  R27,HIGH(_adc_data)
00007c e0f0      	LDI  R31,0
00007d 0fee      	LSL  R30
00007e 1fff      	ROL  R31
00007f 0fae      	ADD  R26,R30
000080 1fbf      	ADC  R27,R31
000081 b1e4      	IN   R30,0x4
000082 b1f5      	IN   R31,0x4+1
000083 93ed      	ST   X+,R30
000084 93fc      	ST   X,R31
                 ; 0001 0009 // Select next ADC input
                 ; 0001 000A if (++input_index > (LAST_ADC_INPUT-FIRST_ADC_INPUT))
000085 91a0 0180 	LDS  R26,_input_index_S0010000000
000087 5faf      	SUBI R26,-LOW(1)
000088 93a0 0180 	STS  _input_index_S0010000000,R26
00008a 30a8      	CPI  R26,LOW(0x8)
00008b f018      	BRLO _0x20003
                 ; 0001 000B    input_index=0;
00008c e0e0      	LDI  R30,LOW(0)
00008d 93e0 0180 	STS  _input_index_S0010000000,R30
                 ; 0001 000C ADMUX=(FIRST_ADC_INPUT | ADC_VREF_TYPE)+input_index;
                 _0x20003:
00008f 91e0 0180 	LDS  R30,_input_index_S0010000000
000091 5ce0      	SUBI R30,-LOW(64)
000092 b9e7      	OUT  0x7,R30
                 ; 0001 000D // Delay needed for the stabilization of the ADC input voltage
                 ; 0001 000E delay_us(10);
                +
000093 e18b     +LDI R24 , LOW ( 27 )
                +__DELAY_USB_LOOP :
000094 958a     +DEC R24
000095 f7f1     +BRNE __DELAY_USB_LOOP
                 	__DELAY_USB 27
                 ; 0001 000F // Start the AD conversion
                 ; 0001 0010 ADCSRA|=(1<<ADSC);
000096 9a36      	SBI  0x6,6
                 ; 0001 0011 }
000097 91e9      	LD   R30,Y+
000098 bfef      	OUT  SREG,R30
000099 91f9      	LD   R31,Y+
00009a 91e9      	LD   R30,Y+
00009b 91b9      	LD   R27,Y+
00009c 91a9      	LD   R26,Y+
00009d 9189      	LD   R24,Y+
00009e 9518      	RETI
                 ; .FEND
                 ;
                 ;
                 ;void init_acd_interupt(void){
                 ; 0001 0014 void init_acd_interupt(void){
                 _init_acd_interupt:
                 ; .FSTART _init_acd_interupt
                 ; 0001 0015 
                 ; 0001 0016 char str[16];
                 ; 0001 0017 int i;
                 ; 0001 0018 // Declare your local variables here
                 ; 0001 0019 
                 ; 0001 001A // Input/Output Ports initialization
                 ; 0001 001B // Port A initialization
                 ; 0001 001C // Function: Bit7=In Bit6=In Bit5=In Bit4=In Bit3=In Bit2=In Bit1=In Bit0=In
                 ; 0001 001D DDRA=(0<<DDA7) | (0<<DDA6) | (0<<DDA5) | (0<<DDA4) | (0<<DDA3) | (0<<DDA2) | (0<<DDA1) | (0<<DDA0);
00009f 9760      	SBIW R28,16
0000a0 931a      	ST   -Y,R17
0000a1 930a      	ST   -Y,R16
                 ;	str -> Y+2
                 ;	i -> R16,R17
0000a2 e0e0      	LDI  R30,LOW(0)
0000a3 bbea      	OUT  0x1A,R30
                 ; 0001 001E // State: Bit7=T Bit6=T Bit5=T Bit4=T Bit3=T Bit2=T Bit1=T Bit0=T
                 ; 0001 001F PORTA=(0<<PORTA7) | (0<<PORTA6) | (0<<PORTA5) | (0<<PORTA4) | (0<<PORTA3) | (0<<PORTA2) | (0<<PORTA1) | (0<<PORTA0);
0000a4 bbeb      	OUT  0x1B,R30
                 ; 0001 0020 
                 ; 0001 0021 // Port B initialization
                 ; 0001 0022 // Function: Bit7=In Bit6=In Bit5=In Bit4=In Bit3=In Bit2=In Bit1=In Bit0=In
                 ; 0001 0023 DDRB=(0<<DDB7) | (0<<DDB6) | (0<<DDB5) | (0<<DDB4) | (0<<DDB3) | (0<<DDB2) | (0<<DDB1) | (0<<DDB0);
0000a5 bbe7      	OUT  0x17,R30
                 ; 0001 0024 // State: Bit7=T Bit6=T Bit5=T Bit4=T Bit3=T Bit2=T Bit1=T Bit0=T
                 ; 0001 0025 PORTB=(0<<PORTB7) | (0<<PORTB6) | (0<<PORTB5) | (0<<PORTB4) | (0<<PORTB3) | (0<<PORTB2) | (0<<PORTB1) | (0<<PORTB0);
0000a6 bbe8      	OUT  0x18,R30
                 ; 0001 0026 
                 ; 0001 0027 // Port C initialization
                 ; 0001 0028 // Function: Bit7=In Bit6=In Bit5=In Bit4=In Bit3=In Bit2=In Bit1=In Bit0=In
                 ; 0001 0029 DDRC=(0<<DDC7) | (0<<DDC6) | (0<<DDC5) | (0<<DDC4) | (0<<DDC3) | (0<<DDC2) | (0<<DDC1) | (0<<DDC0);
0000a7 bbe4      	OUT  0x14,R30
                 ; 0001 002A // State: Bit7=T Bit6=T Bit5=T Bit4=T Bit3=T Bit2=T Bit1=T Bit0=T
                 ; 0001 002B PORTC=(0<<PORTC7) | (0<<PORTC6) | (0<<PORTC5) | (0<<PORTC4) | (0<<PORTC3) | (0<<PORTC2) | (0<<PORTC1) | (0<<PORTC0);
0000a8 bbe5      	OUT  0x15,R30
                 ; 0001 002C 
                 ; 0001 002D // Port D initialization
                 ; 0001 002E // Function: Bit7=In Bit6=In Bit5=In Bit4=In Bit3=In Bit2=In Bit1=In Bit0=In
                 ; 0001 002F DDRD=(0<<DDD7) | (0<<DDD6) | (0<<DDD5) | (0<<DDD4) | (0<<DDD3) | (0<<DDD2) | (0<<DDD1) | (0<<DDD0);
0000a9 bbe1      	OUT  0x11,R30
                 ; 0001 0030 // State: Bit7=T Bit6=T Bit5=T Bit4=T Bit3=T Bit2=T Bit1=T Bit0=T
                 ; 0001 0031 PORTD=(0<<PORTD7) | (0<<PORTD6) | (0<<PORTD5) | (0<<PORTD4) | (0<<PORTD3) | (0<<PORTD2) | (0<<PORTD1) | (0<<PORTD0);
0000aa bbe2      	OUT  0x12,R30
                 ; 0001 0032 
                 ; 0001 0033 // ADC initialization
                 ; 0001 0034 // ADC Clock frequency: 1000/000 kHz
                 ; 0001 0035 // ADC Voltage Reference: AVCC pin
                 ; 0001 0036 // ADC Auto Trigger Source: Free Running
                 ; 0001 0037 ADMUX=FIRST_ADC_INPUT | ADC_VREF_TYPE;
0000ab e4e0      	LDI  R30,LOW(64)
0000ac b9e7      	OUT  0x7,R30
                 ; 0001 0038 ADCSRA=(1<<ADEN) | (1<<ADSC) | (1<<ADATE) | (0<<ADIF) | (1<<ADIE) | (0<<ADPS2) | (1<<ADPS1) | (1<<ADPS0);
0000ad eeeb      	LDI  R30,LOW(235)
0000ae b9e6      	OUT  0x6,R30
                 ; 0001 0039 SFIOR=(0<<ADTS2) | (0<<ADTS1) | (0<<ADTS0);
0000af e0e0      	LDI  R30,LOW(0)
0000b0 bfe0      	OUT  0x30,R30
                 ; 0001 003A 
                 ; 0001 003B // Alphanumeric LCD initialization
                 ; 0001 003C // Connections are specified in the
                 ; 0001 003D // Project|Configure|C Compiler|Libraries|Alphanumeric LCD menu:
                 ; 0001 003E // RS - PORTC Bit 0
                 ; 0001 003F // RD - PORTC Bit 1
                 ; 0001 0040 // EN - PORTC Bit 2
                 ; 0001 0041 // D4 - PORTC Bit 4
                 ; 0001 0042 // D5 - PORTC Bit 5
                 ; 0001 0043 // D6 - PORTC Bit 6
                 ; 0001 0044 // D7 - PORTC Bit 7
                 ; 0001 0045 // Characters/line: 16
                 ; 0001 0046 lcd_init(16);
0000b1 e1a0      	LDI  R26,LOW(16)
0000b2 d0d1      	RCALL _lcd_init
                 ; 0001 0047 
                 ; 0001 0048 // Global enable interrupts
                 ; 0001 0049 #asm("sei")
0000b3 9478      	sei
                 ; 0001 004A 
                 ; 0001 004B 
                 ; 0001 004C }
0000b4 c06c      	RJMP _0x2080003
                 ; .FEND
                 ;
                 ;
                 ;
                 ;void func2_interupt(void){
                 ; 0001 0050 void func2_interupt(void){
                 _func2_interupt:
                 ; .FSTART _func2_interupt
                 ; 0001 0051       int i ;
                 ; 0001 0052       char str[16];
                 ; 0001 0053       static int indexing = 0;
                 ; 0001 0054       for(i = FIRST_ADC_INPUT ;i<= LAST_ADC_INPUT ; i++){
0000b5 9760      	SBIW R28,16
0000b6 931a      	ST   -Y,R17
0000b7 930a      	ST   -Y,R16
                 ;	i -> R16,R17
                 ;	str -> Y+2
                +
0000b8 e000     +LDI R16 , LOW ( 0 )
0000b9 e010     +LDI R17 , HIGH ( 0 )
                 	__GETWRN 16,17,0
                 _0x20005:
                +
0000ba 3008     +CPI R16 , LOW ( 8 )
0000bb e0e0     +LDI R30 , HIGH ( 8 )
0000bc 071e     +CPC R17 , R30
                 	__CPWRN 16,17,8
0000bd f00c      	BRLT PC+2
0000be c05c      	RJMP _0x20006
                 ; 0001 0055            if ( indexing = 0){
0000bf e0e0      	LDI  R30,LOW(0)
0000c0 e0f0      	LDI  R31,HIGH(0)
0000c1 93e0 0181 	STS  _indexing_S0010002000,R30
0000c3 93f0 0182 	STS  _indexing_S0010002000+1,R31
0000c5 9730      	SBIW R30,0
0000c6 f529      	BRNE _0x2000C
                 ; 0001 0056 
                 ; 0001 0057                    sprintf(str , "Channel %d:%dMv" ,i, ((adc_data[i]* 5)/1023)* 1000 );
                 ; 0001 0058                    lcd_puts(str);
                 ; 0001 0059                    delay_ms(600);
                 ; 0001 005A                    lcd_clear();
                 ; 0001 005B 
                 ; 0001 005C            }
                 ; 0001 005D 
                 ; 0001 005E            else if ( ((adc_data[i]* 5)/1023)* 1000 <  tmp_adc[i] * 0.95 ||  ((adc_data[i]* 5)/1023)* 1000 >  tmp_adc[i]  ...
0000c7 940e 0373 	CALL SUBOPT_0x0
0000c9 93ff      	PUSH R31
0000ca 93ef      	PUSH R30
0000cb 940e 038a 	CALL SUBOPT_0x1
                +
0000cd e3a3     +LDI R26 , LOW ( 0x3F733333 )
0000ce e3b3     +LDI R27 , HIGH ( 0x3F733333 )
0000cf e783     +LDI R24 , BYTE3 ( 0x3F733333 )
0000d0 e39f     +LDI R25 , BYTE4 ( 0x3F733333 )
                 	__GETD2N 0x3F733333
0000d1 940e 0440 	CALL __MULF12
0000d3 91af      	POP  R26
0000d4 91bf      	POP  R27
0000d5 940e 0398 	CALL SUBOPT_0x2
0000d7 f0a0      	BRLO _0x2000A
0000d8 940e 0373 	CALL SUBOPT_0x0
0000da 93ff      	PUSH R31
0000db 93ef      	PUSH R30
0000dc 940e 038a 	CALL SUBOPT_0x1
                +
0000de e6a6     +LDI R26 , LOW ( 0x3F866666 )
0000df e6b6     +LDI R27 , HIGH ( 0x3F866666 )
0000e0 e886     +LDI R24 , BYTE3 ( 0x3F866666 )
0000e1 e39f     +LDI R25 , BYTE4 ( 0x3F866666 )
                 	__GETD2N 0x3F866666
0000e2 940e 0440 	CALL __MULF12
0000e4 91af      	POP  R26
0000e5 91bf      	POP  R27
0000e6 940e 0398 	CALL SUBOPT_0x2
0000e8 f011      	BREQ PC+3
0000e9 f008      	BRCS PC+2
0000ea c001      	RJMP _0x2000A
0000eb c01f      	RJMP _0x20009
                 _0x2000A:
                 ; 0001 005F 
                 ; 0001 0060                    sprintf(str , "Channel %d:%dMv" ,i, ((adc_data[i]* 5)/1023)* 1000 );
                 _0x2000C:
0000ec 01fe      	MOVW R30,R28
0000ed 9632      	ADIW R30,2
0000ee 93fa      	ST   -Y,R31
0000ef 93ea      	ST   -Y,R30
                +
0000f0 e6e6     +LDI R30 , LOW ( 2 * _0x20000 + ( 0 ) )
0000f1 e0f0     +LDI R31 , HIGH ( 2 * _0x20000 + ( 0 ) )
                 	__POINTW1FN _0x20000,0
0000f2 93fa      	ST   -Y,R31
0000f3 93ea      	ST   -Y,R30
0000f4 01f8      	MOVW R30,R16
0000f5 940e 04be 	CALL __CWD1
0000f7 940e 04eb 	CALL __PUTPARD1
0000f9 940e 0373 	CALL SUBOPT_0x0
0000fb 2766      	CLR  R22
0000fc 2777      	CLR  R23
0000fd 940e 04eb 	CALL __PUTPARD1
0000ff e088      	LDI  R24,8
000100 940e 0326 	CALL _sprintf
000102 962c      	ADIW R28,12
                 ; 0001 0061                    lcd_puts(str);
000103 01de      	MOVW R26,R28
000104 9612      	ADIW R26,2
000105 d06d      	RCALL _lcd_puts
                 ; 0001 0062                    delay_ms(600);
000106 e5a8      	LDI  R26,LOW(600)
000107 e0b2      	LDI  R27,HIGH(600)
000108 940e 03d9 	CALL _delay_ms
                 ; 0001 0063                    lcd_clear();
00010a d047      	RCALL _lcd_clear
                 ; 0001 0064 
                 ; 0001 0065            }
                 ; 0001 0066 
                 ; 0001 0067             tmp_adc[i] = ((adc_data[i]* 5)/1023)* 1000 ;
                 _0x20009:
00010b 01f8      	MOVW R30,R16
00010c e7a0      	LDI  R26,LOW(_tmp_adc)
00010d e0b1      	LDI  R27,HIGH(_tmp_adc)
00010e 0fee      	LSL  R30
00010f 1fff      	ROL  R31
000110 0fea      	ADD  R30,R26
000111 1ffb      	ADC  R31,R27
000112 01bf      	MOVW R22,R30
000113 940e 0373 	CALL SUBOPT_0x0
000115 01db      	MOVW R26,R22
000116 93ed      	ST   X+,R30
000117 93fc      	ST   X,R31
                 ; 0001 0068 
                 ; 0001 0069         }
                +
000118 5f0f     +SUBI R16 , LOW ( - 1 )
000119 4f1f     +SBCI R17 , HIGH ( - 1 )
                 	__ADDWRN 16,17,1
00011a cf9f      	RJMP _0x20005
                 _0x20006:
                 ; 0001 006A        indexing =1;
00011b e0e1      	LDI  R30,LOW(1)
00011c e0f0      	LDI  R31,HIGH(1)
00011d 93e0 0181 	STS  _indexing_S0010002000,R30
00011f 93f0 0182 	STS  _indexing_S0010002000+1,R31
                 ; 0001 006B 
                 ; 0001 006C 
                 ; 0001 006D }
                 _0x2080003:
000121 8119      	LDD  R17,Y+1
000122 8108      	LDD  R16,Y+0
000123 9662      	ADIW R28,18
000124 9508      	RET
                 ; .FEND
                 	#ifndef __SLEEP_DEFINED__
                 	#endif
                 
                 	.DSEG
                 
                 	.CSEG
                 __lcd_write_nibble_G100:
                 ; .FSTART __lcd_write_nibble_G100
000125 93aa      	ST   -Y,R26
000126 b3e5      	IN   R30,0x15
000127 70ef      	ANDI R30,LOW(0xF)
000128 2fae      	MOV  R26,R30
000129 81e8      	LD   R30,Y
00012a 7fe0      	ANDI R30,LOW(0xF0)
00012b 2bea      	OR   R30,R26
00012c bbe5      	OUT  0x15,R30
                +
00012d e08d     +LDI R24 , LOW ( 13 )
                +__DELAY_USB_LOOP :
00012e 958a     +DEC R24
00012f f7f1     +BRNE __DELAY_USB_LOOP
                 	__DELAY_USB 13
000130 9aaa      	SBI  0x15,2
                +
000131 e08d     +LDI R24 , LOW ( 13 )
                +__DELAY_USB_LOOP :
000132 958a     +DEC R24
000133 f7f1     +BRNE __DELAY_USB_LOOP
                 	__DELAY_USB 13
000134 98aa      	CBI  0x15,2
                +
000135 e08d     +LDI R24 , LOW ( 13 )
                +__DELAY_USB_LOOP :
000136 958a     +DEC R24
000137 f7f1     +BRNE __DELAY_USB_LOOP
                 	__DELAY_USB 13
000138 c077      	RJMP _0x2080002
                 ; .FEND
                 __lcd_write_data:
                 ; .FSTART __lcd_write_data
000139 93aa      	ST   -Y,R26
00013a 81a8      	LD   R26,Y
00013b dfe9      	RCALL __lcd_write_nibble_G100
00013c 81e8          ld    r30,y
00013d 95e2          swap  r30
00013e 83e8          st    y,r30
00013f 81a8      	LD   R26,Y
000140 dfe4      	RCALL __lcd_write_nibble_G100
                +
000141 e885     +LDI R24 , LOW ( 133 )
                +__DELAY_USB_LOOP :
000142 958a     +DEC R24
000143 f7f1     +BRNE __DELAY_USB_LOOP
                 	__DELAY_USB 133
000144 c06b      	RJMP _0x2080002
                 ; .FEND
                 _lcd_gotoxy:
                 ; .FSTART _lcd_gotoxy
000145 93aa      	ST   -Y,R26
000146 81e8      	LD   R30,Y
000147 e0f0      	LDI  R31,0
000148 57ed      	SUBI R30,LOW(-__base_y_G100)
000149 4ffe      	SBCI R31,HIGH(-__base_y_G100)
00014a 81e0      	LD   R30,Z
00014b 81a9      	LDD  R26,Y+1
00014c 0fae      	ADD  R26,R30
00014d dfeb      	RCALL __lcd_write_data
00014e 8059      	LDD  R5,Y+1
00014f 8048      	LDD  R4,Y+0
000150 9622      	ADIW R28,2
000151 9508      	RET
                 ; .FEND
                 _lcd_clear:
                 ; .FSTART _lcd_clear
000152 e0a2      	LDI  R26,LOW(2)
000153 940e 039f 	CALL SUBOPT_0x3
000155 e0ac      	LDI  R26,LOW(12)
000156 dfe2      	RCALL __lcd_write_data
000157 e0a1      	LDI  R26,LOW(1)
000158 940e 039f 	CALL SUBOPT_0x3
00015a e0e0      	LDI  R30,LOW(0)
00015b 2e4e      	MOV  R4,R30
00015c 2e5e      	MOV  R5,R30
00015d 9508      	RET
                 ; .FEND
                 _lcd_putchar:
                 ; .FSTART _lcd_putchar
00015e 93aa      	ST   -Y,R26
00015f 81a8      	LD   R26,Y
000160 30aa      	CPI  R26,LOW(0xA)
000161 f011      	BREQ _0x2000005
000162 1457      	CP   R5,R7
000163 f048      	BRLO _0x2000004
                 _0x2000005:
000164 e0e0      	LDI  R30,LOW(0)
000165 93ea      	ST   -Y,R30
000166 9443      	INC  R4
000167 2da4      	MOV  R26,R4
000168 dfdc      	RCALL _lcd_gotoxy
000169 81a8      	LD   R26,Y
00016a 30aa      	CPI  R26,LOW(0xA)
00016b f409      	BRNE _0x2000007
00016c c043      	RJMP _0x2080002
                 _0x2000007:
                 _0x2000004:
00016d 9453      	INC  R5
00016e 9aa8      	SBI  0x15,0
00016f 81a8      	LD   R26,Y
000170 dfc8      	RCALL __lcd_write_data
000171 98a8      	CBI  0x15,0
000172 c03d      	RJMP _0x2080002
                 ; .FEND
                 _lcd_puts:
                 ; .FSTART _lcd_puts
000173 93ba      	ST   -Y,R27
000174 93aa      	ST   -Y,R26
000175 931a      	ST   -Y,R17
                 _0x2000008:
000176 81a9      	LDD  R26,Y+1
000177 81ba      	LDD  R27,Y+1+1
000178 91ed      	LD   R30,X+
000179 83a9      	STD  Y+1,R26
00017a 83ba      	STD  Y+1+1,R27
00017b 2f1e      	MOV  R17,R30
00017c 30e0      	CPI  R30,0
00017d f019      	BREQ _0x200000A
00017e 2fa1      	MOV  R26,R17
00017f dfde      	RCALL _lcd_putchar
000180 cff5      	RJMP _0x2000008
                 _0x200000A:
000181 8118      	LDD  R17,Y+0
000182 9623      	ADIW R28,3
000183 9508      	RET
                 ; .FEND
                 _lcd_init:
                 ; .FSTART _lcd_init
000184 93aa      	ST   -Y,R26
000185 b3e4      	IN   R30,0x14
000186 6fe0      	ORI  R30,LOW(0xF0)
000187 bbe4      	OUT  0x14,R30
000188 9aa2      	SBI  0x14,2
000189 9aa0      	SBI  0x14,0
00018a 9aa1      	SBI  0x14,1
00018b 98aa      	CBI  0x15,2
00018c 98a8      	CBI  0x15,0
00018d 98a9      	CBI  0x15,1
00018e 8078      	LDD  R7,Y+0
00018f 81e8      	LD   R30,Y
000190 58e0      	SUBI R30,-LOW(128)
                +
000191 93e0 0185+STS __base_y_G100 + ( 2 ) , R30
                 	__PUTB1MN __base_y_G100,2
000193 81e8      	LD   R30,Y
000194 54e0      	SUBI R30,-LOW(192)
                +
000195 93e0 0186+STS __base_y_G100 + ( 3 ) , R30
                 	__PUTB1MN __base_y_G100,3
000197 e1a4      	LDI  R26,LOW(20)
000198 e0b0      	LDI  R27,0
000199 940e 03d9 	CALL _delay_ms
00019b 940e 03a5 	CALL SUBOPT_0x4
00019d 940e 03a5 	CALL SUBOPT_0x4
00019f 940e 03a5 	CALL SUBOPT_0x4
0001a1 e2a0      	LDI  R26,LOW(32)
0001a2 df82      	RCALL __lcd_write_nibble_G100
                +
0001a3 ec88     +LDI R24 , LOW ( 200 )
0001a4 e090     +LDI R25 , HIGH ( 200 )
                +__DELAY_USW_LOOP :
0001a5 9701     +SBIW R24 , 1
0001a6 f7f1     +BRNE __DELAY_USW_LOOP
                 	__DELAY_USW 200
0001a7 e2a8      	LDI  R26,LOW(40)
0001a8 df90      	RCALL __lcd_write_data
0001a9 e0a4      	LDI  R26,LOW(4)
0001aa df8e      	RCALL __lcd_write_data
0001ab e8a5      	LDI  R26,LOW(133)
0001ac df8c      	RCALL __lcd_write_data
0001ad e0a6      	LDI  R26,LOW(6)
0001ae df8a      	RCALL __lcd_write_data
0001af dfa2      	RCALL _lcd_clear
                 _0x2080002:
0001b0 9621      	ADIW R28,1
0001b1 9508      	RET
                 ; .FEND
                 	#ifndef __SLEEP_DEFINED__
                 	#endif
                 
                 	.CSEG
                 _put_buff_G101:
                 ; .FSTART _put_buff_G101
0001b2 93ba      	ST   -Y,R27
0001b3 93aa      	ST   -Y,R26
0001b4 931a      	ST   -Y,R17
0001b5 930a      	ST   -Y,R16
0001b6 81aa      	LDD  R26,Y+2
0001b7 81bb      	LDD  R27,Y+2+1
0001b8 9612      	ADIW R26,2
0001b9 940e 04e3 	CALL __GETW1P
0001bb 9730      	SBIW R30,0
0001bc f159      	BREQ _0x2020010
0001bd 81aa      	LDD  R26,Y+2
0001be 81bb      	LDD  R27,Y+2+1
0001bf 9614      	ADIW R26,4
0001c0 940e 04e3 	CALL __GETW1P
0001c2 018f      	MOVW R16,R30
0001c3 9730      	SBIW R30,0
0001c4 f061      	BREQ _0x2020012
                +
0001c5 3002     +CPI R16 , LOW ( 2 )
0001c6 e0e0     +LDI R30 , HIGH ( 2 )
0001c7 071e     +CPC R17 , R30
                 	__CPWRN 16,17,2
0001c8 f098      	BRLO _0x2020013
0001c9 01f8      	MOVW R30,R16
0001ca 9731      	SBIW R30,1
0001cb 018f      	MOVW R16,R30
                +
0001cc 81aa     +LDD R26 , Y + 2
0001cd 81bb     +LDD R27 , Y + 2 + 1
0001ce 9614     +ADIW R26 , 4
0001cf 93ed     +ST X + , R30
0001d0 93fc     +ST X , R31
                 	__PUTW1SNS 2,4
                 _0x2020012:
0001d1 81aa      	LDD  R26,Y+2
0001d2 81bb      	LDD  R27,Y+2+1
0001d3 9612      	ADIW R26,2
0001d4 91ed      	LD   R30,X+
0001d5 91fd      	LD   R31,X+
0001d6 9631      	ADIW R30,1
0001d7 93fe      	ST   -X,R31
0001d8 93ee      	ST   -X,R30
0001d9 9731      	SBIW R30,1
0001da 81ac      	LDD  R26,Y+4
0001db 83a0      	STD  Z+0,R26
                 _0x2020013:
0001dc 81aa      	LDD  R26,Y+2
0001dd 81bb      	LDD  R27,Y+2+1
0001de 940e 04e3 	CALL __GETW1P
0001e0 23ff      	TST  R31
0001e1 f02a      	BRMI _0x2020014
0001e2 91ed      	LD   R30,X+
0001e3 91fd      	LD   R31,X+
0001e4 9631      	ADIW R30,1
0001e5 93fe      	ST   -X,R31
0001e6 93ee      	ST   -X,R30
                 _0x2020014:
0001e7 c006      	RJMP _0x2020015
                 _0x2020010:
0001e8 81aa      	LDD  R26,Y+2
0001e9 81bb      	LDD  R27,Y+2+1
0001ea efef      	LDI  R30,LOW(65535)
0001eb efff      	LDI  R31,HIGH(65535)
0001ec 93ed      	ST   X+,R30
0001ed 93fc      	ST   X,R31
                 _0x2020015:
0001ee 8119      	LDD  R17,Y+1
0001ef 8108      	LDD  R16,Y+0
0001f0 9625      	ADIW R28,5
0001f1 9508      	RET
                 ; .FEND
                 __print_G101:
                 ; .FSTART __print_G101
0001f2 93ba      	ST   -Y,R27
0001f3 93aa      	ST   -Y,R26
0001f4 9726      	SBIW R28,6
0001f5 940e 0502 	CALL __SAVELOCR6
0001f7 e010      	LDI  R17,0
0001f8 85ac      	LDD  R26,Y+12
0001f9 85bd      	LDD  R27,Y+12+1
0001fa e0e0      	LDI  R30,LOW(0)
0001fb e0f0      	LDI  R31,HIGH(0)
0001fc 93ed      	ST   X+,R30
0001fd 93fc      	ST   X,R31
                 _0x2020016:
0001fe 89ea      	LDD  R30,Y+18
0001ff 89fb      	LDD  R31,Y+18+1
000200 9631      	ADIW R30,1
000201 8bea      	STD  Y+18,R30
000202 8bfb      	STD  Y+18+1,R31
000203 9731      	SBIW R30,1
000204 91e4      	LPM  R30,Z
000205 2f2e      	MOV  R18,R30
000206 30e0      	CPI  R30,0
000207 f409      	BRNE PC+2
000208 c115      	RJMP _0x2020018
000209 2fe1      	MOV  R30,R17
00020a 30e0      	CPI  R30,0
00020b f439      	BRNE _0x202001C
00020c 3225      	CPI  R18,37
00020d f411      	BRNE _0x202001D
00020e e011      	LDI  R17,LOW(1)
00020f c002      	RJMP _0x202001E
                 _0x202001D:
000210 940e 03ad 	CALL SUBOPT_0x5
                 _0x202001E:
000212 c10a      	RJMP _0x202001B
                 _0x202001C:
000213 30e1      	CPI  R30,LOW(0x1)
000214 f4a9      	BRNE _0x202001F
000215 3225      	CPI  R18,37
000216 f419      	BRNE _0x2020020
000217 940e 03ad 	CALL SUBOPT_0x5
000219 c102      	RJMP _0x20200CC
                 _0x2020020:
00021a e012      	LDI  R17,LOW(2)
00021b e040      	LDI  R20,LOW(0)
00021c e000      	LDI  R16,LOW(0)
00021d 322d      	CPI  R18,45
00021e f411      	BRNE _0x2020021
00021f e001      	LDI  R16,LOW(1)
000220 c0fc      	RJMP _0x202001B
                 _0x2020021:
000221 322b      	CPI  R18,43
000222 f411      	BRNE _0x2020022
000223 e24b      	LDI  R20,LOW(43)
000224 c0f8      	RJMP _0x202001B
                 _0x2020022:
000225 3220      	CPI  R18,32
000226 f411      	BRNE _0x2020023
000227 e240      	LDI  R20,LOW(32)
000228 c0f4      	RJMP _0x202001B
                 _0x2020023:
000229 c002      	RJMP _0x2020024
                 _0x202001F:
00022a 30e2      	CPI  R30,LOW(0x2)
00022b f439      	BRNE _0x2020025
                 _0x2020024:
00022c e050      	LDI  R21,LOW(0)
00022d e013      	LDI  R17,LOW(3)
00022e 3320      	CPI  R18,48
00022f f411      	BRNE _0x2020026
000230 6800      	ORI  R16,LOW(128)
000231 c0eb      	RJMP _0x202001B
                 _0x2020026:
000232 c003      	RJMP _0x2020027
                 _0x2020025:
000233 30e3      	CPI  R30,LOW(0x3)
000234 f009      	BREQ PC+2
000235 c0e7      	RJMP _0x202001B
                 _0x2020027:
000236 3320      	CPI  R18,48
000237 f010      	BRLO _0x202002A
000238 332a      	CPI  R18,58
000239 f008      	BRLO _0x202002B
                 _0x202002A:
00023a c007      	RJMP _0x2020029
                 _0x202002B:
00023b e0aa      	LDI  R26,LOW(10)
00023c 9f5a      	MUL  R21,R26
00023d 2d50      	MOV  R21,R0
00023e 2fe2      	MOV  R30,R18
00023f 53e0      	SUBI R30,LOW(48)
000240 0f5e      	ADD  R21,R30
000241 c0db      	RJMP _0x202001B
                 _0x2020029:
000242 2fe2      	MOV  R30,R18
000243 36e3      	CPI  R30,LOW(0x63)
000244 f449      	BRNE _0x202002F
000245 940e 03b4 	CALL SUBOPT_0x6
000247 89e8      	LDD  R30,Y+16
000248 89f9      	LDD  R31,Y+16+1
000249 81a4      	LDD  R26,Z+4
00024a 93aa      	ST   -Y,R26
00024b 940e 03ba 	CALL SUBOPT_0x7
00024d c0ce      	RJMP _0x2020030
                 _0x202002F:
00024e 37e3      	CPI  R30,LOW(0x73)
00024f f441      	BRNE _0x2020032
000250 940e 03b4 	CALL SUBOPT_0x6
000252 940e 03c0 	CALL SUBOPT_0x8
000254 940e 035a 	CALL _strlen
000256 2f1e      	MOV  R17,R30
000257 c00a      	RJMP _0x2020033
                 _0x2020032:
000258 37e0      	CPI  R30,LOW(0x70)
000259 f461      	BRNE _0x2020035
00025a 940e 03b4 	CALL SUBOPT_0x6
00025c 940e 03c0 	CALL SUBOPT_0x8
00025e 940e 0366 	CALL _strlenf
000260 2f1e      	MOV  R17,R30
000261 6008      	ORI  R16,LOW(8)
                 _0x2020033:
000262 6002      	ORI  R16,LOW(2)
000263 770f      	ANDI R16,LOW(127)
000264 e030      	LDI  R19,LOW(0)
000265 c034      	RJMP _0x2020036
                 _0x2020035:
000266 36e4      	CPI  R30,LOW(0x64)
000267 f011      	BREQ _0x2020039
000268 36e9      	CPI  R30,LOW(0x69)
000269 f411      	BRNE _0x202003A
                 _0x2020039:
00026a 6004      	ORI  R16,LOW(4)
00026b c002      	RJMP _0x202003B
                 _0x202003A:
00026c 37e5      	CPI  R30,LOW(0x75)
00026d f431      	BRNE _0x202003C
                 _0x202003B:
00026e e5e4      	LDI  R30,LOW(_tbl10_G101*2)
00026f e0f0      	LDI  R31,HIGH(_tbl10_G101*2)
000270 83ee      	STD  Y+6,R30
000271 83ff      	STD  Y+6+1,R31
000272 e015      	LDI  R17,LOW(5)
000273 c00c      	RJMP _0x202003D
                 _0x202003C:
000274 35e8      	CPI  R30,LOW(0x58)
000275 f411      	BRNE _0x202003F
000276 6008      	ORI  R16,LOW(8)
000277 c003      	RJMP _0x2020040
                 _0x202003F:
000278 37e8      	CPI  R30,LOW(0x78)
000279 f009      	BREQ PC+2
00027a c0a1      	RJMP _0x2020071
                 _0x2020040:
00027b e5ee      	LDI  R30,LOW(_tbl16_G101*2)
00027c e0f0      	LDI  R31,HIGH(_tbl16_G101*2)
00027d 83ee      	STD  Y+6,R30
00027e 83ff      	STD  Y+6+1,R31
00027f e014      	LDI  R17,LOW(4)
                 _0x202003D:
000280 ff02      	SBRS R16,2
000281 c014      	RJMP _0x2020042
000282 940e 03b4 	CALL SUBOPT_0x6
000284 940e 03ca 	CALL SUBOPT_0x9
000286 85ab      	LDD  R26,Y+11
000287 23aa      	TST  R26
000288 f43a      	BRPL _0x2020043
000289 85ea      	LDD  R30,Y+10
00028a 85fb      	LDD  R31,Y+10+1
00028b 940e 04b2 	CALL __ANEGW1
00028d 87ea      	STD  Y+10,R30
00028e 87fb      	STD  Y+10+1,R31
00028f e24d      	LDI  R20,LOW(45)
                 _0x2020043:
000290 3040      	CPI  R20,0
000291 f011      	BREQ _0x2020044
000292 5f1f      	SUBI R17,-LOW(1)
000293 c001      	RJMP _0x2020045
                 _0x2020044:
000294 7f0b      	ANDI R16,LOW(251)
                 _0x2020045:
000295 c004      	RJMP _0x2020046
                 _0x2020042:
000296 940e 03b4 	CALL SUBOPT_0x6
000298 940e 03ca 	CALL SUBOPT_0x9
                 _0x2020046:
                 _0x2020036:
00029a fd00      	SBRC R16,0
00029b c011      	RJMP _0x2020047
                 _0x2020048:
00029c 1715      	CP   R17,R21
00029d f478      	BRSH _0x202004A
00029e ff07      	SBRS R16,7
00029f c008      	RJMP _0x202004B
0002a0 ff02      	SBRS R16,2
0002a1 c004      	RJMP _0x202004C
0002a2 7f0b      	ANDI R16,LOW(251)
0002a3 2f24      	MOV  R18,R20
0002a4 5011      	SUBI R17,LOW(1)
0002a5 c001      	RJMP _0x202004D
                 _0x202004C:
0002a6 e320      	LDI  R18,LOW(48)
                 _0x202004D:
0002a7 c001      	RJMP _0x202004E
                 _0x202004B:
0002a8 e220      	LDI  R18,LOW(32)
                 _0x202004E:
0002a9 940e 03ad 	CALL SUBOPT_0x5
0002ab 5051      	SUBI R21,LOW(1)
0002ac cfef      	RJMP _0x2020048
                 _0x202004A:
                 _0x2020047:
0002ad 2f31      	MOV  R19,R17
0002ae ff01      	SBRS R16,1
0002af c017      	RJMP _0x202004F
                 _0x2020050:
0002b0 3030      	CPI  R19,0
0002b1 f0a1      	BREQ _0x2020052
0002b2 ff03      	SBRS R16,3
0002b3 c006      	RJMP _0x2020053
0002b4 81ee      	LDD  R30,Y+6
0002b5 81ff      	LDD  R31,Y+6+1
0002b6 9125      	LPM  R18,Z+
0002b7 83ee      	STD  Y+6,R30
0002b8 83ff      	STD  Y+6+1,R31
0002b9 c005      	RJMP _0x2020054
                 _0x2020053:
0002ba 81ae      	LDD  R26,Y+6
0002bb 81bf      	LDD  R27,Y+6+1
0002bc 912d      	LD   R18,X+
0002bd 83ae      	STD  Y+6,R26
0002be 83bf      	STD  Y+6+1,R27
                 _0x2020054:
0002bf 940e 03ad 	CALL SUBOPT_0x5
0002c1 3050      	CPI  R21,0
0002c2 f009      	BREQ _0x2020055
0002c3 5051      	SUBI R21,LOW(1)
                 _0x2020055:
0002c4 5031      	SUBI R19,LOW(1)
0002c5 cfea      	RJMP _0x2020050
                 _0x2020052:
0002c6 c04b      	RJMP _0x2020056
                 _0x202004F:
                 _0x2020058:
0002c7 e320      	LDI  R18,LOW(48)
0002c8 81ee      	LDD  R30,Y+6
0002c9 81ff      	LDD  R31,Y+6+1
0002ca 940e 04e7 	CALL __GETW1PF
0002cc 87e8      	STD  Y+8,R30
0002cd 87f9      	STD  Y+8+1,R31
0002ce 81ee      	LDD  R30,Y+6
0002cf 81ff      	LDD  R31,Y+6+1
0002d0 9632      	ADIW R30,2
0002d1 83ee      	STD  Y+6,R30
0002d2 83ff      	STD  Y+6+1,R31
                 _0x202005A:
0002d3 85e8      	LDD  R30,Y+8
0002d4 85f9      	LDD  R31,Y+8+1
0002d5 85aa      	LDD  R26,Y+10
0002d6 85bb      	LDD  R27,Y+10+1
0002d7 17ae      	CP   R26,R30
0002d8 07bf      	CPC  R27,R31
0002d9 f050      	BRLO _0x202005C
0002da 5f2f      	SUBI R18,-LOW(1)
0002db 85a8      	LDD  R26,Y+8
0002dc 85b9      	LDD  R27,Y+8+1
0002dd 85ea      	LDD  R30,Y+10
0002de 85fb      	LDD  R31,Y+10+1
0002df 1bea      	SUB  R30,R26
0002e0 0bfb      	SBC  R31,R27
0002e1 87ea      	STD  Y+10,R30
0002e2 87fb      	STD  Y+10+1,R31
0002e3 cfef      	RJMP _0x202005A
                 _0x202005C:
0002e4 332a      	CPI  R18,58
0002e5 f028      	BRLO _0x202005D
0002e6 ff03      	SBRS R16,3
0002e7 c002      	RJMP _0x202005E
0002e8 5f29      	SUBI R18,-LOW(7)
0002e9 c001      	RJMP _0x202005F
                 _0x202005E:
0002ea 5d29      	SUBI R18,-LOW(39)
                 _0x202005F:
                 _0x202005D:
0002eb fd04      	SBRC R16,4
0002ec c01a      	RJMP _0x2020061
0002ed 3321      	CPI  R18,49
0002ee f420      	BRSH _0x2020063
0002ef 85a8      	LDD  R26,Y+8
0002f0 85b9      	LDD  R27,Y+8+1
0002f1 9711      	SBIW R26,1
0002f2 f409      	BRNE _0x2020062
                 _0x2020063:
0002f3 c009      	RJMP _0x20200CD
                 _0x2020062:
0002f4 1753      	CP   R21,R19
0002f5 f010      	BRLO _0x2020067
0002f6 ff00      	SBRS R16,0
0002f7 c001      	RJMP _0x2020068
                 _0x2020067:
0002f8 c013      	RJMP _0x2020066
                 _0x2020068:
0002f9 e220      	LDI  R18,LOW(32)
0002fa ff07      	SBRS R16,7
0002fb c00b      	RJMP _0x2020069
0002fc e320      	LDI  R18,LOW(48)
                 _0x20200CD:
0002fd 6100      	ORI  R16,LOW(16)
0002fe ff02      	SBRS R16,2
0002ff c007      	RJMP _0x202006A
000300 7f0b      	ANDI R16,LOW(251)
000301 934a      	ST   -Y,R20
000302 940e 03ba 	CALL SUBOPT_0x7
000304 3050      	CPI  R21,0
000305 f009      	BREQ _0x202006B
000306 5051      	SUBI R21,LOW(1)
                 _0x202006B:
                 _0x202006A:
                 _0x2020069:
                 _0x2020061:
000307 940e 03ad 	CALL SUBOPT_0x5
000309 3050      	CPI  R21,0
00030a f009      	BREQ _0x202006C
00030b 5051      	SUBI R21,LOW(1)
                 _0x202006C:
                 _0x2020066:
00030c 5031      	SUBI R19,LOW(1)
00030d 85a8      	LDD  R26,Y+8
00030e 85b9      	LDD  R27,Y+8+1
00030f 9712      	SBIW R26,2
000310 f008      	BRLO _0x2020059
000311 cfb5      	RJMP _0x2020058
                 _0x2020059:
                 _0x2020056:
000312 ff00      	SBRS R16,0
000313 c008      	RJMP _0x202006D
                 _0x202006E:
000314 3050      	CPI  R21,0
000315 f031      	BREQ _0x2020070
000316 5051      	SUBI R21,LOW(1)
000317 e2e0      	LDI  R30,LOW(32)
000318 93ea      	ST   -Y,R30
000319 940e 03ba 	CALL SUBOPT_0x7
00031b cff8      	RJMP _0x202006E
                 _0x2020070:
                 _0x202006D:
                 _0x2020071:
                 _0x2020030:
                 _0x20200CC:
00031c e010      	LDI  R17,LOW(0)
                 _0x202001B:
00031d cee0      	RJMP _0x2020016
                 _0x2020018:
00031e 85ac      	LDD  R26,Y+12
00031f 85bd      	LDD  R27,Y+12+1
000320 940e 04e3 	CALL __GETW1P
000322 940e 0509 	CALL __LOADLOCR6
000324 9664      	ADIW R28,20
000325 9508      	RET
                 ; .FEND
                 _sprintf:
                 ; .FSTART _sprintf
000326 92ff      	PUSH R15
000327 2ef8      	MOV  R15,R24
000328 9726      	SBIW R28,6
000329 940e 0504 	CALL __SAVELOCR4
00032b 940e 03d2 	CALL SUBOPT_0xA
00032d 9730      	SBIW R30,0
00032e f419      	BRNE _0x2020072
00032f efef      	LDI  R30,LOW(65535)
000330 efff      	LDI  R31,HIGH(65535)
000331 c023      	RJMP _0x2080001
                 _0x2020072:
000332 01de      	MOVW R26,R28
000333 9616      	ADIW R26,6
000334 940e 04ae 	CALL __ADDW2R15
000336 018d      	MOVW R16,R26
000337 940e 03d2 	CALL SUBOPT_0xA
000339 83ee      	STD  Y+6,R30
00033a 83ff      	STD  Y+6+1,R31
00033b e0e0      	LDI  R30,LOW(0)
00033c 87e8      	STD  Y+8,R30
00033d 87e9      	STD  Y+8+1,R30
00033e 01de      	MOVW R26,R28
00033f 961a      	ADIW R26,10
000340 940e 04ae 	CALL __ADDW2R15
000342 940e 04e3 	CALL __GETW1P
000344 93fa      	ST   -Y,R31
000345 93ea      	ST   -Y,R30
000346 931a      	ST   -Y,R17
000347 930a      	ST   -Y,R16
000348 ebe2      	LDI  R30,LOW(_put_buff_G101)
000349 e0f1      	LDI  R31,HIGH(_put_buff_G101)
00034a 93fa      	ST   -Y,R31
00034b 93ea      	ST   -Y,R30
00034c 01de      	MOVW R26,R28
00034d 961a      	ADIW R26,10
00034e dea3      	RCALL __print_G101
00034f 019f      	MOVW R18,R30
000350 81ae      	LDD  R26,Y+6
000351 81bf      	LDD  R27,Y+6+1
000352 e0e0      	LDI  R30,LOW(0)
000353 93ec      	ST   X,R30
000354 01f9      	MOVW R30,R18
                 _0x2080001:
000355 940e 050b 	CALL __LOADLOCR4
000357 962a      	ADIW R28,10
000358 90ff      	POP  R15
000359 9508      	RET
                 ; .FEND
                 
                 	.CSEG
                 
                 	.CSEG
                 _strlen:
                 ; .FSTART _strlen
00035a 93ba      	ST   -Y,R27
00035b 93aa      	ST   -Y,R26
00035c 91a9          ld   r26,y+
00035d 91b9          ld   r27,y+
00035e 27ee          clr  r30
00035f 27ff          clr  r31
                 strlen0:
000360 916d          ld   r22,x+
000361 2366          tst  r22
000362 f011          breq strlen1
000363 9631          adiw r30,1
000364 cffb          rjmp strlen0
                 strlen1:
000365 9508          ret
                 ; .FEND
                 _strlenf:
                 ; .FSTART _strlenf
000366 93ba      	ST   -Y,R27
000367 93aa      	ST   -Y,R26
000368 27aa          clr  r26
000369 27bb          clr  r27
00036a 91e9          ld   r30,y+
00036b 91f9          ld   r31,y+
                 strlenf0:
00036c 9005      	lpm  r0,z+
00036d 2000          tst  r0
00036e f011          breq strlenf1
00036f 9611          adiw r26,1
000370 cffb          rjmp strlenf0
                 strlenf1:
000371 01fd          movw r30,r26
000372 9508          ret
                 ; .FEND
                 
                 	.DSEG
                 _adc_data:
000160           	.BYTE 0x10
                 _tmp_adc:
000170           	.BYTE 0x10
                 _input_index_S0010000000:
000180           	.BYTE 0x1
                 _indexing_S0010002000:
000181           	.BYTE 0x2
                 __base_y_G100:
000183           	.BYTE 0x4
                 
                 	.CSEG
                 ;OPTIMIZER ADDED SUBROUTINE, CALLED 4 TIMES, CODE SIZE REDUCTION:57 WORDS
                 SUBOPT_0x0:
000373 01f8      	MOVW R30,R16
000374 e6a0      	LDI  R26,LOW(_adc_data)
000375 e0b1      	LDI  R27,HIGH(_adc_data)
000376 0fee      	LSL  R30
000377 1fff      	ROL  R31
000378 0fae      	ADD  R26,R30
000379 1fbf      	ADC  R27,R31
00037a 940e 04e3 	CALL __GETW1P
00037c e0a5      	LDI  R26,LOW(5)
00037d e0b0      	LDI  R27,HIGH(5)
00037e 940e 04c8 	CALL __MULW12U
000380 01df      	MOVW R26,R30
000381 efef      	LDI  R30,LOW(1023)
000382 e0f3      	LDI  R31,HIGH(1023)
000383 940e 04d0 	CALL __DIVW21U
000385 eea8      	LDI  R26,LOW(1000)
000386 e0b3      	LDI  R27,HIGH(1000)
000387 940e 04c8 	CALL __MULW12U
000389 9508      	RET
                 
                 ;OPTIMIZER ADDED SUBROUTINE, CALLED 2 TIMES, CODE SIZE REDUCTION:8 WORDS
                 SUBOPT_0x1:
00038a 01f8      	MOVW R30,R16
00038b e7a0      	LDI  R26,LOW(_tmp_adc)
00038c e0b1      	LDI  R27,HIGH(_tmp_adc)
00038d 0fee      	LSL  R30
00038e 1fff      	ROL  R31
00038f 0fae      	ADD  R26,R30
000390 1fbf      	ADC  R27,R31
000391 940e 04e3 	CALL __GETW1P
000393 2766      	CLR  R22
000394 2777      	CLR  R23
000395 940e 0412 	CALL __CDF1
000397 9508      	RET
                 
                 ;OPTIMIZER ADDED SUBROUTINE, CALLED 2 TIMES, CODE SIZE REDUCTION:1 WORDS
                 SUBOPT_0x2:
000398 2788      	CLR  R24
000399 2799      	CLR  R25
00039a 940e 04f2 	CALL __CDF2
00039c 940e 048e 	CALL __CMPF12
00039e 9508      	RET
                 
                 ;OPTIMIZER ADDED SUBROUTINE, CALLED 2 TIMES, CODE SIZE REDUCTION:1 WORDS
                 SUBOPT_0x3:
00039f 940e 0139 	CALL __lcd_write_data
0003a1 e0a3      	LDI  R26,LOW(3)
0003a2 e0b0      	LDI  R27,0
0003a3 940c 03d9 	JMP  _delay_ms
                 
                 ;OPTIMIZER ADDED SUBROUTINE, CALLED 3 TIMES, CODE SIZE REDUCTION:7 WORDS
                 SUBOPT_0x4:
0003a5 e3a0      	LDI  R26,LOW(48)
0003a6 940e 0125 	CALL __lcd_write_nibble_G100
                +
0003a8 ec88     +LDI R24 , LOW ( 200 )
0003a9 e090     +LDI R25 , HIGH ( 200 )
                +__DELAY_USW_LOOP :
0003aa 9701     +SBIW R24 , 1
0003ab f7f1     +BRNE __DELAY_USW_LOOP
                 	__DELAY_USW 200
0003ac 9508      	RET
                 
                 ;OPTIMIZER ADDED SUBROUTINE, CALLED 5 TIMES, CODE SIZE REDUCTION:13 WORDS
                 SUBOPT_0x5:
0003ad 932a      	ST   -Y,R18
0003ae 85ad      	LDD  R26,Y+13
0003af 85be      	LDD  R27,Y+13+1
0003b0 85ef      	LDD  R30,Y+15
0003b1 89f8      	LDD  R31,Y+15+1
0003b2 9509      	ICALL
0003b3 9508      	RET
                 
                 ;OPTIMIZER ADDED SUBROUTINE, CALLED 5 TIMES, CODE SIZE REDUCTION:9 WORDS
                 SUBOPT_0x6:
0003b4 89e8      	LDD  R30,Y+16
0003b5 89f9      	LDD  R31,Y+16+1
0003b6 9734      	SBIW R30,4
0003b7 8be8      	STD  Y+16,R30
0003b8 8bf9      	STD  Y+16+1,R31
0003b9 9508      	RET
                 
                 ;OPTIMIZER ADDED SUBROUTINE, CALLED 3 TIMES, CODE SIZE REDUCTION:3 WORDS
                 SUBOPT_0x7:
0003ba 85ad      	LDD  R26,Y+13
0003bb 85be      	LDD  R27,Y+13+1
0003bc 85ef      	LDD  R30,Y+15
0003bd 89f8      	LDD  R31,Y+15+1
0003be 9509      	ICALL
0003bf 9508      	RET
                 
                 ;OPTIMIZER ADDED SUBROUTINE, CALLED 2 TIMES, CODE SIZE REDUCTION:4 WORDS
                 SUBOPT_0x8:
0003c0 89a8      	LDD  R26,Y+16
0003c1 89b9      	LDD  R27,Y+16+1
0003c2 9614      	ADIW R26,4
0003c3 940e 04e3 	CALL __GETW1P
0003c5 83ee      	STD  Y+6,R30
0003c6 83ff      	STD  Y+6+1,R31
0003c7 81ae      	LDD  R26,Y+6
0003c8 81bf      	LDD  R27,Y+6+1
0003c9 9508      	RET
                 
                 ;OPTIMIZER ADDED SUBROUTINE, CALLED 2 TIMES, CODE SIZE REDUCTION:2 WORDS
                 SUBOPT_0x9:
0003ca 89a8      	LDD  R26,Y+16
0003cb 89b9      	LDD  R27,Y+16+1
0003cc 9614      	ADIW R26,4
0003cd 940e 04e3 	CALL __GETW1P
0003cf 87ea      	STD  Y+10,R30
0003d0 87fb      	STD  Y+10+1,R31
0003d1 9508      	RET
                 
                 ;OPTIMIZER ADDED SUBROUTINE, CALLED 2 TIMES, CODE SIZE REDUCTION:1 WORDS
                 SUBOPT_0xA:
0003d2 01de      	MOVW R26,R28
0003d3 961c      	ADIW R26,12
0003d4 940e 04ae 	CALL __ADDW2R15
0003d6 940e 04e3 	CALL __GETW1P
0003d8 9508      	RET
                 
                 
                 	.CSEG
                 _delay_ms:
0003d9 9610      	adiw r26,0
0003da f039      	breq __delay_ms1
                 __delay_ms0:
                +
0003db ed80     +LDI R24 , LOW ( 0x7D0 )
0003dc e097     +LDI R25 , HIGH ( 0x7D0 )
                +__DELAY_USW_LOOP :
0003dd 9701     +SBIW R24 , 1
0003de f7f1     +BRNE __DELAY_USW_LOOP
                 	__DELAY_USW 0x7D0
0003df 95a8      	wdr
0003e0 9711      	sbiw r26,1
0003e1 f7c9      	brne __delay_ms0
                 __delay_ms1:
0003e2 9508      	ret
                 
                 __ROUND_REPACK:
0003e3 2355      	TST  R21
0003e4 f442      	BRPL __REPACK
0003e5 3850      	CPI  R21,0x80
0003e6 f411      	BRNE __ROUND_REPACK0
0003e7 ffe0      	SBRS R30,0
0003e8 c004      	RJMP __REPACK
                 __ROUND_REPACK0:
0003e9 9631      	ADIW R30,1
0003ea 1f69      	ADC  R22,R25
0003eb 1f79      	ADC  R23,R25
0003ec f06b      	BRVS __REPACK1
                 
                 __REPACK:
0003ed e850      	LDI  R21,0x80
0003ee 2757      	EOR  R21,R23
0003ef f411      	BRNE __REPACK0
0003f0 935f      	PUSH R21
0003f1 c03c      	RJMP __ZERORES
                 __REPACK0:
0003f2 3f5f      	CPI  R21,0xFF
0003f3 f031      	BREQ __REPACK1
0003f4 0f66      	LSL  R22
0003f5 0c00      	LSL  R0
0003f6 9557      	ROR  R21
0003f7 9567      	ROR  R22
0003f8 2f75      	MOV  R23,R21
0003f9 9508      	RET
                 __REPACK1:
0003fa 935f      	PUSH R21
0003fb 2000      	TST  R0
0003fc f00a      	BRMI __REPACK2
0003fd c03c      	RJMP __MAXRES
                 __REPACK2:
0003fe c035      	RJMP __MINRES
                 
                 __UNPACK:
0003ff e850      	LDI  R21,0x80
000400 2e19      	MOV  R1,R25
000401 2215      	AND  R1,R21
000402 0f88      	LSL  R24
000403 1f99      	ROL  R25
000404 2795      	EOR  R25,R21
000405 0f55      	LSL  R21
000406 9587      	ROR  R24
                 
                 __UNPACK1:
000407 e850      	LDI  R21,0x80
000408 2e07      	MOV  R0,R23
000409 2205      	AND  R0,R21
00040a 0f66      	LSL  R22
00040b 1f77      	ROL  R23
00040c 2775      	EOR  R23,R21
00040d 0f55      	LSL  R21
00040e 9567      	ROR  R22
00040f 9508      	RET
                 
                 __CDF1U:
000410 9468      	SET
000411 c001      	RJMP __CDF1U0
                 __CDF1:
000412 94e8      	CLT
                 __CDF1U0:
000413 9730      	SBIW R30,0
000414 4060      	SBCI R22,0
000415 4070      	SBCI R23,0
000416 f0b1      	BREQ __CDF10
000417 2400      	CLR  R0
000418 f026      	BRTS __CDF11
000419 2377      	TST  R23
00041a f412      	BRPL __CDF11
00041b 9400      	COM  R0
00041c d099      	RCALL __ANEGD1
                 __CDF11:
00041d 2e17      	MOV  R1,R23
00041e e17e      	LDI  R23,30
00041f 2011      	TST  R1
                 __CDF12:
000420 f032      	BRMI __CDF13
000421 957a      	DEC  R23
000422 0fee      	LSL  R30
000423 1fff      	ROL  R31
000424 1f66      	ROL  R22
000425 1c11      	ROL  R1
000426 cff9      	RJMP __CDF12
                 __CDF13:
000427 2fef      	MOV  R30,R31
000428 2ff6      	MOV  R31,R22
000429 2d61      	MOV  R22,R1
00042a 935f      	PUSH R21
00042b dfc1      	RCALL __REPACK
00042c 915f      	POP  R21
                 __CDF10:
00042d 9508      	RET
                 
                 __ZERORES:
00042e 27ee      	CLR  R30
00042f 27ff      	CLR  R31
000430 2766      	CLR  R22
000431 2777      	CLR  R23
000432 915f      	POP  R21
000433 9508      	RET
                 
                 __MINRES:
000434 efef      	SER  R30
000435 efff      	SER  R31
000436 e76f      	LDI  R22,0x7F
000437 ef7f      	SER  R23
000438 915f      	POP  R21
000439 9508      	RET
                 
                 __MAXRES:
00043a efef      	SER  R30
00043b efff      	SER  R31
00043c e76f      	LDI  R22,0x7F
00043d e77f      	LDI  R23,0x7F
00043e 915f      	POP  R21
00043f 9508      	RET
                 
                 __MULF12:
000440 935f      	PUSH R21
000441 dfbd      	RCALL __UNPACK
000442 3870      	CPI  R23,0x80
000443 f351      	BREQ __ZERORES
000444 3890      	CPI  R25,0x80
000445 f341      	BREQ __ZERORES
000446 2401      	EOR  R0,R1
000447 9408      	SEC
000448 1f79      	ADC  R23,R25
000449 f423      	BRVC __MULF124
00044a f31c      	BRLT __ZERORES
                 __MULF125:
00044b 2000      	TST  R0
00044c f33a      	BRMI __MINRES
00044d cfec      	RJMP __MAXRES
                 __MULF124:
00044e 920f      	PUSH R0
00044f 931f      	PUSH R17
000450 932f      	PUSH R18
000451 933f      	PUSH R19
000452 934f      	PUSH R20
000453 2711      	CLR  R17
000454 2722      	CLR  R18
000455 2799      	CLR  R25
000456 9f68      	MUL  R22,R24
000457 01a0      	MOVW R20,R0
000458 9f8f      	MUL  R24,R31
000459 2d30      	MOV  R19,R0
00045a 0d41      	ADD  R20,R1
00045b 1f59      	ADC  R21,R25
00045c 9f6b      	MUL  R22,R27
00045d 0d30      	ADD  R19,R0
00045e 1d41      	ADC  R20,R1
00045f 1f59      	ADC  R21,R25
000460 9f8e      	MUL  R24,R30
000461 d027      	RCALL __MULF126
000462 9fbf      	MUL  R27,R31
000463 d025      	RCALL __MULF126
000464 9f6a      	MUL  R22,R26
000465 d023      	RCALL __MULF126
000466 9fbe      	MUL  R27,R30
000467 d01d      	RCALL __MULF127
000468 9faf      	MUL  R26,R31
000469 d01b      	RCALL __MULF127
00046a 9fae      	MUL  R26,R30
00046b 0d11      	ADD  R17,R1
00046c 1f29      	ADC  R18,R25
00046d 1f39      	ADC  R19,R25
00046e 1f49      	ADC  R20,R25
00046f 1f59      	ADC  R21,R25
000470 2fe3      	MOV  R30,R19
000471 2ff4      	MOV  R31,R20
000472 2f65      	MOV  R22,R21
000473 2f52      	MOV  R21,R18
000474 914f      	POP  R20
000475 913f      	POP  R19
000476 912f      	POP  R18
000477 911f      	POP  R17
000478 900f      	POP  R0
000479 2366      	TST  R22
00047a f02a      	BRMI __MULF122
00047b 0f55      	LSL  R21
00047c 1fee      	ROL  R30
00047d 1fff      	ROL  R31
00047e 1f66      	ROL  R22
00047f c002      	RJMP __MULF123
                 __MULF122:
000480 9573      	INC  R23
000481 f24b      	BRVS __MULF125
                 __MULF123:
000482 df60      	RCALL __ROUND_REPACK
000483 915f      	POP  R21
000484 9508      	RET
                 
                 __MULF127:
000485 0d10      	ADD  R17,R0
000486 1d21      	ADC  R18,R1
000487 1f39      	ADC  R19,R25
000488 c002      	RJMP __MULF128
                 __MULF126:
000489 0d20      	ADD  R18,R0
00048a 1d31      	ADC  R19,R1
                 __MULF128:
00048b 1f49      	ADC  R20,R25
00048c 1f59      	ADC  R21,R25
00048d 9508      	RET
                 
                 __CMPF12:
00048e 2399      	TST  R25
00048f f09a      	BRMI __CMPF120
000490 2377      	TST  R23
000491 f042      	BRMI __CMPF121
000492 1797      	CP   R25,R23
000493 f048      	BRLO __CMPF122
000494 f429      	BRNE __CMPF121
000495 17ae      	CP   R26,R30
000496 07bf      	CPC  R27,R31
000497 0786      	CPC  R24,R22
000498 f020      	BRLO __CMPF122
000499 f031      	BREQ __CMPF123
                 __CMPF121:
00049a 9498      	CLZ
00049b 9488      	CLC
00049c 9508      	RET
                 __CMPF122:
00049d 9498      	CLZ
00049e 9408      	SEC
00049f 9508      	RET
                 __CMPF123:
0004a0 9418      	SEZ
0004a1 9488      	CLC
0004a2 9508      	RET
                 __CMPF120:
0004a3 2377      	TST  R23
0004a4 f7c2      	BRPL __CMPF122
0004a5 1797      	CP   R25,R23
0004a6 f398      	BRLO __CMPF121
0004a7 f7a9      	BRNE __CMPF122
0004a8 17ea      	CP   R30,R26
0004a9 07fb      	CPC  R31,R27
0004aa 0768      	CPC  R22,R24
0004ab f388      	BRLO __CMPF122
0004ac f399      	BREQ __CMPF123
0004ad cfec      	RJMP __CMPF121
                 
                 __ADDW2R15:
0004ae 2400      	CLR  R0
0004af 0daf      	ADD  R26,R15
0004b0 1db0      	ADC  R27,R0
0004b1 9508      	RET
                 
                 __ANEGW1:
0004b2 95f1      	NEG  R31
0004b3 95e1      	NEG  R30
0004b4 40f0      	SBCI R31,0
0004b5 9508      	RET
                 
                 __ANEGD1:
0004b6 95f0      	COM  R31
0004b7 9560      	COM  R22
0004b8 9570      	COM  R23
0004b9 95e1      	NEG  R30
0004ba 4fff      	SBCI R31,-1
0004bb 4f6f      	SBCI R22,-1
0004bc 4f7f      	SBCI R23,-1
0004bd 9508      	RET
                 
                 __CWD1:
0004be 2f6f      	MOV  R22,R31
0004bf 0f66      	ADD  R22,R22
0004c0 0b66      	SBC  R22,R22
0004c1 2f76      	MOV  R23,R22
0004c2 9508      	RET
                 
                 __CWD2:
0004c3 2f8b      	MOV  R24,R27
0004c4 0f88      	ADD  R24,R24
0004c5 0b88      	SBC  R24,R24
0004c6 2f98      	MOV  R25,R24
0004c7 9508      	RET
                 
                 __MULW12U:
0004c8 9ffa      	MUL  R31,R26
0004c9 2df0      	MOV  R31,R0
0004ca 9feb      	MUL  R30,R27
0004cb 0df0      	ADD  R31,R0
0004cc 9fea      	MUL  R30,R26
0004cd 2de0      	MOV  R30,R0
0004ce 0df1      	ADD  R31,R1
0004cf 9508      	RET
                 
                 __DIVW21U:
0004d0 2400      	CLR  R0
0004d1 2411      	CLR  R1
0004d2 e190      	LDI  R25,16
                 __DIVW21U1:
0004d3 0faa      	LSL  R26
0004d4 1fbb      	ROL  R27
0004d5 1c00      	ROL  R0
0004d6 1c11      	ROL  R1
0004d7 1a0e      	SUB  R0,R30
0004d8 0a1f      	SBC  R1,R31
0004d9 f418      	BRCC __DIVW21U2
0004da 0e0e      	ADD  R0,R30
0004db 1e1f      	ADC  R1,R31
0004dc c001      	RJMP __DIVW21U3
                 __DIVW21U2:
0004dd 60a1      	SBR  R26,1
                 __DIVW21U3:
0004de 959a      	DEC  R25
0004df f799      	BRNE __DIVW21U1
0004e0 01fd      	MOVW R30,R26
0004e1 01d0      	MOVW R26,R0
0004e2 9508      	RET
                 
                 __GETW1P:
0004e3 91ed      	LD   R30,X+
0004e4 91fc      	LD   R31,X
0004e5 9711      	SBIW R26,1
0004e6 9508      	RET
                 
                 __GETW1PF:
0004e7 9005      	LPM  R0,Z+
0004e8 91f4      	LPM  R31,Z
0004e9 2de0      	MOV  R30,R0
0004ea 9508      	RET
                 
                 __PUTPARD1:
0004eb 937a      	ST   -Y,R23
0004ec 936a      	ST   -Y,R22
0004ed 93fa      	ST   -Y,R31
0004ee 93ea      	ST   -Y,R30
0004ef 9508      	RET
                 
                 __CDF2U:
0004f0 9468      	SET
0004f1 c001      	RJMP __CDF2U0
                 __CDF2:
0004f2 94e8      	CLT
                 __CDF2U0:
0004f3 d001      	RCALL __SWAPD12
0004f4 df1e      	RCALL __CDF1U0
                 
                 __SWAPD12:
0004f5 2e18      	MOV  R1,R24
0004f6 2f86      	MOV  R24,R22
0004f7 2d61      	MOV  R22,R1
0004f8 2e19      	MOV  R1,R25
0004f9 2f97      	MOV  R25,R23
0004fa 2d71      	MOV  R23,R1
                 
                 __SWAPW12:
0004fb 2e1b      	MOV  R1,R27
0004fc 2fbf      	MOV  R27,R31
0004fd 2df1      	MOV  R31,R1
                 
                 __SWAPB12:
0004fe 2e1a      	MOV  R1,R26
0004ff 2fae      	MOV  R26,R30
000500 2de1      	MOV  R30,R1
000501 9508      	RET
                 
                 __SAVELOCR6:
000502 935a      	ST   -Y,R21
                 __SAVELOCR5:
000503 934a      	ST   -Y,R20
                 __SAVELOCR4:
000504 933a      	ST   -Y,R19
                 __SAVELOCR3:
000505 932a      	ST   -Y,R18
                 __SAVELOCR2:
000506 931a      	ST   -Y,R17
000507 930a      	ST   -Y,R16
000508 9508      	RET
                 
                 __LOADLOCR6:
000509 815d      	LDD  R21,Y+5
                 __LOADLOCR5:
00050a 814c      	LDD  R20,Y+4
                 __LOADLOCR4:
00050b 813b      	LDD  R19,Y+3
                 __LOADLOCR3:
00050c 812a      	LDD  R18,Y+2
                 __LOADLOCR2:
00050d 8119      	LDD  R17,Y+1
00050e 8108      	LD   R16,Y
00050f 9508      	RET
                 
                 ;END OF CODE MARKER
                 __END_OF_CODE:


RESOURCE USE INFORMATION
------------------------

Notice:
The register and instruction counts are symbol table hit counts,
and hence implicitly used resources are not counted, eg, the
'lpm' instruction without operands implicitly uses r0 and z,
none of which are counted.

x,y,z are separate entities in the symbol table and are
counted separately from r26..r31 here.

.dseg memory usage only counts static data declared with .byte

ATmega16 register use summary:
r0 :  34 r1 :  26 r2 :   0 r3 :   0 r4 :   4 r5 :   4 r6 :   0 r7 :   2 
r8 :   0 r9 :   0 r10:   0 r11:   0 r12:   0 r13:   0 r14:   0 r15:   4 
r16:  44 r17:  35 r18:  36 r19:  16 r20:  17 r21:  48 r22:  39 r23:  29 
r24:  45 r25:  33 r26: 133 r27:  63 r28:  19 r29:   1 r30: 223 r31: 101 
x  :  27 y  : 183 z  :  15 
Registers used: 25 out of 35 (71.4%)

ATmega16 instruction use summary:
.lds  :   0 .lds.l:   0 .sts  :   0 .sts.l:   0 adc   :  21 add   :  17 
adiw  :  28 and   :   2 andi  :   6 asr   :   0 bclr  :   0 bld   :   0 
brbc  :   0 brbs  :   0 brcc  :   1 brcs  :   1 break :   0 breq  :  24 
brge  :   0 brhc  :   0 brhs  :   0 brid  :   0 brie  :   0 brlo  :  14 
brlt  :   2 brmi  :   7 brne  :  37 brpl  :   4 brsh  :   2 brtc  :   0 
brts  :   1 brvc  :   1 brvs  :   2 bset  :   0 bst   :   0 call  :  69 
cbi   :   5 cbr   :   0 clc   :   2 clh   :   0 cli   :   1 cln   :   0 
clr   :  23 cls   :   0 clt   :   2 clv   :   0 clz   :   2 com   :   4 
cp    :   8 cpc   :   7 cpi   :  39 cpse  :   0 dec   :   8 des   :   0 
eor   :   4 fmul  :   0 fmuls :   0 fmulsu:   0 icall :   2 ijmp  :   0 
in    :   5 inc   :   3 jmp   :  23 ld    :  31 ldd   :  79 ldi   : 125 
lds   :   3 lpm   :  14 lsl   :  13 lsr   :   0 mov   :  47 movw  :  26 
mul   :  13 muls  :   0 mulsu :   0 neg   :   3 nop   :   0 or    :   1 
ori   :   7 out   :  21 pop   :  15 push  :  14 rcall :  30 ret   :  45 
reti  :   1 rjmp  :  76 rol   :  15 ror   :   4 sbc   :   4 sbci  :   8 
sbi   :   6 sbic  :   0 sbis  :   0 sbiw  :  23 sbr   :   1 sbrc  :   2 
sbrs  :  11 sec   :   2 seh   :   0 sei   :   1 sen   :   0 ser   :   5 
ses   :   0 set   :   2 sev   :   0 sez   :   1 sleep :   0 spm   :   0 
st    :  72 std   :  31 sts   :   8 sub   :   2 subi  :  19 swap  :   1 
tst   :  13 wdr   :   1 
Instructions used: 75 out of 116 (64.7%)

ATmega16 memory use summary [bytes]:
Segment   Begin    End      Code   Data   Used    Size   Use%
---------------------------------------------------------------
[.cseg] 0x000000 0x000a20   2548     44   2592   16384  15.8%
[.dseg] 0x000060 0x000187      0     39     39    1024   3.8%
[.eseg] 0x000000 0x000000      0      0      0     512   0.0%

Assembly complete, 0 errors, 3 warnings
