
AVRASM ver. 2.1.30  D:\Lecture\Micro-lab\Hw7_matin_fazel_9825583\CodeVison\part_2\Debug\List\part_2.asm Sun May 15 14:58:40 2022

D:\Lecture\Micro-lab\Hw7_matin_fazel_9825583\CodeVison\part_2\Debug\List\part_2.asm(1088): warning: Register r5 already defined by the .DEF directive
D:\Lecture\Micro-lab\Hw7_matin_fazel_9825583\CodeVison\part_2\Debug\List\part_2.asm(1089): warning: Register r4 already defined by the .DEF directive
D:\Lecture\Micro-lab\Hw7_matin_fazel_9825583\CodeVison\part_2\Debug\List\part_2.asm(1090): warning: Register r7 already defined by the .DEF directive
D:\Lecture\Micro-lab\Hw7_matin_fazel_9825583\CodeVison\part_2\Debug\List\part_2.asm(1091): warning: Register r6 already defined by the .DEF directive
D:\Lecture\Micro-lab\Hw7_matin_fazel_9825583\CodeVison\part_2\Debug\List\part_2.asm(1092): warning: Register r9 already defined by the .DEF directive
D:\Lecture\Micro-lab\Hw7_matin_fazel_9825583\CodeVison\part_2\Debug\List\part_2.asm(1093): warning: Register r8 already defined by the .DEF directive
D:\Lecture\Micro-lab\Hw7_matin_fazel_9825583\CodeVison\part_2\Debug\List\part_2.asm(1094): warning: Register r11 already defined by the .DEF directive
D:\Lecture\Micro-lab\Hw7_matin_fazel_9825583\CodeVison\part_2\Debug\List\part_2.asm(1095): warning: Register r10 already defined by the .DEF directive
D:\Lecture\Micro-lab\Hw7_matin_fazel_9825583\CodeVison\part_2\Debug\List\part_2.asm(1096): warning: Register r13 already defined by the .DEF directive
                 
                 
                 ;CodeVisionAVR C Compiler V3.12 Advanced
                 ;(C) Copyright 1998-2014 Pavel Haiduc, HP InfoTech s.r.l.
                 ;http://www.hpinfotech.com
                 
                 ;Build configuration    : Debug
                 ;Chip type              : ATmega16
                 ;Program type           : Application
                 ;Clock frequency        : 8/000000 MHz
                 ;Memory model           : Small
                 ;Optimize for           : Size
                 ;(s)printf features     : int, width
                 ;(s)scanf features      : int, width
                 ;External RAM size      : 0
                 ;Data Stack size        : 256 byte(s)
                 ;Heap size              : 0 byte(s)
                 ;Promote 'char' to 'int': Yes
                 ;'char' is unsigned     : Yes
                 ;8 bit enums            : Yes
                 ;Global 'const' stored in FLASH: Yes
                 ;Enhanced function parameter passing: Yes
                 ;Enhanced core instructions: On
                 ;Automatic register allocation for global variables: On
                 ;Smart register allocation: On
                 
                 	#define _MODEL_SMALL_
                 
                 	#pragma AVRPART ADMIN PART_NAME ATmega16
                 	#pragma AVRPART MEMORY PROG_FLASH 16384
                 	#pragma AVRPART MEMORY EEPROM 512
                 	#pragma AVRPART MEMORY INT_SRAM SIZE 1024
                 	#pragma AVRPART MEMORY INT_SRAM START_ADDR 0x60
                 
                 	#define CALL_SUPPORTED 1
                 
                 	.LISTMAC
                 	.EQU UDRE=0x5
                 	.EQU RXC=0x7
                 	.EQU USR=0xB
                 	.EQU UDR=0xC
                 	.EQU SPSR=0xE
                 	.EQU SPDR=0xF
                 	.EQU EERE=0x0
                 	.EQU EEWE=0x1
                 	.EQU EEMWE=0x2
                 	.EQU EECR=0x1C
                 	.EQU EEDR=0x1D
                 	.EQU EEARL=0x1E
                 	.EQU EEARH=0x1F
                 	.EQU WDTCR=0x21
                 	.EQU MCUCR=0x35
                 	.EQU GICR=0x3B
                 	.EQU SPL=0x3D
                 	.EQU SPH=0x3E
                 	.EQU SREG=0x3F
                 
                 	.DEF R0X0=R0
                 	.DEF R0X1=R1
                 	.DEF R0X2=R2
                 	.DEF R0X3=R3
                 	.DEF R0X4=R4
                 	.DEF R0X5=R5
                 	.DEF R0X6=R6
                 	.DEF R0X7=R7
                 	.DEF R0X8=R8
                 	.DEF R0X9=R9
                 	.DEF R0XA=R10
                 	.DEF R0XB=R11
                 	.DEF R0XC=R12
                 	.DEF R0XD=R13
                 	.DEF R0XE=R14
                 	.DEF R0XF=R15
                 	.DEF R0X10=R16
                 	.DEF R0X11=R17
                 	.DEF R0X12=R18
                 	.DEF R0X13=R19
                 	.DEF R0X14=R20
                 	.DEF R0X15=R21
                 	.DEF R0X16=R22
                 	.DEF R0X17=R23
                 	.DEF R0X18=R24
                 	.DEF R0X19=R25
                 	.DEF R0X1A=R26
                 	.DEF R0X1B=R27
                 	.DEF R0X1C=R28
                 	.DEF R0X1D=R29
                 	.DEF R0X1E=R30
                 	.DEF R0X1F=R31
                 
                 	.EQU __SRAM_START=0x0060
                 	.EQU __SRAM_END=0x045F
                 	.EQU __DSTACK_SIZE=0x0100
                 	.EQU __HEAP_SIZE=0x0000
                 	.EQU __CLEAR_SRAM_SIZE=__SRAM_END-__SRAM_START+1
                 
                 	.MACRO __CPD1N
                 	CPI  R30,LOW(@0)
                 	LDI  R26,HIGH(@0)
                 	CPC  R31,R26
                 	LDI  R26,BYTE3(@0)
                 	CPC  R22,R26
                 	LDI  R26,BYTE4(@0)
                 	CPC  R23,R26
                 	.ENDM
                 
                 	.MACRO __CPD2N
                 	CPI  R26,LOW(@0)
                 	LDI  R30,HIGH(@0)
                 	CPC  R27,R30
                 	LDI  R30,BYTE3(@0)
                 	CPC  R24,R30
                 	LDI  R30,BYTE4(@0)
                 	CPC  R25,R30
                 	.ENDM
                 
                 	.MACRO __CPWRR
                 	CP   R@0,R@2
                 	CPC  R@1,R@3
                 	.ENDM
                 
                 	.MACRO __CPWRN
                 	CPI  R@0,LOW(@2)
                 	LDI  R30,HIGH(@2)
                 	CPC  R@1,R30
                 	.ENDM
                 
                 	.MACRO __ADDB1MN
                 	SUBI R30,LOW(-@0-(@1))
                 	.ENDM
                 
                 	.MACRO __ADDB2MN
                 	SUBI R26,LOW(-@0-(@1))
                 	.ENDM
                 
                 	.MACRO __ADDW1MN
                 	SUBI R30,LOW(-@0-(@1))
                 	SBCI R31,HIGH(-@0-(@1))
                 	.ENDM
                 
                 	.MACRO __ADDW2MN
                 	SUBI R26,LOW(-@0-(@1))
                 	SBCI R27,HIGH(-@0-(@1))
                 	.ENDM
                 
                 	.MACRO __ADDW1FN
                 	SUBI R30,LOW(-2*@0-(@1))
                 	SBCI R31,HIGH(-2*@0-(@1))
                 	.ENDM
                 
                 	.MACRO __ADDD1FN
                 	SUBI R30,LOW(-2*@0-(@1))
                 	SBCI R31,HIGH(-2*@0-(@1))
                 	SBCI R22,BYTE3(-2*@0-(@1))
                 	.ENDM
                 
                 	.MACRO __ADDD1N
                 	SUBI R30,LOW(-@0)
                 	SBCI R31,HIGH(-@0)
                 	SBCI R22,BYTE3(-@0)
                 	SBCI R23,BYTE4(-@0)
                 	.ENDM
                 
                 	.MACRO __ADDD2N
                 	SUBI R26,LOW(-@0)
                 	SBCI R27,HIGH(-@0)
                 	SBCI R24,BYTE3(-@0)
                 	SBCI R25,BYTE4(-@0)
                 	.ENDM
                 
                 	.MACRO __SUBD1N
                 	SUBI R30,LOW(@0)
                 	SBCI R31,HIGH(@0)
                 	SBCI R22,BYTE3(@0)
                 	SBCI R23,BYTE4(@0)
                 	.ENDM
                 
                 	.MACRO __SUBD2N
                 	SUBI R26,LOW(@0)
                 	SBCI R27,HIGH(@0)
                 	SBCI R24,BYTE3(@0)
                 	SBCI R25,BYTE4(@0)
                 	.ENDM
                 
                 	.MACRO __ANDBMNN
                 	LDS  R30,@0+(@1)
                 	ANDI R30,LOW(@2)
                 	STS  @0+(@1),R30
                 	.ENDM
                 
                 	.MACRO __ANDWMNN
                 	LDS  R30,@0+(@1)
                 	ANDI R30,LOW(@2)
                 	STS  @0+(@1),R30
                 	LDS  R30,@0+(@1)+1
                 	ANDI R30,HIGH(@2)
                 	STS  @0+(@1)+1,R30
                 	.ENDM
                 
                 	.MACRO __ANDD1N
                 	ANDI R30,LOW(@0)
                 	ANDI R31,HIGH(@0)
                 	ANDI R22,BYTE3(@0)
                 	ANDI R23,BYTE4(@0)
                 	.ENDM
                 
                 	.MACRO __ANDD2N
                 	ANDI R26,LOW(@0)
                 	ANDI R27,HIGH(@0)
                 	ANDI R24,BYTE3(@0)
                 	ANDI R25,BYTE4(@0)
                 	.ENDM
                 
                 	.MACRO __ORBMNN
                 	LDS  R30,@0+(@1)
                 	ORI  R30,LOW(@2)
                 	STS  @0+(@1),R30
                 	.ENDM
                 
                 	.MACRO __ORWMNN
                 	LDS  R30,@0+(@1)
                 	ORI  R30,LOW(@2)
                 	STS  @0+(@1),R30
                 	LDS  R30,@0+(@1)+1
                 	ORI  R30,HIGH(@2)
                 	STS  @0+(@1)+1,R30
                 	.ENDM
                 
                 	.MACRO __ORD1N
                 	ORI  R30,LOW(@0)
                 	ORI  R31,HIGH(@0)
                 	ORI  R22,BYTE3(@0)
                 	ORI  R23,BYTE4(@0)
                 	.ENDM
                 
                 	.MACRO __ORD2N
                 	ORI  R26,LOW(@0)
                 	ORI  R27,HIGH(@0)
                 	ORI  R24,BYTE3(@0)
                 	ORI  R25,BYTE4(@0)
                 	.ENDM
                 
                 	.MACRO __DELAY_USB
                 	LDI  R24,LOW(@0)
                 __DELAY_USB_LOOP:
                 	DEC  R24
                 	BRNE __DELAY_USB_LOOP
                 	.ENDM
                 
                 	.MACRO __DELAY_USW
                 	LDI  R24,LOW(@0)
                 	LDI  R25,HIGH(@0)
                 __DELAY_USW_LOOP:
                 	SBIW R24,1
                 	BRNE __DELAY_USW_LOOP
                 	.ENDM
                 
                 	.MACRO __GETD1S
                 	LDD  R30,Y+@0
                 	LDD  R31,Y+@0+1
                 	LDD  R22,Y+@0+2
                 	LDD  R23,Y+@0+3
                 	.ENDM
                 
                 	.MACRO __GETD2S
                 	LDD  R26,Y+@0
                 	LDD  R27,Y+@0+1
                 	LDD  R24,Y+@0+2
                 	LDD  R25,Y+@0+3
                 	.ENDM
                 
                 	.MACRO __PUTD1S
                 	STD  Y+@0,R30
                 	STD  Y+@0+1,R31
                 	STD  Y+@0+2,R22
                 	STD  Y+@0+3,R23
                 	.ENDM
                 
                 	.MACRO __PUTD2S
                 	STD  Y+@0,R26
                 	STD  Y+@0+1,R27
                 	STD  Y+@0+2,R24
                 	STD  Y+@0+3,R25
                 	.ENDM
                 
                 	.MACRO __PUTDZ2
                 	STD  Z+@0,R26
                 	STD  Z+@0+1,R27
                 	STD  Z+@0+2,R24
                 	STD  Z+@0+3,R25
                 	.ENDM
                 
                 	.MACRO __CLRD1S
                 	STD  Y+@0,R30
                 	STD  Y+@0+1,R30
                 	STD  Y+@0+2,R30
                 	STD  Y+@0+3,R30
                 	.ENDM
                 
                 	.MACRO __POINTB1MN
                 	LDI  R30,LOW(@0+(@1))
                 	.ENDM
                 
                 	.MACRO __POINTW1MN
                 	LDI  R30,LOW(@0+(@1))
                 	LDI  R31,HIGH(@0+(@1))
                 	.ENDM
                 
                 	.MACRO __POINTD1M
                 	LDI  R30,LOW(@0)
                 	LDI  R31,HIGH(@0)
                 	LDI  R22,BYTE3(@0)
                 	LDI  R23,BYTE4(@0)
                 	.ENDM
                 
                 	.MACRO __POINTW1FN
                 	LDI  R30,LOW(2*@0+(@1))
                 	LDI  R31,HIGH(2*@0+(@1))
                 	.ENDM
                 
                 	.MACRO __POINTD1FN
                 	LDI  R30,LOW(2*@0+(@1))
                 	LDI  R31,HIGH(2*@0+(@1))
                 	LDI  R22,BYTE3(2*@0+(@1))
                 	LDI  R23,BYTE4(2*@0+(@1))
                 	.ENDM
                 
                 	.MACRO __POINTB2MN
                 	LDI  R26,LOW(@0+(@1))
                 	.ENDM
                 
                 	.MACRO __POINTW2MN
                 	LDI  R26,LOW(@0+(@1))
                 	LDI  R27,HIGH(@0+(@1))
                 	.ENDM
                 
                 	.MACRO __POINTW2FN
                 	LDI  R26,LOW(2*@0+(@1))
                 	LDI  R27,HIGH(2*@0+(@1))
                 	.ENDM
                 
                 	.MACRO __POINTD2FN
                 	LDI  R26,LOW(2*@0+(@1))
                 	LDI  R27,HIGH(2*@0+(@1))
                 	LDI  R24,BYTE3(2*@0+(@1))
                 	LDI  R25,BYTE4(2*@0+(@1))
                 	.ENDM
                 
                 	.MACRO __POINTBRM
                 	LDI  R@0,LOW(@1)
                 	.ENDM
                 
                 	.MACRO __POINTWRM
                 	LDI  R@0,LOW(@2)
                 	LDI  R@1,HIGH(@2)
                 	.ENDM
                 
                 	.MACRO __POINTBRMN
                 	LDI  R@0,LOW(@1+(@2))
                 	.ENDM
                 
                 	.MACRO __POINTWRMN
                 	LDI  R@0,LOW(@2+(@3))
                 	LDI  R@1,HIGH(@2+(@3))
                 	.ENDM
                 
                 	.MACRO __POINTWRFN
                 	LDI  R@0,LOW(@2*2+(@3))
                 	LDI  R@1,HIGH(@2*2+(@3))
                 	.ENDM
                 
                 	.MACRO __GETD1N
                 	LDI  R30,LOW(@0)
                 	LDI  R31,HIGH(@0)
                 	LDI  R22,BYTE3(@0)
                 	LDI  R23,BYTE4(@0)
                 	.ENDM
                 
                 	.MACRO __GETD2N
                 	LDI  R26,LOW(@0)
                 	LDI  R27,HIGH(@0)
                 	LDI  R24,BYTE3(@0)
                 	LDI  R25,BYTE4(@0)
                 	.ENDM
                 
                 	.MACRO __GETB1MN
                 	LDS  R30,@0+(@1)
                 	.ENDM
                 
                 	.MACRO __GETB1HMN
                 	LDS  R31,@0+(@1)
                 	.ENDM
                 
                 	.MACRO __GETW1MN
                 	LDS  R30,@0+(@1)
                 	LDS  R31,@0+(@1)+1
                 	.ENDM
                 
                 	.MACRO __GETD1MN
                 	LDS  R30,@0+(@1)
                 	LDS  R31,@0+(@1)+1
                 	LDS  R22,@0+(@1)+2
                 	LDS  R23,@0+(@1)+3
                 	.ENDM
                 
                 	.MACRO __GETBRMN
                 	LDS  R@0,@1+(@2)
                 	.ENDM
                 
                 	.MACRO __GETWRMN
                 	LDS  R@0,@2+(@3)
                 	LDS  R@1,@2+(@3)+1
                 	.ENDM
                 
                 	.MACRO __GETWRZ
                 	LDD  R@0,Z+@2
                 	LDD  R@1,Z+@2+1
                 	.ENDM
                 
                 	.MACRO __GETD2Z
                 	LDD  R26,Z+@0
                 	LDD  R27,Z+@0+1
                 	LDD  R24,Z+@0+2
                 	LDD  R25,Z+@0+3
                 	.ENDM
                 
                 	.MACRO __GETB2MN
                 	LDS  R26,@0+(@1)
                 	.ENDM
                 
                 	.MACRO __GETW2MN
                 	LDS  R26,@0+(@1)
                 	LDS  R27,@0+(@1)+1
                 	.ENDM
                 
                 	.MACRO __GETD2MN
                 	LDS  R26,@0+(@1)
                 	LDS  R27,@0+(@1)+1
                 	LDS  R24,@0+(@1)+2
                 	LDS  R25,@0+(@1)+3
                 	.ENDM
                 
                 	.MACRO __PUTB1MN
                 	STS  @0+(@1),R30
                 	.ENDM
                 
                 	.MACRO __PUTW1MN
                 	STS  @0+(@1),R30
                 	STS  @0+(@1)+1,R31
                 	.ENDM
                 
                 	.MACRO __PUTD1MN
                 	STS  @0+(@1),R30
                 	STS  @0+(@1)+1,R31
                 	STS  @0+(@1)+2,R22
                 	STS  @0+(@1)+3,R23
                 	.ENDM
                 
                 	.MACRO __PUTB1EN
                 	LDI  R26,LOW(@0+(@1))
                 	LDI  R27,HIGH(@0+(@1))
                 	CALL __EEPROMWRB
                 	.ENDM
                 
                 	.MACRO __PUTW1EN
                 	LDI  R26,LOW(@0+(@1))
                 	LDI  R27,HIGH(@0+(@1))
                 	CALL __EEPROMWRW
                 	.ENDM
                 
                 	.MACRO __PUTD1EN
                 	LDI  R26,LOW(@0+(@1))
                 	LDI  R27,HIGH(@0+(@1))
                 	CALL __EEPROMWRD
                 	.ENDM
                 
                 	.MACRO __PUTBR0MN
                 	STS  @0+(@1),R0
                 	.ENDM
                 
                 	.MACRO __PUTBMRN
                 	STS  @0+(@1),R@2
                 	.ENDM
                 
                 	.MACRO __PUTWMRN
                 	STS  @0+(@1),R@2
                 	STS  @0+(@1)+1,R@3
                 	.ENDM
                 
                 	.MACRO __PUTBZR
                 	STD  Z+@1,R@0
                 	.ENDM
                 
                 	.MACRO __PUTWZR
                 	STD  Z+@2,R@0
                 	STD  Z+@2+1,R@1
                 	.ENDM
                 
                 	.MACRO __GETW1R
                 	MOV  R30,R@0
                 	MOV  R31,R@1
                 	.ENDM
                 
                 	.MACRO __GETW2R
                 	MOV  R26,R@0
                 	MOV  R27,R@1
                 	.ENDM
                 
                 	.MACRO __GETWRN
                 	LDI  R@0,LOW(@2)
                 	LDI  R@1,HIGH(@2)
                 	.ENDM
                 
                 	.MACRO __PUTW1R
                 	MOV  R@0,R30
                 	MOV  R@1,R31
                 	.ENDM
                 
                 	.MACRO __PUTW2R
                 	MOV  R@0,R26
                 	MOV  R@1,R27
                 	.ENDM
                 
                 	.MACRO __ADDWRN
                 	SUBI R@0,LOW(-@2)
                 	SBCI R@1,HIGH(-@2)
                 	.ENDM
                 
                 	.MACRO __ADDWRR
                 	ADD  R@0,R@2
                 	ADC  R@1,R@3
                 	.ENDM
                 
                 	.MACRO __SUBWRN
                 	SUBI R@0,LOW(@2)
                 	SBCI R@1,HIGH(@2)
                 	.ENDM
                 
                 	.MACRO __SUBWRR
                 	SUB  R@0,R@2
                 	SBC  R@1,R@3
                 	.ENDM
                 
                 	.MACRO __ANDWRN
                 	ANDI R@0,LOW(@2)
                 	ANDI R@1,HIGH(@2)
                 	.ENDM
                 
                 	.MACRO __ANDWRR
                 	AND  R@0,R@2
                 	AND  R@1,R@3
                 	.ENDM
                 
                 	.MACRO __ORWRN
                 	ORI  R@0,LOW(@2)
                 	ORI  R@1,HIGH(@2)
                 	.ENDM
                 
                 	.MACRO __ORWRR
                 	OR   R@0,R@2
                 	OR   R@1,R@3
                 	.ENDM
                 
                 	.MACRO __EORWRR
                 	EOR  R@0,R@2
                 	EOR  R@1,R@3
                 	.ENDM
                 
                 	.MACRO __GETWRS
                 	LDD  R@0,Y+@2
                 	LDD  R@1,Y+@2+1
                 	.ENDM
                 
                 	.MACRO __PUTBSR
                 	STD  Y+@1,R@0
                 	.ENDM
                 
                 	.MACRO __PUTWSR
                 	STD  Y+@2,R@0
                 	STD  Y+@2+1,R@1
                 	.ENDM
                 
                 	.MACRO __MOVEWRR
                 	MOV  R@0,R@2
                 	MOV  R@1,R@3
                 	.ENDM
                 
                 	.MACRO __INWR
                 	IN   R@0,@2
                 	IN   R@1,@2+1
                 	.ENDM
                 
                 	.MACRO __OUTWR
                 	OUT  @2+1,R@1
                 	OUT  @2,R@0
                 	.ENDM
                 
                 	.MACRO __CALL1MN
                 	LDS  R30,@0+(@1)
                 	LDS  R31,@0+(@1)+1
                 	ICALL
                 	.ENDM
                 
                 	.MACRO __CALL1FN
                 	LDI  R30,LOW(2*@0+(@1))
                 	LDI  R31,HIGH(2*@0+(@1))
                 	CALL __GETW1PF
                 	ICALL
                 	.ENDM
                 
                 	.MACRO __CALL2EN
                 	PUSH R26
                 	PUSH R27
                 	LDI  R26,LOW(@0+(@1))
                 	LDI  R27,HIGH(@0+(@1))
                 	CALL __EEPROMRDW
                 	POP  R27
                 	POP  R26
                 	ICALL
                 	.ENDM
                 
                 	.MACRO __CALL2EX
                 	SUBI R26,LOW(-@0)
                 	SBCI R27,HIGH(-@0)
                 	CALL __EEPROMRDD
                 	ICALL
                 	.ENDM
                 
                 	.MACRO __GETW1STACK
                 	IN   R30,SPL
                 	IN   R31,SPH
                 	ADIW R30,@0+1
                 	LD   R0,Z+
                 	LD   R31,Z
                 	MOV  R30,R0
                 	.ENDM
                 
                 	.MACRO __GETD1STACK
                 	IN   R30,SPL
                 	IN   R31,SPH
                 	ADIW R30,@0+1
                 	LD   R0,Z+
                 	LD   R1,Z+
                 	LD   R22,Z
                 	MOVW R30,R0
                 	.ENDM
                 
                 	.MACRO __NBST
                 	BST  R@0,@1
                 	IN   R30,SREG
                 	LDI  R31,0x40
                 	EOR  R30,R31
                 	OUT  SREG,R30
                 	.ENDM
                 
                 
                 	.MACRO __PUTB1SN
                 	LDD  R26,Y+@0
                 	LDD  R27,Y+@0+1
                 	SUBI R26,LOW(-@1)
                 	SBCI R27,HIGH(-@1)
                 	ST   X,R30
                 	.ENDM
                 
                 	.MACRO __PUTW1SN
                 	LDD  R26,Y+@0
                 	LDD  R27,Y+@0+1
                 	SUBI R26,LOW(-@1)
                 	SBCI R27,HIGH(-@1)
                 	ST   X+,R30
                 	ST   X,R31
                 	.ENDM
                 
                 	.MACRO __PUTD1SN
                 	LDD  R26,Y+@0
                 	LDD  R27,Y+@0+1
                 	SUBI R26,LOW(-@1)
                 	SBCI R27,HIGH(-@1)
                 	CALL __PUTDP1
                 	.ENDM
                 
                 	.MACRO __PUTB1SNS
                 	LDD  R26,Y+@0
                 	LDD  R27,Y+@0+1
                 	ADIW R26,@1
                 	ST   X,R30
                 	.ENDM
                 
                 	.MACRO __PUTW1SNS
                 	LDD  R26,Y+@0
                 	LDD  R27,Y+@0+1
                 	ADIW R26,@1
                 	ST   X+,R30
                 	ST   X,R31
                 	.ENDM
                 
                 	.MACRO __PUTD1SNS
                 	LDD  R26,Y+@0
                 	LDD  R27,Y+@0+1
                 	ADIW R26,@1
                 	CALL __PUTDP1
                 	.ENDM
                 
                 	.MACRO __PUTB1PMN
                 	LDS  R26,@0
                 	LDS  R27,@0+1
                 	SUBI R26,LOW(-@1)
                 	SBCI R27,HIGH(-@1)
                 	ST   X,R30
                 	.ENDM
                 
                 	.MACRO __PUTW1PMN
                 	LDS  R26,@0
                 	LDS  R27,@0+1
                 	SUBI R26,LOW(-@1)
                 	SBCI R27,HIGH(-@1)
                 	ST   X+,R30
                 	ST   X,R31
                 	.ENDM
                 
                 	.MACRO __PUTD1PMN
                 	LDS  R26,@0
                 	LDS  R27,@0+1
                 	SUBI R26,LOW(-@1)
                 	SBCI R27,HIGH(-@1)
                 	CALL __PUTDP1
                 	.ENDM
                 
                 	.MACRO __PUTB1PMNS
                 	LDS  R26,@0
                 	LDS  R27,@0+1
                 	ADIW R26,@1
                 	ST   X,R30
                 	.ENDM
                 
                 	.MACRO __PUTW1PMNS
                 	LDS  R26,@0
                 	LDS  R27,@0+1
                 	ADIW R26,@1
                 	ST   X+,R30
                 	ST   X,R31
                 	.ENDM
                 
                 	.MACRO __PUTD1PMNS
                 	LDS  R26,@0
                 	LDS  R27,@0+1
                 	ADIW R26,@1
                 	CALL __PUTDP1
                 	.ENDM
                 
                 	.MACRO __PUTB1RN
                 	MOVW R26,R@0
                 	SUBI R26,LOW(-@1)
                 	SBCI R27,HIGH(-@1)
                 	ST   X,R30
                 	.ENDM
                 
                 	.MACRO __PUTW1RN
                 	MOVW R26,R@0
                 	SUBI R26,LOW(-@1)
                 	SBCI R27,HIGH(-@1)
                 	ST   X+,R30
                 	ST   X,R31
                 	.ENDM
                 
                 	.MACRO __PUTD1RN
                 	MOVW R26,R@0
                 	SUBI R26,LOW(-@1)
                 	SBCI R27,HIGH(-@1)
                 	CALL __PUTDP1
                 	.ENDM
                 
                 	.MACRO __PUTB1RNS
                 	MOVW R26,R@0
                 	ADIW R26,@1
                 	ST   X,R30
                 	.ENDM
                 
                 	.MACRO __PUTW1RNS
                 	MOVW R26,R@0
                 	ADIW R26,@1
                 	ST   X+,R30
                 	ST   X,R31
                 	.ENDM
                 
                 	.MACRO __PUTD1RNS
                 	MOVW R26,R@0
                 	ADIW R26,@1
                 	CALL __PUTDP1
                 	.ENDM
                 
                 	.MACRO __PUTB1RON
                 	MOV  R26,R@0
                 	MOV  R27,R@1
                 	SUBI R26,LOW(-@2)
                 	SBCI R27,HIGH(-@2)
                 	ST   X,R30
                 	.ENDM
                 
                 	.MACRO __PUTW1RON
                 	MOV  R26,R@0
                 	MOV  R27,R@1
                 	SUBI R26,LOW(-@2)
                 	SBCI R27,HIGH(-@2)
                 	ST   X+,R30
                 	ST   X,R31
                 	.ENDM
                 
                 	.MACRO __PUTD1RON
                 	MOV  R26,R@0
                 	MOV  R27,R@1
                 	SUBI R26,LOW(-@2)
                 	SBCI R27,HIGH(-@2)
                 	CALL __PUTDP1
                 	.ENDM
                 
                 	.MACRO __PUTB1RONS
                 	MOV  R26,R@0
                 	MOV  R27,R@1
                 	ADIW R26,@2
                 	ST   X,R30
                 	.ENDM
                 
                 	.MACRO __PUTW1RONS
                 	MOV  R26,R@0
                 	MOV  R27,R@1
                 	ADIW R26,@2
                 	ST   X+,R30
                 	ST   X,R31
                 	.ENDM
                 
                 	.MACRO __PUTD1RONS
                 	MOV  R26,R@0
                 	MOV  R27,R@1
                 	ADIW R26,@2
                 	CALL __PUTDP1
                 	.ENDM
                 
                 
                 	.MACRO __GETB1SX
                 	MOVW R30,R28
                 	SUBI R30,LOW(-@0)
                 	SBCI R31,HIGH(-@0)
                 	LD   R30,Z
                 	.ENDM
                 
                 	.MACRO __GETB1HSX
                 	MOVW R30,R28
                 	SUBI R30,LOW(-@0)
                 	SBCI R31,HIGH(-@0)
                 	LD   R31,Z
                 	.ENDM
                 
                 	.MACRO __GETW1SX
                 	MOVW R30,R28
                 	SUBI R30,LOW(-@0)
                 	SBCI R31,HIGH(-@0)
                 	LD   R0,Z+
                 	LD   R31,Z
                 	MOV  R30,R0
                 	.ENDM
                 
                 	.MACRO __GETD1SX
                 	MOVW R30,R28
                 	SUBI R30,LOW(-@0)
                 	SBCI R31,HIGH(-@0)
                 	LD   R0,Z+
                 	LD   R1,Z+
                 	LD   R22,Z+
                 	LD   R23,Z
                 	MOVW R30,R0
                 	.ENDM
                 
                 	.MACRO __GETB2SX
                 	MOVW R26,R28
                 	SUBI R26,LOW(-@0)
                 	SBCI R27,HIGH(-@0)
                 	LD   R26,X
                 	.ENDM
                 
                 	.MACRO __GETW2SX
                 	MOVW R26,R28
                 	SUBI R26,LOW(-@0)
                 	SBCI R27,HIGH(-@0)
                 	LD   R0,X+
                 	LD   R27,X
                 	MOV  R26,R0
                 	.ENDM
                 
                 	.MACRO __GETD2SX
                 	MOVW R26,R28
                 	SUBI R26,LOW(-@0)
                 	SBCI R27,HIGH(-@0)
                 	LD   R0,X+
                 	LD   R1,X+
                 	LD   R24,X+
                 	LD   R25,X
                 	MOVW R26,R0
                 	.ENDM
                 
                 	.MACRO __GETBRSX
                 	MOVW R30,R28
                 	SUBI R30,LOW(-@1)
                 	SBCI R31,HIGH(-@1)
                 	LD   R@0,Z
                 	.ENDM
                 
                 	.MACRO __GETWRSX
                 	MOVW R30,R28
                 	SUBI R30,LOW(-@2)
                 	SBCI R31,HIGH(-@2)
                 	LD   R@0,Z+
                 	LD   R@1,Z
                 	.ENDM
                 
                 	.MACRO __GETBRSX2
                 	MOVW R26,R28
                 	SUBI R26,LOW(-@1)
                 	SBCI R27,HIGH(-@1)
                 	LD   R@0,X
                 	.ENDM
                 
                 	.MACRO __GETWRSX2
                 	MOVW R26,R28
                 	SUBI R26,LOW(-@2)
                 	SBCI R27,HIGH(-@2)
                 	LD   R@0,X+
                 	LD   R@1,X
                 	.ENDM
                 
                 	.MACRO __LSLW8SX
                 	MOVW R30,R28
                 	SUBI R30,LOW(-@0)
                 	SBCI R31,HIGH(-@0)
                 	LD   R31,Z
                 	CLR  R30
                 	.ENDM
                 
                 	.MACRO __PUTB1SX
                 	MOVW R26,R28
                 	SUBI R26,LOW(-@0)
                 	SBCI R27,HIGH(-@0)
                 	ST   X,R30
                 	.ENDM
                 
                 	.MACRO __PUTW1SX
                 	MOVW R26,R28
                 	SUBI R26,LOW(-@0)
                 	SBCI R27,HIGH(-@0)
                 	ST   X+,R30
                 	ST   X,R31
                 	.ENDM
                 
                 	.MACRO __PUTD1SX
                 	MOVW R26,R28
                 	SUBI R26,LOW(-@0)
                 	SBCI R27,HIGH(-@0)
                 	ST   X+,R30
                 	ST   X+,R31
                 	ST   X+,R22
                 	ST   X,R23
                 	.ENDM
                 
                 	.MACRO __CLRW1SX
                 	MOVW R26,R28
                 	SUBI R26,LOW(-@0)
                 	SBCI R27,HIGH(-@0)
                 	ST   X+,R30
                 	ST   X,R30
                 	.ENDM
                 
                 	.MACRO __CLRD1SX
                 	MOVW R26,R28
                 	SUBI R26,LOW(-@0)
                 	SBCI R27,HIGH(-@0)
                 	ST   X+,R30
                 	ST   X+,R30
                 	ST   X+,R30
                 	ST   X,R30
                 	.ENDM
                 
                 	.MACRO __PUTB2SX
                 	MOVW R30,R28
                 	SUBI R30,LOW(-@0)
                 	SBCI R31,HIGH(-@0)
                 	ST   Z,R26
                 	.ENDM
                 
                 	.MACRO __PUTW2SX
                 	MOVW R30,R28
                 	SUBI R30,LOW(-@0)
                 	SBCI R31,HIGH(-@0)
                 	ST   Z+,R26
                 	ST   Z,R27
                 	.ENDM
                 
                 	.MACRO __PUTD2SX
                 	MOVW R30,R28
                 	SUBI R30,LOW(-@0)
                 	SBCI R31,HIGH(-@0)
                 	ST   Z+,R26
                 	ST   Z+,R27
                 	ST   Z+,R24
                 	ST   Z,R25
                 	.ENDM
                 
                 	.MACRO __PUTBSRX
                 	MOVW R30,R28
                 	SUBI R30,LOW(-@1)
                 	SBCI R31,HIGH(-@1)
                 	ST   Z,R@0
                 	.ENDM
                 
                 	.MACRO __PUTWSRX
                 	MOVW R30,R28
                 	SUBI R30,LOW(-@2)
                 	SBCI R31,HIGH(-@2)
                 	ST   Z+,R@0
                 	ST   Z,R@1
                 	.ENDM
                 
                 	.MACRO __PUTB1SNX
                 	MOVW R26,R28
                 	SUBI R26,LOW(-@0)
                 	SBCI R27,HIGH(-@0)
                 	LD   R0,X+
                 	LD   R27,X
                 	MOV  R26,R0
                 	SUBI R26,LOW(-@1)
                 	SBCI R27,HIGH(-@1)
                 	ST   X,R30
                 	.ENDM
                 
                 	.MACRO __PUTW1SNX
                 	MOVW R26,R28
                 	SUBI R26,LOW(-@0)
                 	SBCI R27,HIGH(-@0)
                 	LD   R0,X+
                 	LD   R27,X
                 	MOV  R26,R0
                 	SUBI R26,LOW(-@1)
                 	SBCI R27,HIGH(-@1)
                 	ST   X+,R30
                 	ST   X,R31
                 	.ENDM
                 
                 	.MACRO __PUTD1SNX
                 	MOVW R26,R28
                 	SUBI R26,LOW(-@0)
                 	SBCI R27,HIGH(-@0)
                 	LD   R0,X+
                 	LD   R27,X
                 	MOV  R26,R0
                 	SUBI R26,LOW(-@1)
                 	SBCI R27,HIGH(-@1)
                 	ST   X+,R30
                 	ST   X+,R31
                 	ST   X+,R22
                 	ST   X,R23
                 	.ENDM
                 
                 	.MACRO __MULBRR
                 	MULS R@0,R@1
                 	MOVW R30,R0
                 	.ENDM
                 
                 	.MACRO __MULBRRU
                 	MUL  R@0,R@1
                 	MOVW R30,R0
                 	.ENDM
                 
                 	.MACRO __MULBRR0
                 	MULS R@0,R@1
                 	.ENDM
                 
                 	.MACRO __MULBRRU0
                 	MUL  R@0,R@1
                 	.ENDM
                 
                 	.MACRO __MULBNWRU
                 	LDI  R26,@2
                 	MUL  R26,R@0
                 	MOVW R30,R0
                 	MUL  R26,R@1
                 	ADD  R31,R0
                 	.ENDM
                 
                 ;NAME DEFINITIONS FOR GLOBAL VARIABLES ALLOCATED TO REGISTERS
                 	.DEF _rx_wr_index=R5
                 	.DEF _rx_rd_index=R4
                 	.DEF _rx_counter=R7
                 	.DEF _tx_wr_index=R6
                 	.DEF _tx_rd_index=R9
                 	.DEF _tx_counter=R8
                 	.DEF __lcd_x=R11
                 	.DEF __lcd_y=R10
                 	.DEF __lcd_maxx=R13
                 
                 	.CSEG
                 	.ORG 0x00
                 
                 ;START OF CODE MARKER
                 __START_OF_CODE:
                 
                 ;INTERRUPT VECTORS
000000 940c 0097 	JMP  __RESET
000002 940c 0000 	JMP  0x00
000004 940c 0000 	JMP  0x00
000006 940c 0000 	JMP  0x00
000008 940c 0000 	JMP  0x00
00000a 940c 0000 	JMP  0x00
00000c 940c 0000 	JMP  0x00
00000e 940c 0000 	JMP  0x00
000010 940c 0000 	JMP  0x00
000012 940c 0000 	JMP  0x00
000014 940c 0000 	JMP  0x00
000016 940c 00c4 	JMP  _usart_rx_isr
000018 940c 0000 	JMP  0x00
00001a 940c 00f6 	JMP  _usart_tx_isr
00001c 940c 0000 	JMP  0x00
00001e 940c 0000 	JMP  0x00
000020 940c 0000 	JMP  0x00
000022 940c 0000 	JMP  0x00
000024 940c 0000 	JMP  0x00
000026 940c 0000 	JMP  0x00
000028 940c 0000 	JMP  0x00
                 
                 _tbl10_G101:
00002a 2710
00002b 03e8
00002c 0064
00002d 000a      	.DB  0x10,0x27,0xE8,0x3,0x64,0x0,0xA,0x0
00002e 0001      	.DB  0x1,0x0
                 _tbl16_G101:
00002f 1000
000030 0100
000031 0010
000032 0001      	.DB  0x0,0x10,0x0,0x1,0x10,0x0,0x1,0x0
                 
                 ;REGISTER BIT VARIABLES INITIALIZATION
                 __REG_BIT_VARS:
000033 0000      	.DW  0x0000
                 
                 ;GLOBAL REGISTER VARIABLES INITIALIZATION
                 __REG_VARS:
000034 0000
000035 0000      	.DB  0x0,0x0,0x0,0x0
000036 0000      	.DB  0x0,0x0
                 
                 _0x0:
000037 7854
000038 253a
000039 0d63
00003a 000a      	.DB  0x54,0x78,0x3A,0x25,0x63,0xD,0xA,0x0
00003b 7852
00003c 203a
00003d 6144
00003e 6174      	.DB  0x52,0x78,0x3A,0x20,0x44,0x61,0x74,0x61
00003f 6920
000040 2073
000041 2061
000042 6e69      	.DB  0x20,0x69,0x73,0x20,0x61,0x20,0x69,0x6E
000043 6574
000044 6567
000045 2072
000046 6e61      	.DB  0x74,0x65,0x67,0x65,0x72,0x20,0x61,0x6E
000047 2064
000048 3031
000049 2a20
00004a 2520      	.DB  0x64,0x20,0x31,0x30,0x20,0x2A,0x20,0x25
00004b 3d63
00004c 6325
00004d 0a30
00004e 000d      	.DB  0x63,0x3D,0x25,0x63,0x30,0xA,0xD,0x0
00004f 434c
000050 2044
000051 6544
000052 656c      	.DB  0x4C,0x43,0x44,0x20,0x44,0x65,0x6C,0x65
000053 6574
000054 2164
000055 0d0a
000056 2a00      	.DB  0x74,0x65,0x64,0x21,0xA,0xD,0x0,0x2A
000057 2a2a
000058 2a2a
000059 2a2a
00005a 0d2a      	.DB  0x2A,0x2A,0x2A,0x2A,0x2A,0x2A,0x2A,0xD
00005b 4d0a
00005c 6369
00005d 6f72
00005e 5020      	.DB  0xA,0x4D,0x69,0x63,0x72,0x6F,0x20,0x50
00005f 6f72
000060 6563
000061 7373
000062 726f      	.DB  0x72,0x6F,0x63,0x65,0x73,0x73,0x6F,0x72
000063 4c20
000064 6261
000065 4920
000066 5455      	.DB  0x20,0x4C,0x61,0x62,0x20,0x49,0x55,0x54
000067 2a20
000068 2a2a
000069 2a2a
00006a 2a2a      	.DB  0x20,0x2A,0x2A,0x2A,0x2A,0x2A,0x2A,0x2A
00006b 0a2a
00006c 000d
00006d 7852
00006e 203a      	.DB  0x2A,0xA,0xD,0x0,0x52,0x78,0x3A,0x20
00006f 6e45
000070 2064
000071 666f
000072 7420      	.DB  0x45,0x6E,0x64,0x20,0x6F,0x66,0x20,0x74
000073 6568
000074 7020
000075 7261
000076 0d74      	.DB  0x68,0x65,0x20,0x70,0x61,0x72,0x74,0xD
000077 000a
000078 7854
000079 203a
00007a 6325      	.DB  0xA,0x0,0x54,0x78,0x3A,0x20,0x25,0x63
00007b 0d0a
00007c 5200
00007d 3a78
00007e 6920      	.DB  0xA,0xD,0x0,0x52,0x78,0x3A,0x20,0x69
00007f 706e
000080 7475
000081 6c20
000082 7465      	.DB  0x6E,0x70,0x75,0x74,0x20,0x6C,0x65,0x74
000083 6574
000084 2072
000085 7369
000086 2520      	.DB  0x74,0x65,0x72,0x20,0x69,0x73,0x20,0x25
000087 0a63
000088 000d      	.DB  0x63,0xA,0xD,0x0
                 _0x2000003:
000089 c080      	.DB  0x80,0xC0
                 
                 __GLOBAL_INI_TBL:
00008a 0001      	.DW  0x01
00008b 0002      	.DW  0x02
00008c 0066      	.DW  __REG_BIT_VARS*2
                 
00008d 0006      	.DW  0x06
00008e 0004      	.DW  0x04
00008f 0068      	.DW  __REG_VARS*2
                 
000090 000f      	.DW  0x0F
000091 0160      	.DW  _0x1D
000092 009e      	.DW  _0x0*2+48
                 
000093 0002      	.DW  0x02
000094 017f      	.DW  __base_y_G100
000095 0112      	.DW  _0x2000003*2
                 
                 _0xFFFFFFFF:
000096 0000      	.DW  0
                 
                 #define __GLOBAL_INI_TBL_PRESENT 1
                 
                 __RESET:
000097 94f8      	CLI
000098 27ee      	CLR  R30
000099 bbec      	OUT  EECR,R30
                 
                 ;INTERRUPT VECTORS ARE PLACED
                 ;AT THE START OF FLASH
00009a e0f1      	LDI  R31,1
00009b bffb      	OUT  GICR,R31
00009c bfeb      	OUT  GICR,R30
00009d bfe5      	OUT  MCUCR,R30
                 
                 ;CLEAR R2-R14
00009e e08d      	LDI  R24,(14-2)+1
00009f e0a2      	LDI  R26,2
0000a0 27bb      	CLR  R27
                 __CLEAR_REG:
0000a1 93ed      	ST   X+,R30
0000a2 958a      	DEC  R24
0000a3 f7e9      	BRNE __CLEAR_REG
                 
                 ;CLEAR SRAM
0000a4 e080      	LDI  R24,LOW(__CLEAR_SRAM_SIZE)
0000a5 e094      	LDI  R25,HIGH(__CLEAR_SRAM_SIZE)
0000a6 e6a0      	LDI  R26,__SRAM_START
                 __CLEAR_SRAM:
0000a7 93ed      	ST   X+,R30
0000a8 9701      	SBIW R24,1
0000a9 f7e9      	BRNE __CLEAR_SRAM
                 
                 ;GLOBAL VARIABLES INITIALIZATION
0000aa e1e4      	LDI  R30,LOW(__GLOBAL_INI_TBL*2)
0000ab e0f1      	LDI  R31,HIGH(__GLOBAL_INI_TBL*2)
                 __GLOBAL_INI_NEXT:
0000ac 9185      	LPM  R24,Z+
0000ad 9195      	LPM  R25,Z+
0000ae 9700      	SBIW R24,0
0000af f061      	BREQ __GLOBAL_INI_END
0000b0 91a5      	LPM  R26,Z+
0000b1 91b5      	LPM  R27,Z+
0000b2 9005      	LPM  R0,Z+
0000b3 9015      	LPM  R1,Z+
0000b4 01bf      	MOVW R22,R30
0000b5 01f0      	MOVW R30,R0
                 __GLOBAL_INI_LOOP:
0000b6 9005      	LPM  R0,Z+
0000b7 920d      	ST   X+,R0
0000b8 9701      	SBIW R24,1
0000b9 f7e1      	BRNE __GLOBAL_INI_LOOP
0000ba 01fb      	MOVW R30,R22
0000bb cff0      	RJMP __GLOBAL_INI_NEXT
                 __GLOBAL_INI_END:
                 
                 ;HARDWARE STACK POINTER INITIALIZATION
0000bc e5ef      	LDI  R30,LOW(__SRAM_END-__HEAP_SIZE)
0000bd bfed      	OUT  SPL,R30
0000be e0e4      	LDI  R30,HIGH(__SRAM_END-__HEAP_SIZE)
0000bf bfee      	OUT  SPH,R30
                 
                 ;DATA STACK POINTER INITIALIZATION
0000c0 e6c0      	LDI  R28,LOW(__SRAM_START+__DSTACK_SIZE)
0000c1 e0d1      	LDI  R29,HIGH(__SRAM_START+__DSTACK_SIZE)
                 
0000c2 940c 0128 	JMP  _main
                 
                 	.ESEG
                 	.ORG 0
                 
                 	.DSEG
                 	.ORG 0x160
                 
                 	.CSEG
                 ;/*******************************************************
                 ;This program was created by the
                 ;CodeWizardAVR V3.12 Advanced
                 ;Automatic Program Generator
                 ;© Copyright 1998-2014 Pavel Haiduc, HP InfoTech s.r.l.
                 ;http://www.hpinfotech.com
                 ;
                 ;Project :
                 ;Version :
                 ;Date    : 15/05/2022
                 ;Author  :
                 ;Company :
                 ;Comments:
                 ;
                 ;
                 ;Chip type               : ATmega16
                 ;Program type            : Application
                 ;AVR Core Clock frequency: 8/000000 MHz
                 ;Memory model            : Small
                 ;External RAM size       : 0
                 ;Data Stack size         : 256
                 ;*******************************************************/
                 ;
                 ;#include <mega16.h>
                 	#ifndef __SLEEP_DEFINED__
                 	#define __SLEEP_DEFINED__
                 	.EQU __se_bit=0x40
                 	.EQU __sm_mask=0xB0
                 	.EQU __sm_powerdown=0x20
                 	.EQU __sm_powersave=0x30
                 	.EQU __sm_standby=0xA0
                 	.EQU __sm_ext_standby=0xB0
                 	.EQU __sm_adc_noise_red=0x10
                 	.SET power_ctrl_reg=mcucr
                 	#endif
                 ;
                 ;// Alphanumeric LCD functions
                 ;#include <alcd.h>
                 ;#include <stdio.h>
                 ;// Declare your global variables here
                 ;
                 ;#define DATA_REGISTER_EMPTY (1<<UDRE)
                 ;#define RX_COMPLETE (1<<RXC)
                 ;#define FRAMING_ERROR (1<<FE)
                 ;#define PARITY_ERROR (1<<UPE)
                 ;#define DATA_OVERRUN (1<<DOR)
                 ;
                 ;// USART Receiver buffer
                 ;#define RX_BUFFER_SIZE 8
                 ;char rx_buffer[RX_BUFFER_SIZE];
                 ;void func2(char data);
                 ;#if RX_BUFFER_SIZE <= 256
                 ;unsigned char rx_wr_index=0,rx_rd_index=0;
                 ;#else
                 ;unsigned int rx_wr_index=0,rx_rd_index=0;
                 ;#endif
                 ;
                 ;#if RX_BUFFER_SIZE < 256
                 ;unsigned char rx_counter=0;
                 ;#else
                 ;unsigned int rx_counter=0;
                 ;#endif
                 ;
                 ;// This flag is set on USART Receiver buffer overflow
                 ;bit rx_buffer_overflow;
                 ;
                 ;// USART Receiver interrupt service routine
                 ;interrupt [USART_RXC] void usart_rx_isr(void)
                 ; 0000 003A {
                 
                 	.CSEG
                 _usart_rx_isr:
                 ; .FSTART _usart_rx_isr
0000c4 93ea      	ST   -Y,R30
0000c5 93fa      	ST   -Y,R31
0000c6 b7ef      	IN   R30,SREG
0000c7 93ea      	ST   -Y,R30
                 ; 0000 003B char status,data;
                 ; 0000 003C status=UCSRA;
0000c8 931a      	ST   -Y,R17
0000c9 930a      	ST   -Y,R16
                 ;	status -> R17
                 ;	data -> R16
0000ca b11b      	IN   R17,11
                 ; 0000 003D data=UDR;
0000cb b10c      	IN   R16,12
                 ; 0000 003E if ((status & (FRAMING_ERROR | PARITY_ERROR | DATA_OVERRUN))==0)
0000cc 2fe1      	MOV  R30,R17
0000cd 71ec      	ANDI R30,LOW(0x1C)
0000ce f489      	BRNE _0x3
                 ; 0000 003F    {
                 ; 0000 0040    rx_buffer[rx_wr_index++]=data;
0000cf 2de5      	MOV  R30,R5
0000d0 9453      	INC  R5
0000d1 e0f0      	LDI  R31,0
0000d2 59e1      	SUBI R30,LOW(-_rx_buffer)
0000d3 4ffe      	SBCI R31,HIGH(-_rx_buffer)
0000d4 8300      	ST   Z,R16
                 ; 0000 0041 #if RX_BUFFER_SIZE == 256
                 ; 0000 0042    // special case for receiver buffer size=256
                 ; 0000 0043    if (++rx_counter == 0) rx_buffer_overflow=1;
                 ; 0000 0044 #else
                 ; 0000 0045    if (rx_wr_index == RX_BUFFER_SIZE) rx_wr_index=0;
0000d5 e0e8      	LDI  R30,LOW(8)
0000d6 15e5      	CP   R30,R5
0000d7 f409      	BRNE _0x4
0000d8 2455      	CLR  R5
                 ; 0000 0046    if (++rx_counter == RX_BUFFER_SIZE)
                 _0x4:
0000d9 9473      	INC  R7
0000da e0e8      	LDI  R30,LOW(8)
0000db 15e7      	CP   R30,R7
0000dc f419      	BRNE _0x5
                 ; 0000 0047       {
                 ; 0000 0048       rx_counter=0;
0000dd 2477      	CLR  R7
                 ; 0000 0049       rx_buffer_overflow=1;
0000de 9468      	SET
0000df f820      	BLD  R2,0
                 ; 0000 004A       }
                 ; 0000 004B #endif
                 ; 0000 004C    }
                 _0x5:
                 ; 0000 004D }
                 _0x3:
0000e0 9109      	LD   R16,Y+
0000e1 9119      	LD   R17,Y+
0000e2 c025      	RJMP _0x23
                 ; .FEND
                 ;
                 ;#ifndef _DEBUG_TERMINAL_IO_
                 ;// Get a character from the USART Receiver buffer
                 ;#define _ALTERNATE_GETCHAR_
                 ;#pragma used+
                 ;char getchar(void)
                 ; 0000 0054 {
                 _getchar:
                 ; .FSTART _getchar
                 ; 0000 0055 char data;
                 ; 0000 0056 while (rx_counter==0);
0000e3 931a      	ST   -Y,R17
                 ;	data -> R17
                 _0x6:
0000e4 2077      	TST  R7
0000e5 f3f1      	BREQ _0x6
                 ; 0000 0057 data=rx_buffer[rx_rd_index++];
0000e6 2de4      	MOV  R30,R4
0000e7 9443      	INC  R4
0000e8 e0f0      	LDI  R31,0
0000e9 59e1      	SUBI R30,LOW(-_rx_buffer)
0000ea 4ffe      	SBCI R31,HIGH(-_rx_buffer)
0000eb 8110      	LD   R17,Z
                 ; 0000 0058 #if RX_BUFFER_SIZE != 256
                 ; 0000 0059 if (rx_rd_index == RX_BUFFER_SIZE) rx_rd_index=0;
0000ec e0e8      	LDI  R30,LOW(8)
0000ed 15e4      	CP   R30,R4
0000ee f409      	BRNE _0x9
0000ef 2444      	CLR  R4
                 ; 0000 005A #endif
                 ; 0000 005B #asm("cli")
                 _0x9:
0000f0 94f8      	cli
                 ; 0000 005C --rx_counter;
0000f1 947a      	DEC  R7
                 ; 0000 005D #asm("sei")
0000f2 9478      	sei
                 ; 0000 005E return data;
0000f3 2fe1      	MOV  R30,R17
0000f4 9119      	LD   R17,Y+
0000f5 9508      	RET
                 ; 0000 005F }
                 ; .FEND
                 ;#pragma used-
                 ;#endif
                 ;
                 ;// USART Transmitter buffer
                 ;#define TX_BUFFER_SIZE 8
                 ;char tx_buffer[TX_BUFFER_SIZE];
                 ;
                 ;#if TX_BUFFER_SIZE <= 256
                 ;unsigned char tx_wr_index=0,tx_rd_index=0;
                 ;#else
                 ;unsigned int tx_wr_index=0,tx_rd_index=0;
                 ;#endif
                 ;
                 ;#if TX_BUFFER_SIZE < 256
                 ;unsigned char tx_counter=0;
                 ;#else
                 ;unsigned int tx_counter=0;
                 ;#endif
                 ;
                 ;// USART Transmitter interrupt service routine
                 ;interrupt [USART_TXC] void usart_tx_isr(void)
                 ; 0000 0075 {
                 _usart_tx_isr:
                 ; .FSTART _usart_tx_isr
0000f6 93ea      	ST   -Y,R30
0000f7 93fa      	ST   -Y,R31
0000f8 b7ef      	IN   R30,SREG
0000f9 93ea      	ST   -Y,R30
                 ; 0000 0076 if (tx_counter)
0000fa 2088      	TST  R8
0000fb f061      	BREQ _0xA
                 ; 0000 0077    {
                 ; 0000 0078    --tx_counter;
0000fc 948a      	DEC  R8
                 ; 0000 0079    UDR=tx_buffer[tx_rd_index++];
0000fd 2de9      	MOV  R30,R9
0000fe 9493      	INC  R9
0000ff e0f0      	LDI  R31,0
000100 58e9      	SUBI R30,LOW(-_tx_buffer)
000101 4ffe      	SBCI R31,HIGH(-_tx_buffer)
000102 81e0      	LD   R30,Z
000103 b9ec      	OUT  0xC,R30
                 ; 0000 007A #if TX_BUFFER_SIZE != 256
                 ; 0000 007B    if (tx_rd_index == TX_BUFFER_SIZE) tx_rd_index=0;
000104 e0e8      	LDI  R30,LOW(8)
000105 15e9      	CP   R30,R9
000106 f409      	BRNE _0xB
000107 2499      	CLR  R9
                 ; 0000 007C #endif
                 ; 0000 007D    }
                 _0xB:
                 ; 0000 007E }
                 _0xA:
                 _0x23:
000108 91e9      	LD   R30,Y+
000109 bfef      	OUT  SREG,R30
00010a 91f9      	LD   R31,Y+
00010b 91e9      	LD   R30,Y+
00010c 9518      	RETI
                 ; .FEND
                 ;
                 ;#ifndef _DEBUG_TERMINAL_IO_
                 ;// Write a character to the USART Transmitter buffer
                 ;#define _ALTERNATE_PUTCHAR_
                 ;#pragma used+
                 ;void putchar(char c)
                 ; 0000 0085 {
                 _putchar:
                 ; .FSTART _putchar
                 ; 0000 0086 while (tx_counter == TX_BUFFER_SIZE);
00010d 93aa      	ST   -Y,R26
                 ;	c -> Y+0
                 _0xC:
00010e e0e8      	LDI  R30,LOW(8)
00010f 15e8      	CP   R30,R8
000110 f3e9      	BREQ _0xC
                 ; 0000 0087 #asm("cli")
000111 94f8      	cli
                 ; 0000 0088 if (tx_counter || ((UCSRA & DATA_REGISTER_EMPTY)==0))
000112 2088      	TST  R8
000113 f411      	BRNE _0x10
000114 995d      	SBIC 0xB,5
000115 c00d      	RJMP _0xF
                 _0x10:
                 ; 0000 0089    {
                 ; 0000 008A    tx_buffer[tx_wr_index++]=c;
000116 2de6      	MOV  R30,R6
000117 9463      	INC  R6
000118 e0f0      	LDI  R31,0
000119 58e9      	SUBI R30,LOW(-_tx_buffer)
00011a 4ffe      	SBCI R31,HIGH(-_tx_buffer)
00011b 81a8      	LD   R26,Y
00011c 83a0      	STD  Z+0,R26
                 ; 0000 008B #if TX_BUFFER_SIZE != 256
                 ; 0000 008C    if (tx_wr_index == TX_BUFFER_SIZE) tx_wr_index=0;
00011d e0e8      	LDI  R30,LOW(8)
00011e 15e6      	CP   R30,R6
00011f f409      	BRNE _0x12
000120 2466      	CLR  R6
                 ; 0000 008D #endif
                 ; 0000 008E    ++tx_counter;
                 _0x12:
000121 9483      	INC  R8
                 ; 0000 008F    }
                 ; 0000 0090 else
000122 c002      	RJMP _0x13
                 _0xF:
                 ; 0000 0091    UDR=c;
000123 81e8      	LD   R30,Y
000124 b9ec      	OUT  0xC,R30
                 ; 0000 0092 #asm("sei")
                 _0x13:
000125 9478      	sei
                 ; 0000 0093 }
000126 940c 020f 	JMP  _0x2080002
                 ; .FEND
                 ;#pragma used-
                 ;#endif
                 ;
                 ;// Standard Input/Output functions
                 ;#include <stdio.h>
                 ;
                 ;void main(void)
                 ; 0000 009B {char data;
                 _main:
                 ; .FSTART _main
                 ; 0000 009C // Declare your local variables here
                 ; 0000 009D 
                 ; 0000 009E // Input/Output Ports initialization
                 ; 0000 009F // Port A initialization
                 ; 0000 00A0 // Function: Bit7=In Bit6=In Bit5=In Bit4=In Bit3=In Bit2=In Bit1=In Bit0=In
                 ; 0000 00A1 DDRA=(0<<DDA7) | (0<<DDA6) | (0<<DDA5) | (0<<DDA4) | (0<<DDA3) | (0<<DDA2) | (0<<DDA1) | (0<<DDA0);
                 ;	data -> R17
000128 e0e0      	LDI  R30,LOW(0)
000129 bbea      	OUT  0x1A,R30
                 ; 0000 00A2 // State: Bit7=T Bit6=T Bit5=T Bit4=T Bit3=T Bit2=T Bit1=T Bit0=T
                 ; 0000 00A3 PORTA=(0<<PORTA7) | (0<<PORTA6) | (0<<PORTA5) | (0<<PORTA4) | (0<<PORTA3) | (0<<PORTA2) | (0<<PORTA1) | (0<<PORTA0);
00012a bbeb      	OUT  0x1B,R30
                 ; 0000 00A4 
                 ; 0000 00A5 // Port B initialization
                 ; 0000 00A6 // Function: Bit7=In Bit6=In Bit5=In Bit4=In Bit3=In Bit2=In Bit1=In Bit0=In
                 ; 0000 00A7 DDRB=(0<<DDB7) | (0<<DDB6) | (0<<DDB5) | (0<<DDB4) | (0<<DDB3) | (0<<DDB2) | (0<<DDB1) | (0<<DDB0);
00012b bbe7      	OUT  0x17,R30
                 ; 0000 00A8 // State: Bit7=T Bit6=T Bit5=T Bit4=T Bit3=T Bit2=T Bit1=T Bit0=T
                 ; 0000 00A9 PORTB=(0<<PORTB7) | (0<<PORTB6) | (0<<PORTB5) | (0<<PORTB4) | (0<<PORTB3) | (0<<PORTB2) | (0<<PORTB1) | (0<<PORTB0);
00012c bbe8      	OUT  0x18,R30
                 ; 0000 00AA 
                 ; 0000 00AB // Port C initialization
                 ; 0000 00AC // Function: Bit7=In Bit6=In Bit5=In Bit4=In Bit3=In Bit2=In Bit1=In Bit0=In
                 ; 0000 00AD DDRC=(0<<DDC7) | (0<<DDC6) | (0<<DDC5) | (0<<DDC4) | (0<<DDC3) | (0<<DDC2) | (0<<DDC1) | (0<<DDC0);
00012d bbe4      	OUT  0x14,R30
                 ; 0000 00AE // State: Bit7=T Bit6=T Bit5=T Bit4=T Bit3=T Bit2=T Bit1=T Bit0=T
                 ; 0000 00AF PORTC=(0<<PORTC7) | (0<<PORTC6) | (0<<PORTC5) | (0<<PORTC4) | (0<<PORTC3) | (0<<PORTC2) | (0<<PORTC1) | (0<<PORTC0);
00012e bbe5      	OUT  0x15,R30
                 ; 0000 00B0 
                 ; 0000 00B1 // Port D initialization
                 ; 0000 00B2 // Function: Bit7=In Bit6=In Bit5=In Bit4=In Bit3=In Bit2=In Bit1=In Bit0=In
                 ; 0000 00B3 DDRD=(0<<DDD7) | (0<<DDD6) | (0<<DDD5) | (0<<DDD4) | (0<<DDD3) | (0<<DDD2) | (0<<DDD1) | (0<<DDD0);
00012f bbe1      	OUT  0x11,R30
                 ; 0000 00B4 // State: Bit7=T Bit6=T Bit5=T Bit4=T Bit3=T Bit2=T Bit1=T Bit0=T
                 ; 0000 00B5 PORTD=(0<<PORTD7) | (0<<PORTD6) | (0<<PORTD5) | (0<<PORTD4) | (0<<PORTD3) | (0<<PORTD2) | (0<<PORTD1) | (0<<PORTD0);
000130 bbe2      	OUT  0x12,R30
                 ; 0000 00B6 
                 ; 0000 00B7 // USART initialization
                 ; 0000 00B8 // Communication Parameters: 8 Data, 1 Stop, No Parity
                 ; 0000 00B9 // USART Receiver: On
                 ; 0000 00BA // USART Transmitter: On
                 ; 0000 00BB // USART Mode: Asynchronous
                 ; 0000 00BC // USART Baud Rate: 9600
                 ; 0000 00BD UCSRA=(0<<RXC) | (0<<TXC) | (0<<UDRE) | (0<<FE) | (0<<DOR) | (0<<UPE) | (0<<U2X) | (0<<MPCM);
000131 b9eb      	OUT  0xB,R30
                 ; 0000 00BE UCSRB=(1<<RXCIE) | (1<<TXCIE) | (0<<UDRIE) | (1<<RXEN) | (1<<TXEN) | (0<<UCSZ2) | (0<<RXB8) | (0<<TXB8);
000132 ede8      	LDI  R30,LOW(216)
000133 b9ea      	OUT  0xA,R30
                 ; 0000 00BF UCSRC=(1<<URSEL) | (0<<UMSEL) | (0<<UPM1) | (0<<UPM0) | (0<<USBS) | (1<<UCSZ1) | (1<<UCSZ0) | (0<<UCPOL);
000134 e8e6      	LDI  R30,LOW(134)
000135 bde0      	OUT  0x20,R30
                 ; 0000 00C0 UBRRH=0x00;
000136 e0e0      	LDI  R30,LOW(0)
000137 bde0      	OUT  0x20,R30
                 ; 0000 00C1 UBRRL=0x33;
000138 e3e3      	LDI  R30,LOW(51)
000139 b9e9      	OUT  0x9,R30
                 ; 0000 00C2 
                 ; 0000 00C3 // Alphanumeric LCD initialization
                 ; 0000 00C4 // Connections are specified in the
                 ; 0000 00C5 // Project|Configure|C Compiler|Libraries|Alphanumeric LCD menu:
                 ; 0000 00C6 // RS - PORTC Bit 0
                 ; 0000 00C7 // RD - PORTC Bit 1
                 ; 0000 00C8 // EN - PORTC Bit 2
                 ; 0000 00C9 // D4 - PORTC Bit 4
                 ; 0000 00CA // D5 - PORTC Bit 5
                 ; 0000 00CB // D6 - PORTC Bit 6
                 ; 0000 00CC // D7 - PORTC Bit 7
                 ; 0000 00CD // Characters/line: 16
                 ; 0000 00CE lcd_init(16);
00013a e1a0      	LDI  R26,LOW(16)
00013b d0a7      	RCALL _lcd_init
                 ; 0000 00CF 
                 ; 0000 00D0 // Global enable interrupts
                 ; 0000 00D1 #asm("sei")
00013c 9478      	sei
                 ; 0000 00D2 
                 ; 0000 00D3 while (1)
                 _0x14:
                 ; 0000 00D4       {
                 ; 0000 00D5      data = getchar();
00013d dfa5      	RCALL _getchar
00013e 2f1e      	MOV  R17,R30
                 ; 0000 00D6      func2(data);
00013f 2fa1      	MOV  R26,R17
000140 d002      	RCALL _func2
                 ; 0000 00D7 
                 ; 0000 00D8 
                 ; 0000 00D9       }
000141 cffb      	RJMP _0x14
                 ; 0000 00DA }
                 _0x17:
000142 cfff      	RJMP _0x17
                 ; .FEND
                 ;
                 ;void func2(char data){
                 ; 0000 00DC void func2(char data){
                 _func2:
                 ; .FSTART _func2
                 ; 0000 00DD 
                 ; 0000 00DE            if (data >= '0' && data<='9'){
000143 93aa      	ST   -Y,R26
                 ;	data -> Y+0
000144 81a8      	LD   R26,Y
000145 33a0      	CPI  R26,LOW(0x30)
000146 f010      	BRLO _0x19
000147 33aa      	CPI  R26,LOW(0x3A)
000148 f008      	BRLO _0x1A
                 _0x19:
000149 c015      	RJMP _0x18
                 _0x1A:
                 ; 0000 00DF         printf("Tx:%c\r\n",data);
                +
00014a e6ee     +LDI R30 , LOW ( 2 * _0x0 + ( 0 ) )
00014b e0f0     +LDI R31 , HIGH ( 2 * _0x0 + ( 0 ) )
                 	__POINTW1FN _0x0,0
00014c 940e 0391 	CALL SUBOPT_0x0
00014e 940e 039a 	CALL SUBOPT_0x1
                 ; 0000 00E0         printf("Rx: Data is a integer and 10 * %c=%c0\n\r", data,data);
                +
000150 e7e6     +LDI R30 , LOW ( 2 * _0x0 + ( 8 ) )
000151 e0f0     +LDI R31 , HIGH ( 2 * _0x0 + ( 8 ) )
                 	__POINTW1FN _0x0,8
000152 940e 0391 	CALL SUBOPT_0x0
000154 81ee      	LDD  R30,Y+6
000155 27ff      	CLR  R31
000156 2766      	CLR  R22
000157 2777      	CLR  R23
000158 940e 03f3 	CALL __PUTPARD1
00015a e088      	LDI  R24,8
00015b 940e 0353 	CALL _printf
00015d 962a      	ADIW R28,10
                 ; 0000 00E1         }
                 ; 0000 00E2      else if (data == 'D'){
00015e c025      	RJMP _0x1B
                 _0x18:
00015f 81a8      	LD   R26,Y
000160 34a4      	CPI  R26,LOW(0x44)
000161 f429      	BRNE _0x1C
                 ; 0000 00E3           lcd_clear();
000162 d04f      	RCALL _lcd_clear
                 ; 0000 00E4           lcd_puts("LCD Deleted!\n\r");
                +
000163 e6a0     +LDI R26 , LOW ( _0x1D + ( 0 ) )
000164 e0b1     +LDI R27 , HIGH ( _0x1D + ( 0 ) )
                 	__POINTW2MN _0x1D,0
000165 d06d      	RCALL _lcd_puts
                 ; 0000 00E5           }
                 ; 0000 00E6      else if (data == 'H')
000166 c01d      	RJMP _0x1E
                 _0x1C:
000167 81a8      	LD   R26,Y
000168 34a8      	CPI  R26,LOW(0x48)
000169 f429      	BRNE _0x1F
                 ; 0000 00E7         printf("********\r\nMicro Processor Lab IUT ********\n\r");
                +
00016a eaed     +LDI R30 , LOW ( 2 * _0x0 + ( 63 ) )
00016b e0f0     +LDI R31 , HIGH ( 2 * _0x0 + ( 63 ) )
                 	__POINTW1FN _0x0,63
00016c 940e 039f 	CALL SUBOPT_0x2
                 ; 0000 00E8      else if (data == 'E'){
00016e c015      	RJMP _0x20
                 _0x1F:
00016f 81a8      	LD   R26,Y
000170 34a5      	CPI  R26,LOW(0x45)
000171 f431      	BRNE _0x21
                 ; 0000 00E9         printf("Rx: End of the part\r\n");
                +
000172 edea     +LDI R30 , LOW ( 2 * _0x0 + ( 108 ) )
000173 e0f0     +LDI R31 , HIGH ( 2 * _0x0 + ( 108 ) )
                 	__POINTW1FN _0x0,108
000174 940e 039f 	CALL SUBOPT_0x2
                 ; 0000 00EA        #asm("cli");
000176 94f8      	cli
                 ; 0000 00EB         }
                 ; 0000 00EC      else {
000177 c00c      	RJMP _0x22
                 _0x21:
                 ; 0000 00ED         printf("Tx: %c\n\r",data);
                +
000178 efe0     +LDI R30 , LOW ( 2 * _0x0 + ( 130 ) )
000179 e0f0     +LDI R31 , HIGH ( 2 * _0x0 + ( 130 ) )
                 	__POINTW1FN _0x0,130
00017a 940e 0391 	CALL SUBOPT_0x0
00017c 940e 039a 	CALL SUBOPT_0x1
                 ; 0000 00EE         printf("Rx: input letter is %c\n\r",data);
                +
00017e efe9     +LDI R30 , LOW ( 2 * _0x0 + ( 139 ) )
00017f e0f0     +LDI R31 , HIGH ( 2 * _0x0 + ( 139 ) )
                 	__POINTW1FN _0x0,139
000180 940e 0391 	CALL SUBOPT_0x0
000182 940e 039a 	CALL SUBOPT_0x1
                 ; 0000 00EF         }
                 _0x22:
                 _0x20:
                 _0x1E:
                 _0x1B:
                 ; 0000 00F0 
                 ; 0000 00F1 
                 ; 0000 00F2 }
000184 c08a      	RJMP _0x2080002
                 ; .FEND
                 
                 	.DSEG
                 _0x1D:
000160           	.BYTE 0xF
                 	#ifndef __SLEEP_DEFINED__
                 	#endif
                 
                 	.DSEG
                 
                 	.CSEG
                 __lcd_write_nibble_G100:
                 ; .FSTART __lcd_write_nibble_G100
000185 93aa      	ST   -Y,R26
000186 b3e5      	IN   R30,0x15
000187 70ef      	ANDI R30,LOW(0xF)
000188 2fae      	MOV  R26,R30
000189 81e8      	LD   R30,Y
00018a 7fe0      	ANDI R30,LOW(0xF0)
00018b 2bea      	OR   R30,R26
00018c bbe5      	OUT  0x15,R30
                +
00018d e08d     +LDI R24 , LOW ( 13 )
                +__DELAY_USB_LOOP :
00018e 958a     +DEC R24
00018f f7f1     +BRNE __DELAY_USB_LOOP
                 	__DELAY_USB 13
000190 9aaa      	SBI  0x15,2
                +
000191 e08d     +LDI R24 , LOW ( 13 )
                +__DELAY_USB_LOOP :
000192 958a     +DEC R24
000193 f7f1     +BRNE __DELAY_USB_LOOP
                 	__DELAY_USB 13
000194 98aa      	CBI  0x15,2
                +
000195 e08d     +LDI R24 , LOW ( 13 )
                +__DELAY_USB_LOOP :
000196 958a     +DEC R24
000197 f7f1     +BRNE __DELAY_USB_LOOP
                 	__DELAY_USB 13
000198 c076      	RJMP _0x2080002
                 ; .FEND
                 __lcd_write_data:
                 ; .FSTART __lcd_write_data
000199 93aa      	ST   -Y,R26
00019a 81a8      	LD   R26,Y
00019b dfe9      	RCALL __lcd_write_nibble_G100
00019c 81e8          ld    r30,y
00019d 95e2          swap  r30
00019e 83e8          st    y,r30
00019f 81a8      	LD   R26,Y
0001a0 dfe4      	RCALL __lcd_write_nibble_G100
                +
0001a1 e885     +LDI R24 , LOW ( 133 )
                +__DELAY_USB_LOOP :
0001a2 958a     +DEC R24
0001a3 f7f1     +BRNE __DELAY_USB_LOOP
                 	__DELAY_USB 133
0001a4 c06a      	RJMP _0x2080002
                 ; .FEND
                 _lcd_gotoxy:
                 ; .FSTART _lcd_gotoxy
0001a5 93aa      	ST   -Y,R26
0001a6 81e8      	LD   R30,Y
0001a7 e0f0      	LDI  R31,0
0001a8 58e1      	SUBI R30,LOW(-__base_y_G100)
0001a9 4ffe      	SBCI R31,HIGH(-__base_y_G100)
0001aa 81e0      	LD   R30,Z
0001ab 81a9      	LDD  R26,Y+1
0001ac 0fae      	ADD  R26,R30
0001ad dfeb      	RCALL __lcd_write_data
0001ae 80b9      	LDD  R11,Y+1
0001af 80a8      	LDD  R10,Y+0
0001b0 9622      	ADIW R28,2
0001b1 9508      	RET
                 ; .FEND
                 _lcd_clear:
                 ; .FSTART _lcd_clear
0001b2 e0a2      	LDI  R26,LOW(2)
0001b3 940e 03a6 	CALL SUBOPT_0x3
0001b5 e0ac      	LDI  R26,LOW(12)
0001b6 dfe2      	RCALL __lcd_write_data
0001b7 e0a1      	LDI  R26,LOW(1)
0001b8 940e 03a6 	CALL SUBOPT_0x3
0001ba e0e0      	LDI  R30,LOW(0)
0001bb 2eae      	MOV  R10,R30
0001bc 2ebe      	MOV  R11,R30
0001bd 9508      	RET
                 ; .FEND
                 _lcd_putchar:
                 ; .FSTART _lcd_putchar
0001be 93aa      	ST   -Y,R26
0001bf 81a8      	LD   R26,Y
0001c0 30aa      	CPI  R26,LOW(0xA)
0001c1 f011      	BREQ _0x2000005
0001c2 14bd      	CP   R11,R13
0001c3 f048      	BRLO _0x2000004
                 _0x2000005:
0001c4 e0e0      	LDI  R30,LOW(0)
0001c5 93ea      	ST   -Y,R30
0001c6 94a3      	INC  R10
0001c7 2daa      	MOV  R26,R10
0001c8 dfdc      	RCALL _lcd_gotoxy
0001c9 81a8      	LD   R26,Y
0001ca 30aa      	CPI  R26,LOW(0xA)
0001cb f409      	BRNE _0x2000007
0001cc c042      	RJMP _0x2080002
                 _0x2000007:
                 _0x2000004:
0001cd 94b3      	INC  R11
0001ce 9aa8      	SBI  0x15,0
0001cf 81a8      	LD   R26,Y
0001d0 dfc8      	RCALL __lcd_write_data
0001d1 98a8      	CBI  0x15,0
0001d2 c03c      	RJMP _0x2080002
                 ; .FEND
                 _lcd_puts:
                 ; .FSTART _lcd_puts
0001d3 93ba      	ST   -Y,R27
0001d4 93aa      	ST   -Y,R26
0001d5 931a      	ST   -Y,R17
                 _0x2000008:
0001d6 81a9      	LDD  R26,Y+1
0001d7 81ba      	LDD  R27,Y+1+1
0001d8 91ed      	LD   R30,X+
0001d9 83a9      	STD  Y+1,R26
0001da 83ba      	STD  Y+1+1,R27
0001db 2f1e      	MOV  R17,R30
0001dc 30e0      	CPI  R30,0
0001dd f019      	BREQ _0x200000A
0001de 2fa1      	MOV  R26,R17
0001df dfde      	RCALL _lcd_putchar
0001e0 cff5      	RJMP _0x2000008
                 _0x200000A:
0001e1 8118      	LDD  R17,Y+0
0001e2 c03a      	RJMP _0x2080001
                 ; .FEND
                 _lcd_init:
                 ; .FSTART _lcd_init
0001e3 93aa      	ST   -Y,R26
0001e4 b3e4      	IN   R30,0x14
0001e5 6fe0      	ORI  R30,LOW(0xF0)
0001e6 bbe4      	OUT  0x14,R30
0001e7 9aa2      	SBI  0x14,2
0001e8 9aa0      	SBI  0x14,0
0001e9 9aa1      	SBI  0x14,1
0001ea 98aa      	CBI  0x15,2
0001eb 98a8      	CBI  0x15,0
0001ec 98a9      	CBI  0x15,1
0001ed 80d8      	LDD  R13,Y+0
0001ee 81e8      	LD   R30,Y
0001ef 58e0      	SUBI R30,-LOW(128)
                +
0001f0 93e0 0181+STS __base_y_G100 + ( 2 ) , R30
                 	__PUTB1MN __base_y_G100,2
0001f2 81e8      	LD   R30,Y
0001f3 54e0      	SUBI R30,-LOW(192)
                +
0001f4 93e0 0182+STS __base_y_G100 + ( 3 ) , R30
                 	__PUTB1MN __base_y_G100,3
0001f6 e1a4      	LDI  R26,LOW(20)
0001f7 e0b0      	LDI  R27,0
0001f8 940e 03d9 	CALL _delay_ms
0001fa 940e 03ac 	CALL SUBOPT_0x4
0001fc 940e 03ac 	CALL SUBOPT_0x4
0001fe 940e 03ac 	CALL SUBOPT_0x4
000200 e2a0      	LDI  R26,LOW(32)
000201 df83      	RCALL __lcd_write_nibble_G100
                +
000202 ec88     +LDI R24 , LOW ( 200 )
000203 e090     +LDI R25 , HIGH ( 200 )
                +__DELAY_USW_LOOP :
000204 9701     +SBIW R24 , 1
000205 f7f1     +BRNE __DELAY_USW_LOOP
                 	__DELAY_USW 200
000206 e2a8      	LDI  R26,LOW(40)
000207 df91      	RCALL __lcd_write_data
000208 e0a4      	LDI  R26,LOW(4)
000209 df8f      	RCALL __lcd_write_data
00020a e8a5      	LDI  R26,LOW(133)
00020b df8d      	RCALL __lcd_write_data
00020c e0a6      	LDI  R26,LOW(6)
00020d df8b      	RCALL __lcd_write_data
00020e dfa3      	RCALL _lcd_clear
                 _0x2080002:
00020f 9621      	ADIW R28,1
000210 9508      	RET
                 ; .FEND
                 	#ifndef __SLEEP_DEFINED__
                 	#endif
                 
                 	.CSEG
                 _put_usart_G101:
                 ; .FSTART _put_usart_G101
000211 93ba      	ST   -Y,R27
000212 93aa      	ST   -Y,R26
000213 81aa      	LDD  R26,Y+2
000214 940e 010d 	CALL _putchar
000216 81a8      	LD   R26,Y
000217 81b9      	LDD  R27,Y+1
000218 91ed      	LD   R30,X+
000219 91fd      	LD   R31,X+
00021a 9631      	ADIW R30,1
00021b 93fe      	ST   -X,R31
00021c 93ee      	ST   -X,R30
                 _0x2080001:
00021d 9623      	ADIW R28,3
00021e 9508      	RET
                 ; .FEND
                 __print_G101:
                 ; .FSTART __print_G101
00021f 93ba      	ST   -Y,R27
000220 93aa      	ST   -Y,R26
000221 9726      	SBIW R28,6
000222 940e 03f8 	CALL __SAVELOCR6
000224 e010      	LDI  R17,0
000225 85ac      	LDD  R26,Y+12
000226 85bd      	LDD  R27,Y+12+1
000227 e0e0      	LDI  R30,LOW(0)
000228 e0f0      	LDI  R31,HIGH(0)
000229 93ed      	ST   X+,R30
00022a 93fc      	ST   X,R31
                 _0x2020016:
00022b 89ea      	LDD  R30,Y+18
00022c 89fb      	LDD  R31,Y+18+1
00022d 9631      	ADIW R30,1
00022e 8bea      	STD  Y+18,R30
00022f 8bfb      	STD  Y+18+1,R31
000230 9731      	SBIW R30,1
000231 91e4      	LPM  R30,Z
000232 2f2e      	MOV  R18,R30
000233 30e0      	CPI  R30,0
000234 f409      	BRNE PC+2
000235 c115      	RJMP _0x2020018
000236 2fe1      	MOV  R30,R17
000237 30e0      	CPI  R30,0
000238 f439      	BRNE _0x202001C
000239 3225      	CPI  R18,37
00023a f411      	BRNE _0x202001D
00023b e011      	LDI  R17,LOW(1)
00023c c002      	RJMP _0x202001E
                 _0x202001D:
00023d 940e 03b4 	CALL SUBOPT_0x5
                 _0x202001E:
00023f c10a      	RJMP _0x202001B
                 _0x202001C:
000240 30e1      	CPI  R30,LOW(0x1)
000241 f4a9      	BRNE _0x202001F
000242 3225      	CPI  R18,37
000243 f419      	BRNE _0x2020020
000244 940e 03b4 	CALL SUBOPT_0x5
000246 c102      	RJMP _0x20200CC
                 _0x2020020:
000247 e012      	LDI  R17,LOW(2)
000248 e040      	LDI  R20,LOW(0)
000249 e000      	LDI  R16,LOW(0)
00024a 322d      	CPI  R18,45
00024b f411      	BRNE _0x2020021
00024c e001      	LDI  R16,LOW(1)
00024d c0fc      	RJMP _0x202001B
                 _0x2020021:
00024e 322b      	CPI  R18,43
00024f f411      	BRNE _0x2020022
000250 e24b      	LDI  R20,LOW(43)
000251 c0f8      	RJMP _0x202001B
                 _0x2020022:
000252 3220      	CPI  R18,32
000253 f411      	BRNE _0x2020023
000254 e240      	LDI  R20,LOW(32)
000255 c0f4      	RJMP _0x202001B
                 _0x2020023:
000256 c002      	RJMP _0x2020024
                 _0x202001F:
000257 30e2      	CPI  R30,LOW(0x2)
000258 f439      	BRNE _0x2020025
                 _0x2020024:
000259 e050      	LDI  R21,LOW(0)
00025a e013      	LDI  R17,LOW(3)
00025b 3320      	CPI  R18,48
00025c f411      	BRNE _0x2020026
00025d 6800      	ORI  R16,LOW(128)
00025e c0eb      	RJMP _0x202001B
                 _0x2020026:
00025f c003      	RJMP _0x2020027
                 _0x2020025:
000260 30e3      	CPI  R30,LOW(0x3)
000261 f009      	BREQ PC+2
000262 c0e7      	RJMP _0x202001B
                 _0x2020027:
000263 3320      	CPI  R18,48
000264 f010      	BRLO _0x202002A
000265 332a      	CPI  R18,58
000266 f008      	BRLO _0x202002B
                 _0x202002A:
000267 c007      	RJMP _0x2020029
                 _0x202002B:
000268 e0aa      	LDI  R26,LOW(10)
000269 9f5a      	MUL  R21,R26
00026a 2d50      	MOV  R21,R0
00026b 2fe2      	MOV  R30,R18
00026c 53e0      	SUBI R30,LOW(48)
00026d 0f5e      	ADD  R21,R30
00026e c0db      	RJMP _0x202001B
                 _0x2020029:
00026f 2fe2      	MOV  R30,R18
000270 36e3      	CPI  R30,LOW(0x63)
000271 f449      	BRNE _0x202002F
000272 940e 03bb 	CALL SUBOPT_0x6
000274 89e8      	LDD  R30,Y+16
000275 89f9      	LDD  R31,Y+16+1
000276 81a4      	LDD  R26,Z+4
000277 93aa      	ST   -Y,R26
000278 940e 03c1 	CALL SUBOPT_0x7
00027a c0ce      	RJMP _0x2020030
                 _0x202002F:
00027b 37e3      	CPI  R30,LOW(0x73)
00027c f441      	BRNE _0x2020032
00027d 940e 03bb 	CALL SUBOPT_0x6
00027f 940e 03c7 	CALL SUBOPT_0x8
000281 940e 0378 	CALL _strlen
000283 2f1e      	MOV  R17,R30
000284 c00a      	RJMP _0x2020033
                 _0x2020032:
000285 37e0      	CPI  R30,LOW(0x70)
000286 f461      	BRNE _0x2020035
000287 940e 03bb 	CALL SUBOPT_0x6
000289 940e 03c7 	CALL SUBOPT_0x8
00028b 940e 0384 	CALL _strlenf
00028d 2f1e      	MOV  R17,R30
00028e 6008      	ORI  R16,LOW(8)
                 _0x2020033:
00028f 6002      	ORI  R16,LOW(2)
000290 770f      	ANDI R16,LOW(127)
000291 e030      	LDI  R19,LOW(0)
000292 c034      	RJMP _0x2020036
                 _0x2020035:
000293 36e4      	CPI  R30,LOW(0x64)
000294 f011      	BREQ _0x2020039
000295 36e9      	CPI  R30,LOW(0x69)
000296 f411      	BRNE _0x202003A
                 _0x2020039:
000297 6004      	ORI  R16,LOW(4)
000298 c002      	RJMP _0x202003B
                 _0x202003A:
000299 37e5      	CPI  R30,LOW(0x75)
00029a f431      	BRNE _0x202003C
                 _0x202003B:
00029b e5e4      	LDI  R30,LOW(_tbl10_G101*2)
00029c e0f0      	LDI  R31,HIGH(_tbl10_G101*2)
00029d 83ee      	STD  Y+6,R30
00029e 83ff      	STD  Y+6+1,R31
00029f e015      	LDI  R17,LOW(5)
0002a0 c00c      	RJMP _0x202003D
                 _0x202003C:
0002a1 35e8      	CPI  R30,LOW(0x58)
0002a2 f411      	BRNE _0x202003F
0002a3 6008      	ORI  R16,LOW(8)
0002a4 c003      	RJMP _0x2020040
                 _0x202003F:
0002a5 37e8      	CPI  R30,LOW(0x78)
0002a6 f009      	BREQ PC+2
0002a7 c0a1      	RJMP _0x2020071
                 _0x2020040:
0002a8 e5ee      	LDI  R30,LOW(_tbl16_G101*2)
0002a9 e0f0      	LDI  R31,HIGH(_tbl16_G101*2)
0002aa 83ee      	STD  Y+6,R30
0002ab 83ff      	STD  Y+6+1,R31
0002ac e014      	LDI  R17,LOW(4)
                 _0x202003D:
0002ad ff02      	SBRS R16,2
0002ae c014      	RJMP _0x2020042
0002af 940e 03bb 	CALL SUBOPT_0x6
0002b1 940e 03d1 	CALL SUBOPT_0x9
0002b3 85ab      	LDD  R26,Y+11
0002b4 23aa      	TST  R26
0002b5 f43a      	BRPL _0x2020043
0002b6 85ea      	LDD  R30,Y+10
0002b7 85fb      	LDD  R31,Y+10+1
0002b8 940e 03e7 	CALL __ANEGW1
0002ba 87ea      	STD  Y+10,R30
0002bb 87fb      	STD  Y+10+1,R31
0002bc e24d      	LDI  R20,LOW(45)
                 _0x2020043:
0002bd 3040      	CPI  R20,0
0002be f011      	BREQ _0x2020044
0002bf 5f1f      	SUBI R17,-LOW(1)
0002c0 c001      	RJMP _0x2020045
                 _0x2020044:
0002c1 7f0b      	ANDI R16,LOW(251)
                 _0x2020045:
0002c2 c004      	RJMP _0x2020046
                 _0x2020042:
0002c3 940e 03bb 	CALL SUBOPT_0x6
0002c5 940e 03d1 	CALL SUBOPT_0x9
                 _0x2020046:
                 _0x2020036:
0002c7 fd00      	SBRC R16,0
0002c8 c011      	RJMP _0x2020047
                 _0x2020048:
0002c9 1715      	CP   R17,R21
0002ca f478      	BRSH _0x202004A
0002cb ff07      	SBRS R16,7
0002cc c008      	RJMP _0x202004B
0002cd ff02      	SBRS R16,2
0002ce c004      	RJMP _0x202004C
0002cf 7f0b      	ANDI R16,LOW(251)
0002d0 2f24      	MOV  R18,R20
0002d1 5011      	SUBI R17,LOW(1)
0002d2 c001      	RJMP _0x202004D
                 _0x202004C:
0002d3 e320      	LDI  R18,LOW(48)
                 _0x202004D:
0002d4 c001      	RJMP _0x202004E
                 _0x202004B:
0002d5 e220      	LDI  R18,LOW(32)
                 _0x202004E:
0002d6 940e 03b4 	CALL SUBOPT_0x5
0002d8 5051      	SUBI R21,LOW(1)
0002d9 cfef      	RJMP _0x2020048
                 _0x202004A:
                 _0x2020047:
0002da 2f31      	MOV  R19,R17
0002db ff01      	SBRS R16,1
0002dc c017      	RJMP _0x202004F
                 _0x2020050:
0002dd 3030      	CPI  R19,0
0002de f0a1      	BREQ _0x2020052
0002df ff03      	SBRS R16,3
0002e0 c006      	RJMP _0x2020053
0002e1 81ee      	LDD  R30,Y+6
0002e2 81ff      	LDD  R31,Y+6+1
0002e3 9125      	LPM  R18,Z+
0002e4 83ee      	STD  Y+6,R30
0002e5 83ff      	STD  Y+6+1,R31
0002e6 c005      	RJMP _0x2020054
                 _0x2020053:
0002e7 81ae      	LDD  R26,Y+6
0002e8 81bf      	LDD  R27,Y+6+1
0002e9 912d      	LD   R18,X+
0002ea 83ae      	STD  Y+6,R26
0002eb 83bf      	STD  Y+6+1,R27
                 _0x2020054:
0002ec 940e 03b4 	CALL SUBOPT_0x5
0002ee 3050      	CPI  R21,0
0002ef f009      	BREQ _0x2020055
0002f0 5051      	SUBI R21,LOW(1)
                 _0x2020055:
0002f1 5031      	SUBI R19,LOW(1)
0002f2 cfea      	RJMP _0x2020050
                 _0x2020052:
0002f3 c04b      	RJMP _0x2020056
                 _0x202004F:
                 _0x2020058:
0002f4 e320      	LDI  R18,LOW(48)
0002f5 81ee      	LDD  R30,Y+6
0002f6 81ff      	LDD  R31,Y+6+1
0002f7 940e 03ef 	CALL __GETW1PF
0002f9 87e8      	STD  Y+8,R30
0002fa 87f9      	STD  Y+8+1,R31
0002fb 81ee      	LDD  R30,Y+6
0002fc 81ff      	LDD  R31,Y+6+1
0002fd 9632      	ADIW R30,2
0002fe 83ee      	STD  Y+6,R30
0002ff 83ff      	STD  Y+6+1,R31
                 _0x202005A:
000300 85e8      	LDD  R30,Y+8
000301 85f9      	LDD  R31,Y+8+1
000302 85aa      	LDD  R26,Y+10
000303 85bb      	LDD  R27,Y+10+1
000304 17ae      	CP   R26,R30
000305 07bf      	CPC  R27,R31
000306 f050      	BRLO _0x202005C
000307 5f2f      	SUBI R18,-LOW(1)
000308 85a8      	LDD  R26,Y+8
000309 85b9      	LDD  R27,Y+8+1
00030a 85ea      	LDD  R30,Y+10
00030b 85fb      	LDD  R31,Y+10+1
00030c 1bea      	SUB  R30,R26
00030d 0bfb      	SBC  R31,R27
00030e 87ea      	STD  Y+10,R30
00030f 87fb      	STD  Y+10+1,R31
000310 cfef      	RJMP _0x202005A
                 _0x202005C:
000311 332a      	CPI  R18,58
000312 f028      	BRLO _0x202005D
000313 ff03      	SBRS R16,3
000314 c002      	RJMP _0x202005E
000315 5f29      	SUBI R18,-LOW(7)
000316 c001      	RJMP _0x202005F
                 _0x202005E:
000317 5d29      	SUBI R18,-LOW(39)
                 _0x202005F:
                 _0x202005D:
000318 fd04      	SBRC R16,4
000319 c01a      	RJMP _0x2020061
00031a 3321      	CPI  R18,49
00031b f420      	BRSH _0x2020063
00031c 85a8      	LDD  R26,Y+8
00031d 85b9      	LDD  R27,Y+8+1
00031e 9711      	SBIW R26,1
00031f f409      	BRNE _0x2020062
                 _0x2020063:
000320 c009      	RJMP _0x20200CD
                 _0x2020062:
000321 1753      	CP   R21,R19
000322 f010      	BRLO _0x2020067
000323 ff00      	SBRS R16,0
000324 c001      	RJMP _0x2020068
                 _0x2020067:
000325 c013      	RJMP _0x2020066
                 _0x2020068:
000326 e220      	LDI  R18,LOW(32)
000327 ff07      	SBRS R16,7
000328 c00b      	RJMP _0x2020069
000329 e320      	LDI  R18,LOW(48)
                 _0x20200CD:
00032a 6100      	ORI  R16,LOW(16)
00032b ff02      	SBRS R16,2
00032c c007      	RJMP _0x202006A
00032d 7f0b      	ANDI R16,LOW(251)
00032e 934a      	ST   -Y,R20
00032f 940e 03c1 	CALL SUBOPT_0x7
000331 3050      	CPI  R21,0
000332 f009      	BREQ _0x202006B
000333 5051      	SUBI R21,LOW(1)
                 _0x202006B:
                 _0x202006A:
                 _0x2020069:
                 _0x2020061:
000334 940e 03b4 	CALL SUBOPT_0x5
000336 3050      	CPI  R21,0
000337 f009      	BREQ _0x202006C
000338 5051      	SUBI R21,LOW(1)
                 _0x202006C:
                 _0x2020066:
000339 5031      	SUBI R19,LOW(1)
00033a 85a8      	LDD  R26,Y+8
00033b 85b9      	LDD  R27,Y+8+1
00033c 9712      	SBIW R26,2
00033d f008      	BRLO _0x2020059
00033e cfb5      	RJMP _0x2020058
                 _0x2020059:
                 _0x2020056:
00033f ff00      	SBRS R16,0
000340 c008      	RJMP _0x202006D
                 _0x202006E:
000341 3050      	CPI  R21,0
000342 f031      	BREQ _0x2020070
000343 5051      	SUBI R21,LOW(1)
000344 e2e0      	LDI  R30,LOW(32)
000345 93ea      	ST   -Y,R30
000346 940e 03c1 	CALL SUBOPT_0x7
000348 cff8      	RJMP _0x202006E
                 _0x2020070:
                 _0x202006D:
                 _0x2020071:
                 _0x2020030:
                 _0x20200CC:
000349 e010      	LDI  R17,LOW(0)
                 _0x202001B:
00034a cee0      	RJMP _0x2020016
                 _0x2020018:
00034b 85ac      	LDD  R26,Y+12
00034c 85bd      	LDD  R27,Y+12+1
00034d 940e 03eb 	CALL __GETW1P
00034f 940e 03ff 	CALL __LOADLOCR6
000351 9664      	ADIW R28,20
000352 9508      	RET
                 ; .FEND
                 _printf:
                 ; .FSTART _printf
000353 92ff      	PUSH R15
000354 2ef8      	MOV  R15,R24
000355 9726      	SBIW R28,6
000356 931a      	ST   -Y,R17
000357 930a      	ST   -Y,R16
000358 01de      	MOVW R26,R28
000359 9614      	ADIW R26,4
00035a 940e 03e3 	CALL __ADDW2R15
00035c 018d      	MOVW R16,R26
00035d e0e0      	LDI  R30,LOW(0)
00035e 83ec      	STD  Y+4,R30
00035f 83ed      	STD  Y+4+1,R30
000360 83ee      	STD  Y+6,R30
000361 83ef      	STD  Y+6+1,R30
000362 01de      	MOVW R26,R28
000363 9618      	ADIW R26,8
000364 940e 03e3 	CALL __ADDW2R15
000366 940e 03eb 	CALL __GETW1P
000368 93fa      	ST   -Y,R31
000369 93ea      	ST   -Y,R30
00036a 931a      	ST   -Y,R17
00036b 930a      	ST   -Y,R16
00036c e1e1      	LDI  R30,LOW(_put_usart_G101)
00036d e0f2      	LDI  R31,HIGH(_put_usart_G101)
00036e 93fa      	ST   -Y,R31
00036f 93ea      	ST   -Y,R30
000370 01de      	MOVW R26,R28
000371 9618      	ADIW R26,8
000372 deac      	RCALL __print_G101
000373 8119      	LDD  R17,Y+1
000374 8108      	LDD  R16,Y+0
000375 9628      	ADIW R28,8
000376 90ff      	POP  R15
000377 9508      	RET
                 ; .FEND
                 
                 	.CSEG
                 
                 	.CSEG
                 _strlen:
                 ; .FSTART _strlen
000378 93ba      	ST   -Y,R27
000379 93aa      	ST   -Y,R26
00037a 91a9          ld   r26,y+
00037b 91b9          ld   r27,y+
00037c 27ee          clr  r30
00037d 27ff          clr  r31
                 strlen0:
00037e 916d          ld   r22,x+
00037f 2366          tst  r22
000380 f011          breq strlen1
000381 9631          adiw r30,1
000382 cffb          rjmp strlen0
                 strlen1:
000383 9508          ret
                 ; .FEND
                 _strlenf:
                 ; .FSTART _strlenf
000384 93ba      	ST   -Y,R27
000385 93aa      	ST   -Y,R26
000386 27aa          clr  r26
000387 27bb          clr  r27
000388 91e9          ld   r30,y+
000389 91f9          ld   r31,y+
                 strlenf0:
00038a 9005      	lpm  r0,z+
00038b 2000          tst  r0
00038c f011          breq strlenf1
00038d 9611          adiw r26,1
00038e cffb          rjmp strlenf0
                 strlenf1:
00038f 01fd          movw r30,r26
000390 9508          ret
                 ; .FEND
                 
                 	.DSEG
                 _rx_buffer:
00016f           	.BYTE 0x8
                 _tx_buffer:
000177           	.BYTE 0x8
                 __base_y_G100:
00017f           	.BYTE 0x4
                 
                 	.CSEG
                 ;OPTIMIZER ADDED SUBROUTINE, CALLED 4 TIMES, CODE SIZE REDUCTION:15 WORDS
                 SUBOPT_0x0:
000391 93fa      	ST   -Y,R31
000392 93ea      	ST   -Y,R30
000393 81ea      	LDD  R30,Y+2
000394 27ff      	CLR  R31
000395 2766      	CLR  R22
000396 2777      	CLR  R23
000397 940e 03f3 	CALL __PUTPARD1
000399 9508      	RET
                 
                 ;OPTIMIZER ADDED SUBROUTINE, CALLED 3 TIMES, CODE SIZE REDUCTION:1 WORDS
                 SUBOPT_0x1:
00039a e084      	LDI  R24,4
00039b 940e 0353 	CALL _printf
00039d 9626      	ADIW R28,6
00039e 9508      	RET
                 
                 ;OPTIMIZER ADDED SUBROUTINE, CALLED 2 TIMES, CODE SIZE REDUCTION:1 WORDS
                 SUBOPT_0x2:
00039f 93fa      	ST   -Y,R31
0003a0 93ea      	ST   -Y,R30
0003a1 e080      	LDI  R24,0
0003a2 940e 0353 	CALL _printf
0003a4 9622      	ADIW R28,2
0003a5 9508      	RET
                 
                 ;OPTIMIZER ADDED SUBROUTINE, CALLED 2 TIMES, CODE SIZE REDUCTION:1 WORDS
                 SUBOPT_0x3:
0003a6 940e 0199 	CALL __lcd_write_data
0003a8 e0a3      	LDI  R26,LOW(3)
0003a9 e0b0      	LDI  R27,0
0003aa 940c 03d9 	JMP  _delay_ms
                 
                 ;OPTIMIZER ADDED SUBROUTINE, CALLED 3 TIMES, CODE SIZE REDUCTION:7 WORDS
                 SUBOPT_0x4:
0003ac e3a0      	LDI  R26,LOW(48)
0003ad 940e 0185 	CALL __lcd_write_nibble_G100
                +
0003af ec88     +LDI R24 , LOW ( 200 )
0003b0 e090     +LDI R25 , HIGH ( 200 )
                +__DELAY_USW_LOOP :
0003b1 9701     +SBIW R24 , 1
0003b2 f7f1     +BRNE __DELAY_USW_LOOP
                 	__DELAY_USW 200
0003b3 9508      	RET
                 
                 ;OPTIMIZER ADDED SUBROUTINE, CALLED 5 TIMES, CODE SIZE REDUCTION:13 WORDS
                 SUBOPT_0x5:
0003b4 932a      	ST   -Y,R18
0003b5 85ad      	LDD  R26,Y+13
0003b6 85be      	LDD  R27,Y+13+1
0003b7 85ef      	LDD  R30,Y+15
0003b8 89f8      	LDD  R31,Y+15+1
0003b9 9509      	ICALL
0003ba 9508      	RET
                 
                 ;OPTIMIZER ADDED SUBROUTINE, CALLED 5 TIMES, CODE SIZE REDUCTION:9 WORDS
                 SUBOPT_0x6:
0003bb 89e8      	LDD  R30,Y+16
0003bc 89f9      	LDD  R31,Y+16+1
0003bd 9734      	SBIW R30,4
0003be 8be8      	STD  Y+16,R30
0003bf 8bf9      	STD  Y+16+1,R31
0003c0 9508      	RET
                 
                 ;OPTIMIZER ADDED SUBROUTINE, CALLED 3 TIMES, CODE SIZE REDUCTION:3 WORDS
                 SUBOPT_0x7:
0003c1 85ad      	LDD  R26,Y+13
0003c2 85be      	LDD  R27,Y+13+1
0003c3 85ef      	LDD  R30,Y+15
0003c4 89f8      	LDD  R31,Y+15+1
0003c5 9509      	ICALL
0003c6 9508      	RET
                 
                 ;OPTIMIZER ADDED SUBROUTINE, CALLED 2 TIMES, CODE SIZE REDUCTION:4 WORDS
                 SUBOPT_0x8:
0003c7 89a8      	LDD  R26,Y+16
0003c8 89b9      	LDD  R27,Y+16+1
0003c9 9614      	ADIW R26,4
0003ca 940e 03eb 	CALL __GETW1P
0003cc 83ee      	STD  Y+6,R30
0003cd 83ff      	STD  Y+6+1,R31
0003ce 81ae      	LDD  R26,Y+6
0003cf 81bf      	LDD  R27,Y+6+1
0003d0 9508      	RET
                 
                 ;OPTIMIZER ADDED SUBROUTINE, CALLED 2 TIMES, CODE SIZE REDUCTION:2 WORDS
                 SUBOPT_0x9:
0003d1 89a8      	LDD  R26,Y+16
0003d2 89b9      	LDD  R27,Y+16+1
0003d3 9614      	ADIW R26,4
0003d4 940e 03eb 	CALL __GETW1P
0003d6 87ea      	STD  Y+10,R30
0003d7 87fb      	STD  Y+10+1,R31
0003d8 9508      	RET
                 
                 
                 	.CSEG
                 _delay_ms:
0003d9 9610      	adiw r26,0
0003da f039      	breq __delay_ms1
                 __delay_ms0:
                +
0003db ed80     +LDI R24 , LOW ( 0x7D0 )
0003dc e097     +LDI R25 , HIGH ( 0x7D0 )
                +__DELAY_USW_LOOP :
0003dd 9701     +SBIW R24 , 1
0003de f7f1     +BRNE __DELAY_USW_LOOP
                 	__DELAY_USW 0x7D0
0003df 95a8      	wdr
0003e0 9711      	sbiw r26,1
0003e1 f7c9      	brne __delay_ms0
                 __delay_ms1:
0003e2 9508      	ret
                 
                 __ADDW2R15:
0003e3 2400      	CLR  R0
0003e4 0daf      	ADD  R26,R15
0003e5 1db0      	ADC  R27,R0
0003e6 9508      	RET
                 
                 __ANEGW1:
0003e7 95f1      	NEG  R31
0003e8 95e1      	NEG  R30
0003e9 40f0      	SBCI R31,0
0003ea 9508      	RET
                 
                 __GETW1P:
0003eb 91ed      	LD   R30,X+
0003ec 91fc      	LD   R31,X
0003ed 9711      	SBIW R26,1
0003ee 9508      	RET
                 
                 __GETW1PF:
0003ef 9005      	LPM  R0,Z+
0003f0 91f4      	LPM  R31,Z
0003f1 2de0      	MOV  R30,R0
0003f2 9508      	RET
                 
                 __PUTPARD1:
0003f3 937a      	ST   -Y,R23
0003f4 936a      	ST   -Y,R22
0003f5 93fa      	ST   -Y,R31
0003f6 93ea      	ST   -Y,R30
0003f7 9508      	RET
                 
                 __SAVELOCR6:
0003f8 935a      	ST   -Y,R21
                 __SAVELOCR5:
0003f9 934a      	ST   -Y,R20
                 __SAVELOCR4:
0003fa 933a      	ST   -Y,R19
                 __SAVELOCR3:
0003fb 932a      	ST   -Y,R18
                 __SAVELOCR2:
0003fc 931a      	ST   -Y,R17
0003fd 930a      	ST   -Y,R16
0003fe 9508      	RET
                 
                 __LOADLOCR6:
0003ff 815d      	LDD  R21,Y+5
                 __LOADLOCR5:
000400 814c      	LDD  R20,Y+4
                 __LOADLOCR4:
000401 813b      	LDD  R19,Y+3
                 __LOADLOCR3:
000402 812a      	LDD  R18,Y+2
                 __LOADLOCR2:
000403 8119      	LDD  R17,Y+1
000404 8108      	LD   R16,Y
000405 9508      	RET
                 
                 ;END OF CODE MARKER
                 __END_OF_CODE:


RESOURCE USE INFORMATION
------------------------

Notice:
The register and instruction counts are symbol table hit counts,
and hence implicitly used resources are not counted, eg, the
'lpm' instruction without operands implicitly uses r0 and z,
none of which are counted.

x,y,z are separate entities in the symbol table and are
counted separately from r26..r31 here.

.dseg memory usage only counts static data declared with .byte

ATmega16 register use summary:
r0 :  11 r1 :   1 r2 :   1 r3 :   0 r4 :   4 r5 :   4 r6 :   4 r7 :   5 
r8 :   5 r9 :   4 r10:   4 r11:   4 r12:   0 r13:   2 r14:   0 r15:   4 
r16:  34 r17:  33 r18:  27 r19:   8 r20:   9 r21:  17 r22:   7 r23:   3 
r24:  25 r25:   5 r26:  97 r27:  31 r28:  14 r29:   1 r30: 185 r31:  66 
x  :  14 y  : 178 z  :  18 
Registers used: 32 out of 35 (91.4%)

ATmega16 instruction use summary:
.lds  :   0 .lds.l:   0 .sts  :   0 .sts.l:   0 adc   :   1 add   :   3 
adiw  :  19 and   :   0 andi  :   7 asr   :   0 bclr  :   0 bld   :   1 
brbc  :   0 brbs  :   0 brcc  :   0 brcs  :   0 break :   0 breq  :  18 
brge  :   0 brhc  :   0 brhs  :   0 brid  :   0 brie  :   0 brlo  :   9 
brlt  :   0 brmi  :   0 brne  :  39 brpl  :   1 brsh  :   2 brtc  :   0 
brts  :   0 brvc  :   0 brvs  :   0 bset  :   0 bst   :   0 call  :  52 
cbi   :   5 cbr   :   0 clc   :   0 clh   :   0 cli   :   4 cln   :   0 
clr   :  18 cls   :   0 clt   :   0 clv   :   0 clz   :   0 com   :   0 
cp    :  10 cpc   :   1 cpi   :  37 cpse  :   0 dec   :   7 des   :   0 
eor   :   0 fmul  :   0 fmuls :   0 fmulsu:   0 icall :   2 ijmp  :   0 
in    :   6 inc   :   8 jmp   :  24 ld    :  38 ldd   :  66 ldi   : 102 
lds   :   0 lpm   :  14 lsl   :   0 lsr   :   0 mov   :  25 movw  :   8 
mul   :   1 muls  :   0 mulsu :   0 neg   :   2 nop   :   0 or    :   1 
ori   :   7 out   :  24 pop   :   1 push  :   1 rcall :  19 ret   :  26 
reti  :   1 rjmp  :  67 rol   :   0 ror   :   0 sbc   :   1 sbci  :   6 
sbi   :   5 sbic  :   1 sbis  :   0 sbiw  :  14 sbr   :   0 sbrc  :   2 
sbrs  :  10 sec   :   0 seh   :   0 sei   :   3 sen   :   0 ser   :   0 
ses   :   0 set   :   1 sev   :   0 sez   :   0 sleep :   0 spm   :   0 
st    :  63 std   :  31 sts   :   2 sub   :   1 subi  :  20 swap  :   1 
tst   :   6 wdr   :   1 
Instructions used: 56 out of 116 (48.3%)

ATmega16 memory use summary [bytes]:
Segment   Begin    End      Code   Data   Used    Size   Use%
---------------------------------------------------------------
[.cseg] 0x000000 0x00080c   1842    218   2060   16384  12.6%
[.dseg] 0x000060 0x000183      0     35     35    1024   3.4%
[.eseg] 0x000000 0x000000      0      0      0     512   0.0%

Assembly complete, 0 errors, 9 warnings
